{"numTotalTestSuites":72,"numPassedTestSuites":72,"numFailedTestSuites":0,"numPendingTestSuites":0,"numTotalTests":99,"numPassedTests":99,"numFailedTests":0,"numPendingTests":0,"numTodoTests":0,"snapshot":{"added":0,"failure":false,"filesAdded":0,"filesRemoved":0,"filesRemovedList":[],"filesUnmatched":0,"filesUpdated":0,"matched":0,"total":0,"unchecked":0,"uncheckedKeysByFile":[],"unmatched":0,"updated":0,"didUpdate":false},"startTime":1786667749103,"success":true,"testResults":[{"assertionResults":[{"ancestorTitles":["React patch store lifecycle (C1)"],"fullName":"React patch store lifecycle (C1) receives patches again after the last listener leaves and a new one arrives","status":"passed","title":"receives patches again after the last listener leaves and a new one arrives","duration":4.457506999999993,"failureMessages":[],"meta":{},"tags":[]},{"ancestorTitles":["React patch store lifecycle (C1)"],"fullName":"React patch store lifecycle (C1) survives a StrictMode-style double mount without duplicating deliveries","status":"passed","title":"survives a StrictMode-style double mount without duplicating deliveries","duration":0.8802090000000078,"failureMessages":[],"meta":{},"tags":[]}],"startTime":1786667751036,"endTime":1786667751041.8801,"status":"passed","message":"","name":"/home/runner/work/motion5/motion5/packages/react/test/patch-store-lifecycle.test.ts"},{"assertionResults":[{"ancestorTitles":["React patch consumer boundary"],"fullName":"React patch consumer boundary keeps one frozen snapshot per revision and unsubscribes cleanly","status":"passed","title":"keeps one frozen snapshot per revision and unsubscribes cleanly","duration":8.679930000000013,"failureMessages":[],"meta":{},"tags":[]}],"startTime":1786667751921,"endTime":1786667751929.68,"status":"passed","message":"","name":"/home/runner/work/motion5/motion5/packages/react/test/patch-store.test.ts"},{"assertionResults":[{"ancestorTitles":["React public hook render/update (C2)"],"fullName":"React public hook render/update (C2) renders the current patch and updates after publication","status":"passed","title":"renders the current patch and updates after publication","duration":17.16422399999999,"failureMessages":[],"meta":{},"tags":[]}],"startTime":1786667751975,"endTime":1786667751992.1643,"status":"passed","message":"","name":"/home/runner/work/motion5/motion5/packages/react/test/public-hook-render.test.ts"},{"assertionResults":[{"ancestorTitles":["React public surface (C2)"],"fullName":"React public surface (C2) exports a patch hook from the package entry","status":"passed","title":"exports a patch hook from the package entry","duration":1.693882000000002,"failureMessages":[],"meta":{},"tags":[]}],"startTime":1786667752435,"endTime":1786667752436.6938,"status":"passed","message":"","name":"/home/runner/work/motion5/motion5/packages/react/test/public-hook.test.ts"},{"assertionResults":[{"ancestorTitles":["React public package surface (C2)"],"fullName":"React public package surface (C2) renders and updates through the package entry alone","status":"passed","title":"renders and updates through the package entry alone","duration":20.083320000000015,"failureMessages":[],"meta":{},"tags":[]}],"startTime":1786667751068,"endTime":1786667751088.0833,"status":"passed","message":"","name":"/home/runner/work/motion5/motion5/packages/react/test/public-package-surface.test.ts"},{"assertionResults":[{"ancestorTitles":["adapter ports"],"fullName":"adapter ports compiles authored stops onto an adapter-owned proxy state","status":"passed","title":"compiles authored stops onto an adapter-owned proxy state","duration":7.054680999999988,"failureMessages":[],"meta":{},"tags":[]},{"ancestorTitles":["adapter ports"],"fullName":"adapter ports adapts a GSAP-like paused timeline without leaking the engine object","status":"passed","title":"adapts a GSAP-like paused timeline without leaking the engine object","duration":1.1367189999999994,"failureMessages":[],"meta":{},"tags":[]},{"ancestorTitles":["adapter ports"],"fullName":"adapter ports ticks through an injected frame source and cancels on dispose","status":"passed","title":"ticks through an injected frame source and cancels on dispose","duration":0.9329170000000317,"failureMessages":[],"meta":{},"tags":[]},{"ancestorTitles":["adapter ports"],"fullName":"adapter ports applies perspective once and never applies blocked patches","status":"passed","title":"applies perspective once and never applies blocked patches","duration":0.7980240000000549,"failureMessages":[],"meta":{},"tags":[]}],"startTime":1786667750291,"endTime":1786667750300.798,"status":"passed","message":"","name":"/home/runner/work/motion5/motion5/packages/core/test/contract/adapters.test.ts"},{"assertionResults":[{"ancestorTitles":["GSAP absolute multi-property stops (P0-3)"],"fullName":"GSAP absolute multi-property stops (P0-3) uses one shared paused timeline with independent absolute grids","status":"passed","title":"uses one shared paused timeline with independent absolute grids","duration":22.450292999999988,"failureMessages":[],"meta":{},"tags":[]},{"ancestorTitles":["GSAP absolute multi-property stops (P0-3)"],"fullName":"GSAP absolute multi-property stops (P0-3) preserves authored easing without resampling a linear sibling","status":"passed","title":"preserves authored easing without resampling a linear sibling","duration":1.6003469999999993,"failureMessages":[],"meta":{},"tags":[]},{"ancestorTitles":["GSAP absolute multi-property stops (P0-3)"],"fullName":"GSAP absolute multi-property stops (P0-3) uses tweenVars ease when a stop does not override it","status":"passed","title":"uses tweenVars ease when a stop does not override it","duration":0.5396000000000072,"failureMessages":[],"meta":{},"tags":[]}],"startTime":1786667750046,"endTime":1786667750071.5396,"status":"passed","message":"","name":"/home/runner/work/motion5/motion5/packages/core/test/contract/gsap-absolute-stops.test.ts"},{"assertionResults":[{"ancestorTitles":["GSAP authored-duration pinning (P0-3b)"],"fullName":"GSAP authored-duration pinning (P0-3b) keeps the authored duration when the last stop ends before the end","status":"passed","title":"keeps the authored duration when the last stop ends before the end","duration":5.114127999999994,"failureMessages":[],"meta":{},"tags":[]},{"ancestorTitles":["GSAP authored-duration pinning (P0-3b)"],"fullName":"GSAP authored-duration pinning (P0-3b) scales the shared tween by the configured track duration","status":"passed","title":"scales the shared tween by the configured track duration","duration":0.6364519999999629,"failureMessages":[],"meta":{},"tags":[]},{"ancestorTitles":["GSAP authored-duration pinning (P0-3b)"],"fullName":"GSAP authored-duration pinning (P0-3b) holds every property independently when grids end at different positions","status":"passed","title":"holds every property independently when grids end at different positions","duration":13.913967000000014,"failureMessages":[],"meta":{},"tags":[]},{"ancestorTitles":["GSAP authored-duration pinning (P0-3b)"],"fullName":"GSAP authored-duration pinning (P0-3b) reports the authored duration for a track with no authored stops","status":"passed","title":"reports the authored duration for a track with no authored stops","duration":0.6538150000000087,"failureMessages":[],"meta":{},"tags":[]},{"ancestorTitles":["GSAP authored-duration pinning (P0-3b)"],"fullName":"GSAP authored-duration pinning (P0-3b) uses one shared tween and never publishes GSAP bookkeeping","status":"passed","title":"uses one shared tween and never publishes GSAP bookkeeping","duration":3.0331299999999715,"failureMessages":[],"meta":{},"tags":[]}],"startTime":1786667750007,"endTime":1786667750030.0332,"status":"passed","message":"","name":"/home/runner/work/motion5/motion5/packages/core/test/contract/gsap-authored-duration.test.ts"},{"assertionResults":[{"ancestorTitles":["GSAP multi-stop compilation (B2)"],"fullName":"GSAP multi-stop compilation (B2) interpolates authored stops at 0, 0.5, and 1 using real GSAP state","status":"passed","title":"interpolates authored stops at 0, 0.5, and 1 using real GSAP state","duration":7.320930000000033,"failureMessages":[],"meta":{},"tags":[]}],"startTime":1786667752310,"endTime":1786667752317.321,"status":"passed","message":"","name":"/home/runner/work/motion5/motion5/packages/core/test/contract/gsap-multi-stop.test.ts"},{"assertionResults":[{"ancestorTitles":["GSAP interpolator clock ownership (P0-2)"],"fullName":"GSAP interpolator clock ownership (P0-2) creates a paused parent timeline so the project clock is the only clock owner","status":"passed","title":"creates a paused parent timeline so the project clock is the only clock owner","duration":3.7101769999999874,"failureMessages":[],"meta":{},"tags":[]},{"ancestorTitles":["GSAP interpolator clock ownership (P0-2)"],"fullName":"GSAP interpolator clock ownership (P0-2) is paused according to real GSAP, not according to the fixture","status":"passed","title":"is paused according to real GSAP, not according to the fixture","duration":3.0904179999999997,"failureMessages":[],"meta":{},"tags":[]}],"startTime":1786667751641,"endTime":1786667751647.0903,"status":"passed","message":"","name":"/home/runner/work/motion5/motion5/packages/core/test/contract/gsap-paused-timeline.test.ts"},{"assertionResults":[{"ancestorTitles":["S2 sparse percent-keyframe compilation"],"fullName":"S2 sparse percent-keyframe compilation does not inject sibling or boundary properties into authored percent entries","status":"passed","title":"does not inject sibling or boundary properties into authored percent entries","duration":17.226911,"failureMessages":[],"meta":{},"tags":[]},{"ancestorTitles":["S2 sparse percent-keyframe compilation"],"fullName":"S2 sparse percent-keyframe compilation preserves authored ease without injecting ease none","status":"passed","title":"preserves authored ease without injecting ease none","duration":1.0352790000000027,"failureMessages":[],"meta":{},"tags":[]},{"ancestorTitles":["S2 sparse percent-keyframe compilation"],"fullName":"S2 sparse percent-keyframe compilation returns a structured ease-collision diagnostic with sorted property ids","status":"passed","title":"returns a structured ease-collision diagnostic with sorted property ids","duration":0.5722310000000164,"failureMessages":[],"meta":{},"tags":[]}],"startTime":1786667751015,"endTime":1786667751033.5723,"status":"passed","message":"","name":"/home/runner/work/motion5/motion5/packages/core/test/contract/gsap-sparse-percent-map.test.ts"},{"assertionResults":[{"ancestorTitles":["Clock port contract"],"fullName":"Clock port contract emits monotonic ticks and accumulated time","status":"passed","title":"emits monotonic ticks and accumulated time","duration":3.450210999999996,"failureMessages":[],"meta":{},"tags":[]},{"ancestorTitles":["Clock port contract"],"fullName":"Clock port contract unsubscribes and rejects invalid deltas","status":"passed","title":"unsubscribes and rejects invalid deltas","duration":0.9283489999999972,"failureMessages":[],"meta":{},"tags":[]},{"ancestorTitles":["Interpolator port contract"],"fullName":"Interpolator port contract exposes deterministic adapter-owned state for authored stops","status":"passed","title":"exposes deterministic adapter-owned state for authored stops","duration":1.2214680000000158,"failureMessages":[],"meta":{},"tags":[]},{"ancestorTitles":["Interpolator port contract"],"fullName":"Interpolator port contract creates a controllable timeline and kills it","status":"passed","title":"creates a controllable timeline and kills it","duration":1.433665000000019,"failureMessages":[],"meta":{},"tags":[]},{"ancestorTitles":["Scheduler port contract"],"fullName":"Scheduler port contract runs pending jobs and supports cancellation","status":"passed","title":"runs pending jobs and supports cancellation","duration":0.5069699999999955,"failureMessages":[],"meta":{},"tags":[]}],"startTime":1786667751251,"endTime":1786667751259.507,"status":"passed","message":"","name":"/home/runner/work/motion5/motion5/packages/core/test/contract/ports.test.ts"},{"assertionResults":[{"ancestorTitles":["S4 single authored-stop validator"],"fullName":"S4 single authored-stop validator exports the shared validator and reports authored missing-boundary warnings","status":"passed","title":"exports the shared validator and reports authored missing-boundary warnings","duration":3.8102750000000185,"failureMessages":[],"meta":{},"tags":[]},{"ancestorTitles":["S4 single authored-stop validator"],"fullName":"S4 single authored-stop validator uses the same validation rules for contributed properties with a namespaced prefix","status":"passed","title":"uses the same validation rules for contributed properties with a namespaced prefix","duration":0.8360360000000071,"failureMessages":[],"meta":{},"tags":[]}],"startTime":1786667751774,"endTime":1786667751778.836,"status":"passed","message":"","name":"/home/runner/work/motion5/motion5/packages/core/test/contract/s4-validation-owner.test.ts"},{"assertionResults":[{"ancestorTitles":["schema v5 validator"],"fullName":"schema v5 validator accepts the minimal v5 project","status":"passed","title":"accepts the minimal v5 project","duration":7.057757999999978,"failureMessages":[],"meta":{},"tags":[]},{"ancestorTitles":["schema v5 validator"],"fullName":"schema v5 validator rejects malformed, non-finite, out-of-range, non-monotonic, and duplicate stops","status":"passed","title":"rejects malformed, non-finite, out-of-range, non-monotonic, and duplicate stops","duration":2.2183650000000057,"failureMessages":[],"meta":{},"tags":[]},{"ancestorTitles":["schema v5 validator"],"fullName":"schema v5 validator warns when a property does not cover both interpolation endpoints","status":"passed","title":"warns when a property does not cover both interpolation endpoints","duration":1.4406290000000013,"failureMessages":[],"meta":{},"tags":[]},{"ancestorTitles":["schema v5 validator"],"fullName":"schema v5 validator rejects v4 and reports the schema path","status":"passed","title":"rejects v4 and reports the schema path","duration":1.240634,"failureMessages":[],"meta":{},"tags":[]},{"ancestorTitles":["schema v5 validator"],"fullName":"schema v5 validator accepts perspective for 3D content and rejects invalid perspective","status":"passed","title":"accepts perspective for 3D content and rejects invalid perspective","duration":0.7967820000000074,"failureMessages":[],"meta":{},"tags":[]},{"ancestorTitles":["schema v5 validator"],"fullName":"schema v5 validator warns, but does not reject, 3D content without perspective","status":"passed","title":"warns, but does not reject, 3D content without perspective","duration":0.7136670000000436,"failureMessages":[],"meta":{},"tags":[]},{"ancestorTitles":["schema v5 validator"],"fullName":"schema v5 validator rejects duplicate ids, invalid triggers, and malformed freeTracks","status":"passed","title":"rejects duplicate ids, invalid triggers, and malformed freeTracks","duration":0.560890000000029,"failureMessages":[],"meta":{},"tags":[]},{"ancestorTitles":["schema v5 validator"],"fullName":"schema v5 validator rejects invalid observation roles, unknown sources, self references, and cycles","status":"passed","title":"rejects invalid observation roles, unknown sources, self references, and cycles","duration":1.1757220000000075,"failureMessages":[],"meta":{},"tags":[]},{"ancestorTitles":["schema v5 validator"],"fullName":"schema v5 validator accepts free-track references in the reserved namespace","status":"passed","title":"accepts free-track references in the reserved namespace","duration":1.0024980000000028,"failureMessages":[],"meta":{},"tags":[]}],"startTime":1786667749519,"endTime":1786667749536.0024,"status":"passed","message":"","name":"/home/runner/work/motion5/motion5/packages/core/test/contract/v5-validator.test.ts"},{"assertionResults":[{"ancestorTitles":["one observation-validation owner (P1-12)"],"fullName":"one observation-validation owner (P1-12) accepts a track observing a sibling named after its own motion","status":"passed","title":"accepts a track observing a sibling named after its own motion","duration":5.98913600000003,"failureMessages":[],"meta":{},"tags":[]},{"ancestorTitles":["one observation-validation owner (P1-12)"],"fullName":"one observation-validation owner (P1-12) reports an actual self-reference identically from both owners","status":"passed","title":"reports an actual self-reference identically from both owners","duration":1.022393999999963,"failureMessages":[],"meta":{},"tags":[]},{"ancestorTitles":["one observation-validation owner (P1-12)"],"fullName":"one observation-validation owner (P1-12) reports a cycle identically from both owners","status":"passed","title":"reports a cycle identically from both owners","duration":1.0315420000000017,"failureMessages":[],"meta":{},"tags":[]},{"ancestorTitles":["one observation-validation owner (P1-12)"],"fullName":"one observation-validation owner (P1-12) spells edge identity the same way in both owners","status":"passed","title":"spells edge identity the same way in both owners","duration":0.611124000000018,"failureMessages":[],"meta":{},"tags":[]},{"ancestorTitles":["one observation-validation owner (P1-12)"],"fullName":"one observation-validation owner (P1-12) keeps two observers of one source out of each other's duplicate check","status":"passed","title":"keeps two observers of one source out of each other's duplicate check","duration":0.7535009999999716,"failureMessages":[],"meta":{},"tags":[]},{"ancestorTitles":["one observation-validation owner (P1-12)"],"fullName":"one observation-validation owner (P1-12) mints a frozen snapshot instead of returning the caller's object","status":"passed","title":"mints a frozen snapshot instead of returning the caller's object","duration":1.2098159999999893,"failureMessages":[],"meta":{},"tags":[]}],"startTime":1786667749521,"endTime":1786667749532.2097,"status":"passed","message":"","name":"/home/runner/work/motion5/motion5/packages/core/test/contract/validation-owner.test.ts"},{"assertionResults":[{"ancestorTitles":["P0-05 v5 contract integration"],"fullName":"P0-05 v5 contract integration serializes the minimal project deterministically","status":"passed","title":"serializes the minimal project deterministically","duration":16.181714,"failureMessages":[],"meta":{},"tags":[]},{"ancestorTitles":["P0-05 v5 contract integration"],"fullName":"P0-05 v5 contract integration accepts a project with a shared free track","status":"passed","title":"accepts a project with a shared free track","duration":3.464326999999969,"failureMessages":[],"meta":{},"tags":[]},{"ancestorTitles":["P0-05 v5 contract integration"],"fullName":"P0-05 v5 contract integration preserves warnings without rejecting the project","status":"passed","title":"preserves warnings without rejecting the project","duration":1.0862940000000094,"failureMessages":[],"meta":{},"tags":[]},{"ancestorTitles":["P0-05 v5 contract integration"],"fullName":"P0-05 v5 contract integration rejects cycles before runtime mounting","status":"passed","title":"rejects cycles before runtime mounting","duration":0.7968520000000012,"failureMessages":[],"meta":{},"tags":[]},{"ancestorTitles":["P0-05 v5 contract integration"],"fullName":"P0-05 v5 contract integration migrates a v4 document without changing its source","status":"passed","title":"migrates a v4 document without changing its source","duration":0.659924999999987,"failureMessages":[],"meta":{},"tags":[]}],"startTime":1786667751521,"endTime":1786667751543.66,"status":"passed","message":"","name":"/home/runner/work/motion5/motion5/packages/core/test/integration/contract-baseline.test.ts"},{"assertionResults":[{"ancestorTitles":["DOM patch adapter contract (C3)"],"fullName":"DOM patch adapter contract (C3) resolves each node, filters internal values, diffs writes, removes omitted keys, and clears cache","status":"passed","title":"resolves each node, filters internal values, diffs writes, removes omitted keys, and clears cache","duration":5.494249999999994,"failureMessages":[],"meta":{},"tags":[]},{"ancestorTitles":["DOM patch adapter contract (C3)"],"fullName":"DOM patch adapter contract (C3) does not write blocked, error, or unresolved patches","status":"passed","title":"does not write blocked, error, or unresolved patches","duration":0.3718560000000082,"failureMessages":[],"meta":{},"tags":[]}],"startTime":1786667750798,"endTime":1786667750803.4941,"status":"passed","message":"","name":"/home/runner/work/motion5/motion5/packages/core/test/integration/dom-patch-apply.test.ts"},{"assertionResults":[{"ancestorTitles":["DOM plugin metadata (X-2)"],"fullName":"DOM plugin metadata (X-2) uses resolved internal-key metadata instead of hardcoding underscore filtering","status":"passed","title":"uses resolved internal-key metadata instead of hardcoding underscore filtering","duration":3.3600529999999935,"failureMessages":[],"meta":{},"tags":[]},{"ancestorTitles":["DOM plugin metadata (X-2)"],"fullName":"DOM plugin metadata (X-2) serializes plugin-owned outputs before writing to the DOM","status":"passed","title":"serializes plugin-owned outputs before writing to the DOM","duration":1.1748800000000017,"failureMessages":[],"meta":{},"tags":[]}],"startTime":1786667750784,"endTime":1786667750789.1748,"status":"passed","message":"","name":"/home/runner/work/motion5/motion5/packages/core/test/integration/dom-plugin-metadata.test.ts"},{"assertionResults":[{"ancestorTitles":["DOM transform and removal contract (P0-4)"],"fullName":"DOM transform and removal contract (P0-4) writes motion transform keys into style.transform","status":"passed","title":"writes motion transform keys into style.transform","duration":4.1284709999999905,"failureMessages":[],"meta":{},"tags":[]},{"ancestorTitles":["DOM transform and removal contract (P0-4)"],"fullName":"DOM transform and removal contract (P0-4) removes omitted CSS properties instead of assigning undefined","status":"passed","title":"removes omitted CSS properties instead of assigning undefined","duration":1.4393849999999873,"failureMessages":[],"meta":{},"tags":[]}],"startTime":1786667751706,"endTime":1786667751712.4395,"status":"passed","message":"","name":"/home/runner/work/motion5/motion5/packages/core/test/integration/dom-transform-removal.test.ts"},{"assertionResults":[{"ancestorTitles":["real end-to-end product path (E2)"],"fullName":"real end-to-end product path (E2) writes authored GSAP output through a patch into the DOM adapter","status":"passed","title":"writes authored GSAP output through a patch into the DOM adapter","duration":10.839049000000045,"failureMessages":[],"meta":{},"tags":[]}],"startTime":1786667751388,"endTime":1786667751398.839,"status":"passed","message":"","name":"/home/runner/work/motion5/motion5/packages/core/test/integration/end-to-end.test.ts"},{"assertionResults":[{"ancestorTitles":["Engine"],"fullName":"Engine publishes a progress change through the public project handle","status":"passed","title":"publishes a progress change through the public project handle","duration":12.11789600000003,"failureMessages":[],"meta":{},"tags":[]},{"ancestorTitles":["Engine"],"fullName":"Engine keeps one clock owner while clock progress publishes once","status":"passed","title":"keeps one clock owner while clock progress publishes once","duration":1.9194049999999834,"failureMessages":[],"meta":{},"tags":[]},{"ancestorTitles":["Engine"],"fullName":"Engine still resolves authored-key plugins during progress updates","status":"passed","title":"still resolves authored-key plugins during progress updates","duration":5.590069000000028,"failureMessages":[],"meta":{},"tags":[]}],"startTime":1786667750783,"endTime":1786667750803.59,"status":"passed","message":"","name":"/home/runner/work/motion5/motion5/packages/core/test/integration/engine-headless.test.ts"},{"assertionResults":[{"ancestorTitles":["Engine product-load validation (X-1 follow-up)"],"fullName":"Engine product-load validation (X-1 follow-up) rejects malformed authored stops before constructing a runtime","status":"passed","title":"rejects malformed authored stops before constructing a runtime","duration":7.959314999999975,"failureMessages":[],"meta":{},"tags":[]},{"ancestorTitles":["Engine product-load validation (X-1 follow-up)"],"fullName":"Engine product-load validation (X-1 follow-up) rejects malformed authored stops before any timeline is created","status":"passed","title":"rejects malformed authored stops before any timeline is created","duration":1.0745219999999733,"failureMessages":[],"meta":{},"tags":[]},{"ancestorTitles":["Engine product-load validation (X-1 follow-up)"],"fullName":"Engine product-load validation (X-1 follow-up) resolves authored plugin ownership during load, not on the first seek","status":"passed","title":"resolves authored plugin ownership during load, not on the first seek","duration":4.696685000000002,"failureMessages":[],"meta":{},"tags":[]},{"ancestorTitles":["Engine product-load validation (X-1 follow-up)"],"fullName":"Engine product-load validation (X-1 follow-up) accepts a valid project and creates its timelines during load","status":"passed","title":"accepts a valid project and creates its timelines during load","duration":3.452204999999992,"failureMessages":[],"meta":{},"tags":[]}],"startTime":1786667750510,"endTime":1786667750527.4521,"status":"passed","message":"","name":"/home/runner/work/motion5/motion5/packages/core/test/integration/engine-load-validation.test.ts"},{"assertionResults":[{"ancestorTitles":["X-3 contribution through the product load path"],"fullName":"X-3 contribution through the product load path passes contribution context and creates the prepared timeline at load","status":"passed","title":"passes contribution context and creates the prepared timeline at load","duration":30.205836999999974,"failureMessages":[],"meta":{},"tags":[]},{"ancestorTitles":["X-3 contribution through the product load path"],"fullName":"X-3 contribution through the product load path selects one predicate contributor through Engine.load","status":"passed","title":"selects one predicate contributor through Engine.load","duration":2.9026959999999917,"failureMessages":[],"meta":{},"tags":[]},{"ancestorTitles":["X-3 contribution through the product load path"],"fullName":"X-3 contribution through the product load path rejects malformed contributions during Engine.load","status":"passed","title":"rejects malformed contributions during Engine.load","duration":2.6444320000000516,"failureMessages":[],"meta":{},"tags":[]},{"ancestorTitles":["X-3 contribution through the product load path"],"fullName":"X-3 contribution through the product load path rejects authored ease collisions before any timeline is created","status":"passed","title":"rejects authored ease collisions before any timeline is created","duration":1.4091590000000451,"failureMessages":[],"meta":{},"tags":[]},{"ancestorTitles":["X-3 contribution through the product load path"],"fullName":"X-3 contribution through the product load path merges contributed keyframes into compiler diagnostics before timeline creation","status":"passed","title":"merges contributed keyframes into compiler diagnostics before timeline creation","duration":1.4763550000000123,"failureMessages":[],"meta":{},"tags":[]}],"startTime":1786667749682,"endTime":1786667749721.4763,"status":"passed","message":"","name":"/home/runner/work/motion5/motion5/packages/core/test/integration/engine-x3-contribution.test.ts"},{"assertionResults":[{"ancestorTitles":["GraphPublisher output edges"],"fullName":"GraphPublisher output edges merges output source values over the composed patch","status":"passed","title":"merges output source values over the composed patch","duration":4.271149000000008,"failureMessages":[],"meta":{},"tags":[]},{"ancestorTitles":["GraphPublisher output edges"],"fullName":"GraphPublisher output edges uses canonical edge order when output sources collide","status":"passed","title":"uses canonical edge order when output sources collide","duration":0.9760379999999884,"failureMessages":[],"meta":{},"tags":[]}],"startTime":1786667750592,"endTime":1786667750596.976,"status":"passed","message":"","name":"/home/runner/work/motion5/motion5/packages/core/test/integration/flush-output-merge.test.ts"},{"assertionResults":[{"ancestorTitles":["golden fixture round trips"],"fullName":"golden fixture round trips round trips JSON-safe fixture data with stable ordering","status":"passed","title":"round trips JSON-safe fixture data with stable ordering","duration":17.95879199999999,"failureMessages":[],"meta":{},"tags":[]}],"startTime":1786667752414,"endTime":1786667752431.9587,"status":"passed","message":"","name":"/home/runner/work/motion5/motion5/packages/core/test/integration/golden-roundtrip.test.ts"},{"assertionResults":[{"ancestorTitles":["GraphPublisher"],"fullName":"GraphPublisher I-5 composes a shared ancestor once and publishes one whole batch","status":"passed","title":"I-5 composes a shared ancestor once and publishes one whole batch","duration":5.7648360000000025,"failureMessages":[],"meta":{},"tags":[]},{"ancestorTitles":["GraphPublisher"],"fullName":"GraphPublisher I-9 publishes an error and blocks the downstream closure while unrelated branches continue","status":"passed","title":"I-9 publishes an error and blocks the downstream closure while unrelated branches continue","duration":0.7209200000000067,"failureMessages":[],"meta":{},"tags":[]},{"ancestorTitles":["GraphPublisher"],"fullName":"GraphPublisher does not expose topology mutation methods","status":"passed","title":"does not expose topology mutation methods","duration":0.6307419999999979,"failureMessages":[],"meta":{},"tags":[]}],"startTime":1786667750257,"endTime":1786667750264.6309,"status":"passed","message":"","name":"/home/runner/work/motion5/motion5/packages/core/test/integration/graph-publisher.test.ts"},{"assertionResults":[{"ancestorTitles":["GraphBinding transactions"],"fullName":"GraphBinding transactions I-2 applies a valid candidate and preserves one live state identity","status":"passed","title":"I-2 applies a valid candidate and preserves one live state identity","duration":5.865102999999976,"failureMessages":[],"meta":{},"tags":[]},{"ancestorTitles":["GraphBinding transactions"],"fullName":"GraphBinding transactions I-2 rejects an invalid candidate before touching the active graph","status":"passed","title":"I-2 rejects an invalid candidate before touching the active graph","duration":1.8982949999999903,"failureMessages":[],"meta":{},"tags":[]},{"ancestorTitles":["GraphBinding transactions"],"fullName":"GraphBinding transactions I-2 restores every observable state after live-state apply fails","status":"passed","title":"I-2 restores every observable state after live-state apply fails","duration":2.1078480000000184,"failureMessages":[],"meta":{},"tags":[]},{"ancestorTitles":["GraphBinding transactions"],"fullName":"GraphBinding transactions I-2 restores every observable state after publisher scheduling fails","status":"passed","title":"I-2 restores every observable state after publisher scheduling fails","duration":1.3198109999999872,"failureMessages":[],"meta":{},"tags":[]}],"startTime":1786667750315,"endTime":1786667750326.3198,"status":"passed","message":"","name":"/home/runner/work/motion5/motion5/packages/core/test/integration/graph-rollback.test.ts"},{"assertionResults":[{"ancestorTitles":["GraphRuntime"],"fullName":"GraphRuntime I-13 owns one registry, one state, and one clock subscription","status":"passed","title":"I-13 owns one registry, one state, and one clock subscription","duration":6.710307,"failureMessages":[],"meta":{},"tags":[]},{"ancestorTitles":["GraphRuntime"],"fullName":"GraphRuntime P1-8 keeps the publisher off the public runtime surface","status":"passed","title":"P1-8 keeps the publisher off the public runtime surface","duration":0.43671799999998484,"failureMessages":[],"meta":{},"tags":[]},{"ancestorTitles":["GraphRuntime"],"fullName":"GraphRuntime I-13 keeps ticks monotonic across detach and reattach","status":"passed","title":"I-13 keeps ticks monotonic across detach and reattach","duration":3.1187710000000095,"failureMessages":[],"meta":{},"tags":[]},{"ancestorTitles":["GraphRuntime"],"fullName":"GraphRuntime publishes only attached seeds and stops after disposal","status":"passed","title":"publishes only attached seeds and stops after disposal","duration":2.6719229999999925,"failureMessages":[],"meta":{},"tags":[]}],"startTime":1786667750546,"endTime":1786667750558.6719,"status":"passed","message":"","name":"/home/runner/work/motion5/motion5/packages/core/test/integration/graph-runtime.test.ts"},{"assertionResults":[{"ancestorTitles":["GraphRuntime membership"],"fullName":"GraphRuntime membership starts empty and publishes only attached nodes by default","status":"passed","title":"starts empty and publishes only attached nodes by default","duration":8.288865999999985,"failureMessages":[],"meta":{},"tags":[]}],"startTime":1786667752190,"endTime":1786667752198.2888,"status":"passed","message":"","name":"/home/runner/work/motion5/motion5/packages/core/test/integration/membership-gating.test.ts"},{"assertionResults":[{"ancestorTitles":["P2 runtime smell hardening"],"fullName":"P2 runtime smell hardening preserves the last known good values when a node publishes error","status":"passed","title":"preserves the last known good values when a node publishes error","duration":3.571978999999999,"failureMessages":[],"meta":{},"tags":[]},{"ancestorTitles":["P2 runtime smell hardening"],"fullName":"P2 runtime smell hardening derives source revisions from the upstream patches consumed in the flush","status":"passed","title":"derives source revisions from the upstream patches consumed in the flush","duration":1.5425189999999986,"failureMessages":[],"meta":{},"tags":[]},{"ancestorTitles":["P2 runtime smell hardening"],"fullName":"P2 runtime smell hardening reports a missing upstream instead of silently composing with an input hole","status":"passed","title":"reports a missing upstream instead of silently composing with an input hole","duration":0.7127350000000092,"failureMessages":[],"meta":{},"tags":[]},{"ancestorTitles":["P2 runtime smell hardening"],"fullName":"P2 runtime smell hardening chooses the blocked upstream deterministically by edge key, not authored edge order","status":"passed","title":"chooses the blocked upstream deterministically by edge key, not authored edge order","duration":0.9430659999999875,"failureMessages":[],"meta":{},"tags":[]},{"ancestorTitles":["P2 runtime smell hardening"],"fullName":"P2 runtime smell hardening rejects host objects from interpolator state at the renderer edge","status":"passed","title":"rejects host objects from interpolator state at the renderer edge","duration":2.8528829999999914,"failureMessages":[],"meta":{},"tags":[]},{"ancestorTitles":["P2 runtime smell hardening"],"fullName":"P2 runtime smell hardening kills a timeline exactly once when a Track is disposed repeatedly","status":"passed","title":"kills a timeline exactly once when a Track is disposed repeatedly","duration":0.7360479999999825,"failureMessages":[],"meta":{},"tags":[]}],"startTime":1786667749747,"endTime":1786667749757.736,"status":"passed","message":"","name":"/home/runner/work/motion5/motion5/packages/core/test/integration/p2-runtime-smells.test.ts"},{"assertionResults":[{"ancestorTitles":["GraphPublisher partial-seed inputs"],"fullName":"GraphPublisher partial-seed inputs uses the last published flat value for an unseeded input source","status":"passed","title":"uses the last published flat value for an unseeded input source","duration":5.878398999999973,"failureMessages":[],"meta":{},"tags":[]}],"startTime":1786667751480,"endTime":1786667751485.8784,"status":"passed","message":"","name":"/home/runner/work/motion5/motion5/packages/core/test/integration/partial-seed-inputs.test.ts"},{"assertionResults":[{"ancestorTitles":["S6 plugin use contract"],"fullName":"S6 plugin use contract rejects the dead TrackDefinition.use field instead of silently ignoring it","status":"passed","title":"rejects the dead TrackDefinition.use field instead of silently ignoring it","duration":6.2877750000000106,"failureMessages":[],"meta":{},"tags":[]}],"startTime":1786667752216,"endTime":1786667752222.2878,"status":"passed","message":"","name":"/home/runner/work/motion5/motion5/packages/core/test/integration/plugin-use-contract.test.ts"},{"assertionResults":[{"ancestorTitles":["public project handle surface (P1-9)"],"fullName":"public project handle surface (P1-9) does not expose graph internals through Engine.load","status":"passed","title":"does not expose graph internals through Engine.load","duration":8.581550000000021,"failureMessages":[],"meta":{},"tags":[]}],"startTime":1786667752032,"endTime":1786667752040.5815,"status":"passed","message":"","name":"/home/runner/work/motion5/motion5/packages/core/test/integration/project-handle-surface.test.ts"},{"assertionResults":[{"ancestorTitles":["ProjectRuntime"],"fullName":"ProjectRuntime TR-R-14 mounts through one project-owned GraphRuntime","status":"passed","title":"TR-R-14 mounts through one project-owned GraphRuntime","duration":4.246893,"failureMessages":[],"meta":{},"tags":[]},{"ancestorTitles":["ProjectRuntime"],"fullName":"ProjectRuntime rejects invalid candidates before constructing a replacement runtime","status":"passed","title":"rejects invalid candidates before constructing a replacement runtime","duration":0.6538850000000025,"failureMessages":[],"meta":{},"tags":[]},{"ancestorTitles":["ProjectRuntime"],"fullName":"ProjectRuntime releases every mounted instance and clock subscription on repeated dispose","status":"passed","title":"releases every mounted instance and clock subscription on repeated dispose","duration":1.3032610000000204,"failureMessages":[],"meta":{},"tags":[]}],"startTime":1786667751256,"endTime":1786667751262.3032,"status":"passed","message":"","name":"/home/runner/work/motion5/motion5/packages/core/test/integration/project-runtime.test.ts"},{"assertionResults":[{"ancestorTitles":["GraphPublisher: memo/registry consistency (recovery A1)"],"fullName":"GraphPublisher: memo/registry consistency (recovery A1) a same-flush input-role consumer sees the source's merged flat value","status":"passed","title":"a same-flush input-role consumer sees the source's merged flat value","duration":4.889706999999987,"failureMessages":[],"meta":{},"tags":[]},{"ancestorTitles":["GraphPublisher: memo/registry consistency (recovery A1)"],"fullName":"GraphPublisher: memo/registry consistency (recovery A1) a later flush resolves the source's merged flat value via registry fallback","status":"passed","title":"a later flush resolves the source's merged flat value via registry fallback","duration":2.09328899999997,"failureMessages":[],"meta":{},"tags":[]}],"startTime":1786667750003,"endTime":1786667750010.0933,"status":"passed","message":"","name":"/home/runner/work/motion5/motion5/packages/core/test/integration/publisher-output-merge-consistency.test.ts"}]}