{"numTotalTestSuites":135,"numPassedTestSuites":135,"numFailedTestSuites":0,"numPendingTestSuites":0,"numTotalTests":247,"numPassedTests":247,"numFailedTests":0,"numPendingTests":0,"numTodoTests":0,"snapshot":{"added":0,"failure":false,"filesAdded":0,"filesRemoved":0,"filesRemovedList":[],"filesUnmatched":0,"filesUpdated":0,"matched":0,"total":0,"unchecked":0,"uncheckedKeysByFile":[],"unmatched":0,"updated":0,"didUpdate":false},"startTime":1786667748233,"success":true,"testResults":[{"assertionResults":[{"ancestorTitles":["React patch store lifecycle (C1)"],"fullName":"React patch store lifecycle (C1) receives patches again after the last listener leaves and a new one arrives","status":"passed","title":"receives patches again after the last listener leaves and a new one arrives","duration":4.3017619999999965,"failureMessages":[],"meta":{},"tags":[]},{"ancestorTitles":["React patch store lifecycle (C1)"],"fullName":"React patch store lifecycle (C1) survives a StrictMode-style double mount without duplicating deliveries","status":"passed","title":"survives a StrictMode-style double mount without duplicating deliveries","duration":0.6768500000000017,"failureMessages":[],"meta":{},"tags":[]}],"startTime":1786667752255,"endTime":1786667752260.6768,"status":"passed","message":"","name":"/home/runner/work/motion5/motion5/packages/react/test/patch-store-lifecycle.test.ts"},{"assertionResults":[{"ancestorTitles":["React patch consumer boundary"],"fullName":"React patch consumer boundary keeps one frozen snapshot per revision and unsubscribes cleanly","status":"passed","title":"keeps one frozen snapshot per revision and unsubscribes cleanly","duration":5.262355999999983,"failureMessages":[],"meta":{},"tags":[]}],"startTime":1786667753613,"endTime":1786667753618.2625,"status":"passed","message":"","name":"/home/runner/work/motion5/motion5/packages/react/test/patch-store.test.ts"},{"assertionResults":[{"ancestorTitles":["React public hook render/update (C2)"],"fullName":"React public hook render/update (C2) renders the current patch and updates after publication","status":"passed","title":"renders the current patch and updates after publication","duration":24.491415000000018,"failureMessages":[],"meta":{},"tags":[]}],"startTime":1786667753821,"endTime":1786667753845.4915,"status":"passed","message":"","name":"/home/runner/work/motion5/motion5/packages/react/test/public-hook-render.test.ts"},{"assertionResults":[{"ancestorTitles":["React public surface (C2)"],"fullName":"React public surface (C2) exports a patch hook from the package entry","status":"passed","title":"exports a patch hook from the package entry","duration":1.3375540000000115,"failureMessages":[],"meta":{},"tags":[]}],"startTime":1786667754283,"endTime":1786667754284.3376,"status":"passed","message":"","name":"/home/runner/work/motion5/motion5/packages/react/test/public-hook.test.ts"},{"assertionResults":[{"ancestorTitles":["React public package surface (C2)"],"fullName":"React public package surface (C2) renders and updates through the package entry alone","status":"passed","title":"renders and updates through the package entry alone","duration":18.931206000000003,"failureMessages":[],"meta":{},"tags":[]}],"startTime":1786667752229,"endTime":1786667752247.9312,"status":"passed","message":"","name":"/home/runner/work/motion5/motion5/packages/react/test/public-package-surface.test.ts"},{"assertionResults":[{"ancestorTitles":["fresh v4-to-v5 migration contract"],"fullName":"fresh v4-to-v5 migration contract bumps the version and renames only project-level tracks","status":"passed","title":"bumps the version and renames only project-level tracks","duration":3.681558999999993,"failureMessages":[],"meta":{},"tags":[]},{"ancestorTitles":["fresh v4-to-v5 migration contract"],"fullName":"fresh v4-to-v5 migration contract does not mutate the input or nested arrays","status":"passed","title":"does not mutate the input or nested arrays","duration":1.1749289999999917,"failureMessages":[],"meta":{},"tags":[]},{"ancestorTitles":["fresh v4-to-v5 migration contract"],"fullName":"fresh v4-to-v5 migration contract rejects v5 input instead of acting as a compatibility alias","status":"passed","title":"rejects v5 input instead of acting as a compatibility alias","duration":1.1618980000000079,"failureMessages":[],"meta":{},"tags":[]},{"ancestorTitles":["fresh v4-to-v5 migration contract"],"fullName":"fresh v4-to-v5 migration contract rejects ambiguous dual top-level fields instead of choosing one","status":"passed","title":"rejects ambiguous dual top-level fields instead of choosing one","duration":0.32203000000001225,"failureMessages":[],"meta":{},"tags":[]},{"ancestorTitles":["fresh v4-to-v5 migration contract"],"fullName":"fresh v4-to-v5 migration contract rejects malformed top-level tracks","status":"passed","title":"rejects malformed top-level tracks","duration":0.501591999999988,"failureMessages":[],"meta":{},"tags":[]},{"ancestorTitles":["fresh v4-to-v5 migration contract"],"fullName":"fresh v4-to-v5 migration contract preserves perspective without inventing a value","status":"passed","title":"preserves perspective without inventing a value","duration":0.46104800000000523,"failureMessages":[],"meta":{},"tags":[]}],"startTime":1786667751673,"endTime":1786667751680.461,"status":"passed","message":"","name":"/home/runner/work/motion5/motion5/packages/core/test/migration/v4-to-v5.test.ts"},{"assertionResults":[{"ancestorTitles":["P0-05 v5 contract integration"],"fullName":"P0-05 v5 contract integration serializes the minimal project deterministically","status":"passed","title":"serializes the minimal project deterministically","duration":14.082574999999991,"failureMessages":[],"meta":{},"tags":[]},{"ancestorTitles":["P0-05 v5 contract integration"],"fullName":"P0-05 v5 contract integration accepts a project with a shared free track","status":"passed","title":"accepts a project with a shared free track","duration":2.9146049999999946,"failureMessages":[],"meta":{},"tags":[]},{"ancestorTitles":["P0-05 v5 contract integration"],"fullName":"P0-05 v5 contract integration preserves warnings without rejecting the project","status":"passed","title":"preserves warnings without rejecting the project","duration":0.8056980000000067,"failureMessages":[],"meta":{},"tags":[]},{"ancestorTitles":["P0-05 v5 contract integration"],"fullName":"P0-05 v5 contract integration rejects cycles before runtime mounting","status":"passed","title":"rejects cycles before runtime mounting","duration":0.6133350000000064,"failureMessages":[],"meta":{},"tags":[]},{"ancestorTitles":["P0-05 v5 contract integration"],"fullName":"P0-05 v5 contract integration migrates a v4 document without changing its source","status":"passed","title":"migrates a v4 document without changing its source","duration":0.5345860000000187,"failureMessages":[],"meta":{},"tags":[]}],"startTime":1786667752940,"endTime":1786667752958.6133,"status":"passed","message":"","name":"/home/runner/work/motion5/motion5/packages/core/test/integration/contract-baseline.test.ts"},{"assertionResults":[{"ancestorTitles":["DOM patch adapter contract (C3)"],"fullName":"DOM patch adapter contract (C3) resolves each node, filters internal values, diffs writes, removes omitted keys, and clears cache","status":"passed","title":"resolves each node, filters internal values, diffs writes, removes omitted keys, and clears cache","duration":5.0619959999999935,"failureMessages":[],"meta":{},"tags":[]},{"ancestorTitles":["DOM patch adapter contract (C3)"],"fullName":"DOM patch adapter contract (C3) does not write blocked, error, or unresolved patches","status":"passed","title":"does not write blocked, error, or unresolved patches","duration":0.44951000000000363,"failureMessages":[],"meta":{},"tags":[]}],"startTime":1786667751980,"endTime":1786667751985.4495,"status":"passed","message":"","name":"/home/runner/work/motion5/motion5/packages/core/test/integration/dom-patch-apply.test.ts"},{"assertionResults":[{"ancestorTitles":["DOM plugin metadata (X-2)"],"fullName":"DOM plugin metadata (X-2) uses resolved internal-key metadata instead of hardcoding underscore filtering","status":"passed","title":"uses resolved internal-key metadata instead of hardcoding underscore filtering","duration":4.02888999999999,"failureMessages":[],"meta":{},"tags":[]},{"ancestorTitles":["DOM plugin metadata (X-2)"],"fullName":"DOM plugin metadata (X-2) serializes plugin-owned outputs before writing to the DOM","status":"passed","title":"serializes plugin-owned outputs before writing to the DOM","duration":1.1013779999999826,"failureMessages":[],"meta":{},"tags":[]}],"startTime":1786667751890,"endTime":1786667751895.1013,"status":"passed","message":"","name":"/home/runner/work/motion5/motion5/packages/core/test/integration/dom-plugin-metadata.test.ts"},{"assertionResults":[{"ancestorTitles":["DOM transform and removal contract (P0-4)"],"fullName":"DOM transform and removal contract (P0-4) writes motion transform keys into style.transform","status":"passed","title":"writes motion transform keys into style.transform","duration":3.634680000000003,"failureMessages":[],"meta":{},"tags":[]},{"ancestorTitles":["DOM transform and removal contract (P0-4)"],"fullName":"DOM transform and removal contract (P0-4) removes omitted CSS properties instead of assigning undefined","status":"passed","title":"removes omitted CSS properties instead of assigning undefined","duration":1.441202000000004,"failureMessages":[],"meta":{},"tags":[]}],"startTime":1786667753417,"endTime":1786667753422.4412,"status":"passed","message":"","name":"/home/runner/work/motion5/motion5/packages/core/test/integration/dom-transform-removal.test.ts"},{"assertionResults":[{"ancestorTitles":["real end-to-end product path (E2)"],"fullName":"real end-to-end product path (E2) writes authored GSAP output through a patch into the DOM adapter","status":"passed","title":"writes authored GSAP output through a patch into the DOM adapter","duration":11.626329999999996,"failureMessages":[],"meta":{},"tags":[]}],"startTime":1786667752753,"endTime":1786667752764.6262,"status":"passed","message":"","name":"/home/runner/work/motion5/motion5/packages/core/test/integration/end-to-end.test.ts"},{"assertionResults":[{"ancestorTitles":["Engine"],"fullName":"Engine publishes a progress change through the public project handle","status":"passed","title":"publishes a progress change through the public project handle","duration":7.805903000000001,"failureMessages":[],"meta":{},"tags":[]},{"ancestorTitles":["Engine"],"fullName":"Engine keeps one clock owner while clock progress publishes once","status":"passed","title":"keeps one clock owner while clock progress publishes once","duration":2.3437339999999836,"failureMessages":[],"meta":{},"tags":[]},{"ancestorTitles":["Engine"],"fullName":"Engine still resolves authored-key plugins during progress updates","status":"passed","title":"still resolves authored-key plugins during progress updates","duration":2.9040549999999996,"failureMessages":[],"meta":{},"tags":[]}],"startTime":1786667751846,"endTime":1786667751858.904,"status":"passed","message":"","name":"/home/runner/work/motion5/motion5/packages/core/test/integration/engine-headless.test.ts"},{"assertionResults":[{"ancestorTitles":["Engine product-load validation (X-1 follow-up)"],"fullName":"Engine product-load validation (X-1 follow-up) rejects malformed authored stops before constructing a runtime","status":"passed","title":"rejects malformed authored stops before constructing a runtime","duration":6.027675999999985,"failureMessages":[],"meta":{},"tags":[]},{"ancestorTitles":["Engine product-load validation (X-1 follow-up)"],"fullName":"Engine product-load validation (X-1 follow-up) rejects malformed authored stops before any timeline is created","status":"passed","title":"rejects malformed authored stops before any timeline is created","duration":0.8141779999999983,"failureMessages":[],"meta":{},"tags":[]},{"ancestorTitles":["Engine product-load validation (X-1 follow-up)"],"fullName":"Engine product-load validation (X-1 follow-up) resolves authored plugin ownership during load, not on the first seek","status":"passed","title":"resolves authored plugin ownership during load, not on the first seek","duration":3.431881000000004,"failureMessages":[],"meta":{},"tags":[]},{"ancestorTitles":["Engine product-load validation (X-1 follow-up)"],"fullName":"Engine product-load validation (X-1 follow-up) accepts a valid project and creates its timelines during load","status":"passed","title":"accepts a valid project and creates its timelines during load","duration":2.3446639999999945,"failureMessages":[],"meta":{},"tags":[]}],"startTime":1786667751445,"endTime":1786667751458.3447,"status":"passed","message":"","name":"/home/runner/work/motion5/motion5/packages/core/test/integration/engine-load-validation.test.ts"},{"assertionResults":[{"ancestorTitles":["X-3 contribution through the product load path"],"fullName":"X-3 contribution through the product load path passes contribution context and creates the prepared timeline at load","status":"passed","title":"passes contribution context and creates the prepared timeline at load","duration":26.49753099999998,"failureMessages":[],"meta":{},"tags":[]},{"ancestorTitles":["X-3 contribution through the product load path"],"fullName":"X-3 contribution through the product load path selects one predicate contributor through Engine.load","status":"passed","title":"selects one predicate contributor through Engine.load","duration":1.6093050000000062,"failureMessages":[],"meta":{},"tags":[]},{"ancestorTitles":["X-3 contribution through the product load path"],"fullName":"X-3 contribution through the product load path rejects malformed contributions during Engine.load","status":"passed","title":"rejects malformed contributions during Engine.load","duration":2.178896000000009,"failureMessages":[],"meta":{},"tags":[]},{"ancestorTitles":["X-3 contribution through the product load path"],"fullName":"X-3 contribution through the product load path rejects authored ease collisions before any timeline is created","status":"passed","title":"rejects authored ease collisions before any timeline is created","duration":1.076531999999986,"failureMessages":[],"meta":{},"tags":[]},{"ancestorTitles":["X-3 contribution through the product load path"],"fullName":"X-3 contribution through the product load path merges contributed keyframes into compiler diagnostics before timeline creation","status":"passed","title":"merges contributed keyframes into compiler diagnostics before timeline creation","duration":1.1577550000000087,"failureMessages":[],"meta":{},"tags":[]}],"startTime":1786667748861,"endTime":1786667748894.1577,"status":"passed","message":"","name":"/home/runner/work/motion5/motion5/packages/core/test/integration/engine-x3-contribution.test.ts"},{"assertionResults":[{"ancestorTitles":["GraphPublisher output edges"],"fullName":"GraphPublisher output edges merges output source values over the composed patch","status":"passed","title":"merges output source values over the composed patch","duration":4.701480000000004,"failureMessages":[],"meta":{},"tags":[]},{"ancestorTitles":["GraphPublisher output edges"],"fullName":"GraphPublisher output edges uses canonical edge order when output sources collide","status":"passed","title":"uses canonical edge order when output sources collide","duration":1.0206790000000012,"failureMessages":[],"meta":{},"tags":[]}],"startTime":1786667751770,"endTime":1786667751776.0208,"status":"passed","message":"","name":"/home/runner/work/motion5/motion5/packages/core/test/integration/flush-output-merge.test.ts"},{"assertionResults":[{"ancestorTitles":["golden fixture round trips"],"fullName":"golden fixture round trips round trips JSON-safe fixture data with stable ordering","status":"passed","title":"round trips JSON-safe fixture data with stable ordering","duration":16.23556499999998,"failureMessages":[],"meta":{},"tags":[]}],"startTime":1786667754246,"endTime":1786667754262.2356,"status":"passed","message":"","name":"/home/runner/work/motion5/motion5/packages/core/test/integration/golden-roundtrip.test.ts"},{"assertionResults":[{"ancestorTitles":["GraphPublisher"],"fullName":"GraphPublisher I-5 composes a shared ancestor once and publishes one whole batch","status":"passed","title":"I-5 composes a shared ancestor once and publishes one whole batch","duration":6.244332999999983,"failureMessages":[],"meta":{},"tags":[]},{"ancestorTitles":["GraphPublisher"],"fullName":"GraphPublisher I-9 publishes an error and blocks the downstream closure while unrelated branches continue","status":"passed","title":"I-9 publishes an error and blocks the downstream closure while unrelated branches continue","duration":1.0459040000000073,"failureMessages":[],"meta":{},"tags":[]},{"ancestorTitles":["GraphPublisher"],"fullName":"GraphPublisher does not expose topology mutation methods","status":"passed","title":"does not expose topology mutation methods","duration":0.32945499999999583,"failureMessages":[],"meta":{},"tags":[]}],"startTime":1786667751207,"endTime":1786667751215.3293,"status":"passed","message":"","name":"/home/runner/work/motion5/motion5/packages/core/test/integration/graph-publisher.test.ts"},{"assertionResults":[{"ancestorTitles":["GraphBinding transactions"],"fullName":"GraphBinding transactions I-2 applies a valid candidate and preserves one live state identity","status":"passed","title":"I-2 applies a valid candidate and preserves one live state identity","duration":5.114619000000005,"failureMessages":[],"meta":{},"tags":[]},{"ancestorTitles":["GraphBinding transactions"],"fullName":"GraphBinding transactions I-2 rejects an invalid candidate before touching the active graph","status":"passed","title":"I-2 rejects an invalid candidate before touching the active graph","duration":1.575616000000025,"failureMessages":[],"meta":{},"tags":[]},{"ancestorTitles":["GraphBinding transactions"],"fullName":"GraphBinding transactions I-2 restores every observable state after live-state apply fails","status":"passed","title":"I-2 restores every observable state after live-state apply fails","duration":1.9722950000000026,"failureMessages":[],"meta":{},"tags":[]},{"ancestorTitles":["GraphBinding transactions"],"fullName":"GraphBinding transactions I-2 restores every observable state after publisher scheduling fails","status":"passed","title":"I-2 restores every observable state after publisher scheduling fails","duration":1.1580780000000175,"failureMessages":[],"meta":{},"tags":[]}],"startTime":1786667751389,"endTime":1786667751399.158,"status":"passed","message":"","name":"/home/runner/work/motion5/motion5/packages/core/test/integration/graph-rollback.test.ts"},{"assertionResults":[{"ancestorTitles":["GraphRuntime"],"fullName":"GraphRuntime I-13 owns one registry, one state, and one clock subscription","status":"passed","title":"I-13 owns one registry, one state, and one clock subscription","duration":4.892917000000011,"failureMessages":[],"meta":{},"tags":[]},{"ancestorTitles":["GraphRuntime"],"fullName":"GraphRuntime P1-8 keeps the publisher off the public runtime surface","status":"passed","title":"P1-8 keeps the publisher off the public runtime surface","duration":1.106283999999988,"failureMessages":[],"meta":{},"tags":[]},{"ancestorTitles":["GraphRuntime"],"fullName":"GraphRuntime I-13 keeps ticks monotonic across detach and reattach","status":"passed","title":"I-13 keeps ticks monotonic across detach and reattach","duration":2.592004000000003,"failureMessages":[],"meta":{},"tags":[]},{"ancestorTitles":["GraphRuntime"],"fullName":"GraphRuntime publishes only attached seeds and stops after disposal","status":"passed","title":"publishes only attached seeds and stops after disposal","duration":3.414131999999995,"failureMessages":[],"meta":{},"tags":[]}],"startTime":1786667751619,"endTime":1786667751631.414,"status":"passed","message":"","name":"/home/runner/work/motion5/motion5/packages/core/test/integration/graph-runtime.test.ts"},{"assertionResults":[{"ancestorTitles":["GraphRuntime membership"],"fullName":"GraphRuntime membership starts empty and publishes only attached nodes by default","status":"passed","title":"starts empty and publishes only attached nodes by default","duration":6.101777999999996,"failureMessages":[],"meta":{},"tags":[]}],"startTime":1786667753819,"endTime":1786667753825.1018,"status":"passed","message":"","name":"/home/runner/work/motion5/motion5/packages/core/test/integration/membership-gating.test.ts"},{"assertionResults":[{"ancestorTitles":["P2 runtime smell hardening"],"fullName":"P2 runtime smell hardening preserves the last known good values when a node publishes error","status":"passed","title":"preserves the last known good values when a node publishes error","duration":2.8107590000000187,"failureMessages":[],"meta":{},"tags":[]},{"ancestorTitles":["P2 runtime smell hardening"],"fullName":"P2 runtime smell hardening derives source revisions from the upstream patches consumed in the flush","status":"passed","title":"derives source revisions from the upstream patches consumed in the flush","duration":0.882944000000009,"failureMessages":[],"meta":{},"tags":[]},{"ancestorTitles":["P2 runtime smell hardening"],"fullName":"P2 runtime smell hardening reports a missing upstream instead of silently composing with an input hole","status":"passed","title":"reports a missing upstream instead of silently composing with an input hole","duration":0.4920359999999846,"failureMessages":[],"meta":{},"tags":[]},{"ancestorTitles":["P2 runtime smell hardening"],"fullName":"P2 runtime smell hardening chooses the blocked upstream deterministically by edge key, not authored edge order","status":"passed","title":"chooses the blocked upstream deterministically by edge key, not authored edge order","duration":0.5029169999999965,"failureMessages":[],"meta":{},"tags":[]},{"ancestorTitles":["P2 runtime smell hardening"],"fullName":"P2 runtime smell hardening rejects host objects from interpolator state at the renderer edge","status":"passed","title":"rejects host objects from interpolator state at the renderer edge","duration":1.9514330000000086,"failureMessages":[],"meta":{},"tags":[]},{"ancestorTitles":["P2 runtime smell hardening"],"fullName":"P2 runtime smell hardening kills a timeline exactly once when a Track is disposed repeatedly","status":"passed","title":"kills a timeline exactly once when a Track is disposed repeatedly","duration":0.5536059999999736,"failureMessages":[],"meta":{},"tags":[]}],"startTime":1786667749547,"endTime":1786667749554.5537,"status":"passed","message":"","name":"/home/runner/work/motion5/motion5/packages/core/test/integration/p2-runtime-smells.test.ts"},{"assertionResults":[{"ancestorTitles":["GraphPublisher partial-seed inputs"],"fullName":"GraphPublisher partial-seed inputs uses the last published flat value for an unseeded input source","status":"passed","title":"uses the last published flat value for an unseeded input source","duration":4.592627999999991,"failureMessages":[],"meta":{},"tags":[]}],"startTime":1786667752737,"endTime":1786667752741.5925,"status":"passed","message":"","name":"/home/runner/work/motion5/motion5/packages/core/test/integration/partial-seed-inputs.test.ts"},{"assertionResults":[{"ancestorTitles":["S6 plugin use contract"],"fullName":"S6 plugin use contract rejects the dead TrackDefinition.use field instead of silently ignoring it","status":"passed","title":"rejects the dead TrackDefinition.use field instead of silently ignoring it","duration":4.104617999999988,"failureMessages":[],"meta":{},"tags":[]}],"startTime":1786667754052,"endTime":1786667754056.1047,"status":"passed","message":"","name":"/home/runner/work/motion5/motion5/packages/core/test/integration/plugin-use-contract.test.ts"},{"assertionResults":[{"ancestorTitles":["public project handle surface (P1-9)"],"fullName":"public project handle surface (P1-9) does not expose graph internals through Engine.load","status":"passed","title":"does not expose graph internals through Engine.load","duration":6.428293999999994,"failureMessages":[],"meta":{},"tags":[]}],"startTime":1786667753821,"endTime":1786667753827.4282,"status":"passed","message":"","name":"/home/runner/work/motion5/motion5/packages/core/test/integration/project-handle-surface.test.ts"},{"assertionResults":[{"ancestorTitles":["ProjectRuntime"],"fullName":"ProjectRuntime TR-R-14 mounts through one project-owned GraphRuntime","status":"passed","title":"TR-R-14 mounts through one project-owned GraphRuntime","duration":4.254749000000004,"failureMessages":[],"meta":{},"tags":[]},{"ancestorTitles":["ProjectRuntime"],"fullName":"ProjectRuntime rejects invalid candidates before constructing a replacement runtime","status":"passed","title":"rejects invalid candidates before constructing a replacement runtime","duration":0.48194599999999355,"failureMessages":[],"meta":{},"tags":[]},{"ancestorTitles":["ProjectRuntime"],"fullName":"ProjectRuntime releases every mounted instance and clock subscription on repeated dispose","status":"passed","title":"releases every mounted instance and clock subscription on repeated dispose","duration":1.4716619999999807,"failureMessages":[],"meta":{},"tags":[]}],"startTime":1786667752472,"endTime":1786667752478.4717,"status":"passed","message":"","name":"/home/runner/work/motion5/motion5/packages/core/test/integration/project-runtime.test.ts"},{"assertionResults":[{"ancestorTitles":["GraphPublisher: memo/registry consistency (recovery A1)"],"fullName":"GraphPublisher: memo/registry consistency (recovery A1) a same-flush input-role consumer sees the source's merged flat value","status":"passed","title":"a same-flush input-role consumer sees the source's merged flat value","duration":4.435314000000005,"failureMessages":[],"meta":{},"tags":[]},{"ancestorTitles":["GraphPublisher: memo/registry consistency (recovery A1)"],"fullName":"GraphPublisher: memo/registry consistency (recovery A1) a later flush resolves the source's merged flat value via registry fallback","status":"passed","title":"a later flush resolves the source's merged flat value via registry fallback","duration":2.2437810000000127,"failureMessages":[],"meta":{},"tags":[]}],"startTime":1786667750868,"endTime":1786667750874.244,"status":"passed","message":"","name":"/home/runner/work/motion5/motion5/packages/core/test/integration/publisher-output-merge-consistency.test.ts"},{"assertionResults":[{"ancestorTitles":["adapter ports"],"fullName":"adapter ports compiles authored stops onto an adapter-owned proxy state","status":"passed","title":"compiles authored stops onto an adapter-owned proxy state","duration":6.168644999999998,"failureMessages":[],"meta":{},"tags":[]},{"ancestorTitles":["adapter ports"],"fullName":"adapter ports adapts a GSAP-like paused timeline without leaking the engine object","status":"passed","title":"adapts a GSAP-like paused timeline without leaking the engine object","duration":0.8972499999999854,"failureMessages":[],"meta":{},"tags":[]},{"ancestorTitles":["adapter ports"],"fullName":"adapter ports ticks through an injected frame source and cancels on dispose","status":"passed","title":"ticks through an injected frame source and cancels on dispose","duration":0.8483650000000011,"failureMessages":[],"meta":{},"tags":[]},{"ancestorTitles":["adapter ports"],"fullName":"adapter ports applies perspective once and never applies blocked patches","status":"passed","title":"applies perspective once and never applies blocked patches","duration":0.5447460000000035,"failureMessages":[],"meta":{},"tags":[]}],"startTime":1786667751322,"endTime":1786667751330.5447,"status":"passed","message":"","name":"/home/runner/work/motion5/motion5/packages/core/test/contract/adapters.test.ts"},{"assertionResults":[{"ancestorTitles":["GSAP absolute multi-property stops (P0-3)"],"fullName":"GSAP absolute multi-property stops (P0-3) uses one shared paused timeline with independent absolute grids","status":"passed","title":"uses one shared paused timeline with independent absolute grids","duration":20.396931999999993,"failureMessages":[],"meta":{},"tags":[]},{"ancestorTitles":["GSAP absolute multi-property stops (P0-3)"],"fullName":"GSAP absolute multi-property stops (P0-3) preserves authored easing without resampling a linear sibling","status":"passed","title":"preserves authored easing without resampling a linear sibling","duration":1.5247779999999977,"failureMessages":[],"meta":{},"tags":[]},{"ancestorTitles":["GSAP absolute multi-property stops (P0-3)"],"fullName":"GSAP absolute multi-property stops (P0-3) uses tweenVars ease when a stop does not override it","status":"passed","title":"uses tweenVars ease when a stop does not override it","duration":0.43450499999997305,"failureMessages":[],"meta":{},"tags":[]}],"startTime":1786667750959,"endTime":1786667750981.5247,"status":"passed","message":"","name":"/home/runner/work/motion5/motion5/packages/core/test/contract/gsap-absolute-stops.test.ts"},{"assertionResults":[{"ancestorTitles":["GSAP authored-duration pinning (P0-3b)"],"fullName":"GSAP authored-duration pinning (P0-3b) keeps the authored duration when the last stop ends before the end","status":"passed","title":"keeps the authored duration when the last stop ends before the end","duration":5.417445000000043,"failureMessages":[],"meta":{},"tags":[]},{"ancestorTitles":["GSAP authored-duration pinning (P0-3b)"],"fullName":"GSAP authored-duration pinning (P0-3b) scales the shared tween by the configured track duration","status":"passed","title":"scales the shared tween by the configured track duration","duration":0.9632379999999898,"failureMessages":[],"meta":{},"tags":[]},{"ancestorTitles":["GSAP authored-duration pinning (P0-3b)"],"fullName":"GSAP authored-duration pinning (P0-3b) holds every property independently when grids end at different positions","status":"passed","title":"holds every property independently when grids end at different positions","duration":14.08773500000001,"failureMessages":[],"meta":{},"tags":[]},{"ancestorTitles":["GSAP authored-duration pinning (P0-3b)"],"fullName":"GSAP authored-duration pinning (P0-3b) reports the authored duration for a track with no authored stops","status":"passed","title":"reports the authored duration for a track with no authored stops","duration":0.8713839999999777,"failureMessages":[],"meta":{},"tags":[]},{"ancestorTitles":["GSAP authored-duration pinning (P0-3b)"],"fullName":"GSAP authored-duration pinning (P0-3b) uses one shared tween and never publishes GSAP bookkeeping","status":"passed","title":"uses one shared tween and never publishes GSAP bookkeeping","duration":4.179705000000013,"failureMessages":[],"meta":{},"tags":[]}],"startTime":1786667750314,"endTime":1786667750340.1797,"status":"passed","message":"","name":"/home/runner/work/motion5/motion5/packages/core/test/contract/gsap-authored-duration.test.ts"},{"assertionResults":[{"ancestorTitles":["GSAP multi-stop compilation (B2)"],"fullName":"GSAP multi-stop compilation (B2) interpolates authored stops at 0, 0.5, and 1 using real GSAP state","status":"passed","title":"interpolates authored stops at 0, 0.5, and 1 using real GSAP state","duration":6.24632299999999,"failureMessages":[],"meta":{},"tags":[]}],"startTime":1786667754089,"endTime":1786667754095.2463,"status":"passed","message":"","name":"/home/runner/work/motion5/motion5/packages/core/test/contract/gsap-multi-stop.test.ts"},{"assertionResults":[{"ancestorTitles":["GSAP interpolator clock ownership (P0-2)"],"fullName":"GSAP interpolator clock ownership (P0-2) creates a paused parent timeline so the project clock is the only clock owner","status":"passed","title":"creates a paused parent timeline so the project clock is the only clock owner","duration":3.6746060000000114,"failureMessages":[],"meta":{},"tags":[]},{"ancestorTitles":["GSAP interpolator clock ownership (P0-2)"],"fullName":"GSAP interpolator clock ownership (P0-2) is paused according to real GSAP, not according to the fixture","status":"passed","title":"is paused according to real GSAP, not according to the fixture","duration":2.610678000000007,"failureMessages":[],"meta":{},"tags":[]}],"startTime":1786667753006,"endTime":1786667753012.6106,"status":"passed","message":"","name":"/home/runner/work/motion5/motion5/packages/core/test/contract/gsap-paused-timeline.test.ts"},{"assertionResults":[{"ancestorTitles":["S2 sparse percent-keyframe compilation"],"fullName":"S2 sparse percent-keyframe compilation does not inject sibling or boundary properties into authored percent entries","status":"passed","title":"does not inject sibling or boundary properties into authored percent entries","duration":16.795782000000003,"failureMessages":[],"meta":{},"tags":[]},{"ancestorTitles":["S2 sparse percent-keyframe compilation"],"fullName":"S2 sparse percent-keyframe compilation preserves authored ease without injecting ease none","status":"passed","title":"preserves authored ease without injecting ease none","duration":1.002804999999995,"failureMessages":[],"meta":{},"tags":[]},{"ancestorTitles":["S2 sparse percent-keyframe compilation"],"fullName":"S2 sparse percent-keyframe compilation returns a structured ease-collision diagnostic with sorted property ids","status":"passed","title":"returns a structured ease-collision diagnostic with sorted property ids","duration":0.6731750000000147,"failureMessages":[],"meta":{},"tags":[]}],"startTime":1786667752289,"endTime":1786667752307.673,"status":"passed","message":"","name":"/home/runner/work/motion5/motion5/packages/core/test/contract/gsap-sparse-percent-map.test.ts"},{"assertionResults":[{"ancestorTitles":["Clock port contract"],"fullName":"Clock port contract emits monotonic ticks and accumulated time","status":"passed","title":"emits monotonic ticks and accumulated time","duration":3.06973099999999,"failureMessages":[],"meta":{},"tags":[]},{"ancestorTitles":["Clock port contract"],"fullName":"Clock port contract unsubscribes and rejects invalid deltas","status":"passed","title":"unsubscribes and rejects invalid deltas","duration":0.7787819999999783,"failureMessages":[],"meta":{},"tags":[]},{"ancestorTitles":["Interpolator port contract"],"fullName":"Interpolator port contract exposes deterministic adapter-owned state for authored stops","status":"passed","title":"exposes deterministic adapter-owned state for authored stops","duration":1.0842250000000035,"failureMessages":[],"meta":{},"tags":[]},{"ancestorTitles":["Interpolator port contract"],"fullName":"Interpolator port contract creates a controllable timeline and kills it","status":"passed","title":"creates a controllable timeline and kills it","duration":1.2383049999999969,"failureMessages":[],"meta":{},"tags":[]},{"ancestorTitles":["Scheduler port contract"],"fullName":"Scheduler port contract runs pending jobs and supports cancellation","status":"passed","title":"runs pending jobs and supports cancellation","duration":0.5012650000000178,"failureMessages":[],"meta":{},"tags":[]}],"startTime":1786667752461,"endTime":1786667752468.5012,"status":"passed","message":"","name":"/home/runner/work/motion5/motion5/packages/core/test/contract/ports.test.ts"},{"assertionResults":[{"ancestorTitles":["S4 single authored-stop validator"],"fullName":"S4 single authored-stop validator exports the shared validator and reports authored missing-boundary warnings","status":"passed","title":"exports the shared validator and reports authored missing-boundary warnings","duration":3.4304439999999943,"failureMessages":[],"meta":{},"tags":[]},{"ancestorTitles":["S4 single authored-stop validator"],"fullName":"S4 single authored-stop validator uses the same validation rules for contributed properties with a namespaced prefix","status":"passed","title":"uses the same validation rules for contributed properties with a namespaced prefix","duration":0.7733389999999929,"failureMessages":[],"meta":{},"tags":[]}],"startTime":1786667753588,"endTime":1786667753591.7734,"status":"passed","message":"","name":"/home/runner/work/motion5/motion5/packages/core/test/contract/s4-validation-owner.test.ts"},{"assertionResults":[{"ancestorTitles":["schema v5 validator"],"fullName":"schema v5 validator accepts the minimal v5 project","status":"passed","title":"accepts the minimal v5 project","duration":2.510317000000015,"failureMessages":[],"meta":{},"tags":[]},{"ancestorTitles":["schema v5 validator"],"fullName":"schema v5 validator rejects malformed, non-finite, out-of-range, non-monotonic, and duplicate stops","status":"passed","title":"rejects malformed, non-finite, out-of-range, non-monotonic, and duplicate stops","duration":0.9603839999999764,"failureMessages":[],"meta":{},"tags":[]},{"ancestorTitles":["schema v5 validator"],"fullName":"schema v5 validator warns when a property does not cover both interpolation endpoints","status":"passed","title":"warns when a property does not cover both interpolation endpoints","duration":0.9421350000000075,"failureMessages":[],"meta":{},"tags":[]},{"ancestorTitles":["schema v5 validator"],"fullName":"schema v5 validator rejects v4 and reports the schema path","status":"passed","title":"rejects v4 and reports the schema path","duration":0.6365140000000054,"failureMessages":[],"meta":{},"tags":[]},{"ancestorTitles":["schema v5 validator"],"fullName":"schema v5 validator accepts perspective for 3D content and rejects invalid perspective","status":"passed","title":"accepts perspective for 3D content and rejects invalid perspective","duration":0.4200179999999989,"failureMessages":[],"meta":{},"tags":[]},{"ancestorTitles":["schema v5 validator"],"fullName":"schema v5 validator warns, but does not reject, 3D content without perspective","status":"passed","title":"warns, but does not reject, 3D content without perspective","duration":0.3949360000000013,"failureMessages":[],"meta":{},"tags":[]},{"ancestorTitles":["schema v5 validator"],"fullName":"schema v5 validator rejects duplicate ids, invalid triggers, and malformed freeTracks","status":"passed","title":"rejects duplicate ids, invalid triggers, and malformed freeTracks","duration":0.9006669999999986,"failureMessages":[],"meta":{},"tags":[]},{"ancestorTitles":["schema v5 validator"],"fullName":"schema v5 validator rejects invalid observation roles, unknown sources, self references, and cycles","status":"passed","title":"rejects invalid observation roles, unknown sources, self references, and cycles","duration":0.9478229999999996,"failureMessages":[],"meta":{},"tags":[]},{"ancestorTitles":["schema v5 validator"],"fullName":"schema v5 validator accepts free-track references in the reserved namespace","status":"passed","title":"accepts free-track references in the reserved namespace","duration":0.5597939999999824,"failureMessages":[],"meta":{},"tags":[]}],"startTime":1786667748970,"endTime":1786667748977.5598,"status":"passed","message":"","name":"/home/runner/work/motion5/motion5/packages/core/test/contract/v5-validator.test.ts"},{"assertionResults":[{"ancestorTitles":["one observation-validation owner (P1-12)"],"fullName":"one observation-validation owner (P1-12) accepts a track observing a sibling named after its own motion","status":"passed","title":"accepts a track observing a sibling named after its own motion","duration":4.600065000000001,"failureMessages":[],"meta":{},"tags":[]},{"ancestorTitles":["one observation-validation owner (P1-12)"],"fullName":"one observation-validation owner (P1-12) reports an actual self-reference identically from both owners","status":"passed","title":"reports an actual self-reference identically from both owners","duration":0.6510430000000156,"failureMessages":[],"meta":{},"tags":[]},{"ancestorTitles":["one observation-validation owner (P1-12)"],"fullName":"one observation-validation owner (P1-12) reports a cycle identically from both owners","status":"passed","title":"reports a cycle identically from both owners","duration":0.9710299999999847,"failureMessages":[],"meta":{},"tags":[]},{"ancestorTitles":["one observation-validation owner (P1-12)"],"fullName":"one observation-validation owner (P1-12) spells edge identity the same way in both owners","status":"passed","title":"spells edge identity the same way in both owners","duration":0.3528790000000015,"failureMessages":[],"meta":{},"tags":[]},{"ancestorTitles":["one observation-validation owner (P1-12)"],"fullName":"one observation-validation owner (P1-12) keeps two observers of one source out of each other's duplicate check","status":"passed","title":"keeps two observers of one source out of each other's duplicate check","duration":0.6293179999999836,"failureMessages":[],"meta":{},"tags":[]},{"ancestorTitles":["one observation-validation owner (P1-12)"],"fullName":"one observation-validation owner (P1-12) mints a frozen snapshot instead of returning the caller's object","status":"passed","title":"mints a frozen snapshot instead of returning the caller's object","duration":0.7295680000000004,"failureMessages":[],"meta":{},"tags":[]}],"startTime":1786667749093,"endTime":1786667749100.7295,"status":"passed","message":"","name":"/home/runner/work/motion5/motion5/packages/core/test/contract/validation-owner.test.ts"},{"assertionResults":[{"ancestorTitles":["@motion5/core placeholder surface"],"fullName":"@motion5/core placeholder surface pins the authored schema contract at version 5","status":"passed","title":"pins the authored schema contract at version 5","duration":2.35325499999999,"failureMessages":[],"meta":{},"tags":[]},{"ancestorTitles":["@motion5/core placeholder surface"],"fullName":"@motion5/core placeholder surface versions the runtime independently of the authored schema","status":"passed","title":"versions the runtime independently of the authored schema","duration":1.0814809999999966,"failureMessages":[],"meta":{},"tags":[]}],"startTime":1786667754225,"endTime":1786667754229.0815,"status":"passed","message":"","name":"/home/runner/work/motion5/motion5/packages/core/test/unit/placeholder.test.ts"},{"assertionResults":[{"ancestorTitles":["qualified node ids"],"fullName":"qualified node ids qualifies motion and free tracks exactly once","status":"passed","title":"qualifies motion and free tracks exactly once","duration":2.2680509999999856,"failureMessages":[],"meta":{},"tags":[]},{"ancestorTitles":["qualified node ids"],"fullName":"qualified node ids round-trips qualified ids without losing identity","status":"passed","title":"round-trips qualified ids without losing identity","duration":0.5255209999999977,"failureMessages":[],"meta":{},"tags":[]},{"ancestorTitles":["qualified node ids"],"fullName":"qualified node ids rejects reserved or malformed authored ids","status":"passed","title":"rejects reserved or malformed authored ids","duration":2.2560670000000016,"failureMessages":[],"meta":{},"tags":[]},{"ancestorTitles":["qualified node ids"],"fullName":"qualified node ids keeps same local names distinct across owners","status":"passed","title":"keeps same local names distinct across owners","duration":0.5863990000000001,"failureMessages":[],"meta":{},"tags":[]},{"ancestorTitles":["qualified node ids"],"fullName":"qualified node ids returns frozen identity records","status":"passed","title":"returns frozen identity records","duration":0.3006069999999852,"failureMessages":[],"meta":{},"tags":[]}],"startTime":1786667753142,"endTime":1786667753148.5864,"status":"passed","message":"","name":"/home/runner/work/motion5/motion5/packages/core/test/unit/graph/ids.test.ts"},{"assertionResults":[{"ancestorTitles":["graph IR and candidate validation"],"fullName":"graph IR and candidate validation normalizes motion and free tracks into one frozen node model","status":"passed","title":"normalizes motion and free tracks into one frozen node model","duration":4.034616,"failureMessages":[],"meta":{},"tags":[]},{"ancestorTitles":["graph IR and candidate validation"],"fullName":"graph IR and candidate validation resolves local, free, and cross-motion observation sources","status":"passed","title":"resolves local, free, and cross-motion observation sources","duration":0.7811390000000245,"failureMessages":[],"meta":{},"tags":[]},{"ancestorTitles":["graph IR and candidate validation"],"fullName":"graph IR and candidate validation rejects unknown, duplicate, self, and role-invalid edges before mount","status":"passed","title":"rejects unknown, duplicate, self, and role-invalid edges before mount","duration":0.7888159999999971,"failureMessages":[],"meta":{},"tags":[]},{"ancestorTitles":["graph IR and candidate validation"],"fullName":"graph IR and candidate validation rejects duplicate motion and node identities","status":"passed","title":"rejects duplicate motion and node identities","duration":1.1975700000000131,"failureMessages":[],"meta":{},"tags":[]},{"ancestorTitles":["graph IR and candidate validation"],"fullName":"graph IR and candidate validation orders diagnostics deterministically","status":"passed","title":"orders diagnostics deterministically","duration":0.43069499999998584,"failureMessages":[],"meta":{},"tags":[]},{"ancestorTitles":["graph IR and candidate validation"],"fullName":"graph IR and candidate validation breaks diagnostic ties by code unit, not by locale collation","status":"passed","title":"breaks diagnostic ties by code unit, not by locale collation","duration":0.3682939999999917,"failureMessages":[],"meta":{},"tags":[]}],"startTime":1786667749867,"endTime":1786667749874.4307,"status":"passed","message":"","name":"/home/runner/work/motion5/motion5/packages/core/test/unit/graph/ir-validation.test.ts"},{"assertionResults":[{"ancestorTitles":["observation projection validation (X-1)"],"fullName":"observation projection validation (X-1) rejects an input projection that is neither pick nor map","status":"passed","title":"rejects an input projection that is neither pick nor map","duration":4.189223999999996,"failureMessages":[],"meta":{},"tags":[]},{"ancestorTitles":["observation projection validation (X-1)"],"fullName":"observation projection validation (X-1) accepts projected input observations without the compatibility target","status":"passed","title":"accepts projected input observations without the compatibility target","duration":1.6104249999999922,"failureMessages":[],"meta":{},"tags":[]}],"startTime":1786667753357,"endTime":1786667753362.6104,"status":"passed","message":"","name":"/home/runner/work/motion5/motion5/packages/core/test/unit/graph/observation-projection-validation.test.ts"},{"assertionResults":[{"ancestorTitles":["stable observation state"],"fullName":"stable observation state I-1 keeps a held reference authoritative across commit and rollback","status":"passed","title":"I-1 keeps a held reference authoritative across commit and rollback","duration":5.642662999999999,"failureMessages":[],"meta":{},"tags":[]},{"ancestorTitles":["stable observation state"],"fullName":"stable observation state I-1 replays the journal in reverse to restore an exact structural snapshot","status":"passed","title":"I-1 replays the journal in reverse to restore an exact structural snapshot","duration":1.216019000000017,"failureMessages":[],"meta":{},"tags":[]},{"ancestorTitles":["stable observation state"],"fullName":"stable observation state releases the journal only after a successful commit","status":"passed","title":"releases the journal only after a successful commit","duration":0.8184339999999963,"failureMessages":[],"meta":{},"tags":[]},{"ancestorTitles":["stable observation state"],"fullName":"stable observation state clears the journal after a rollback so a second rollback is a no-op","status":"passed","title":"clears the journal after a rollback so a second rollback is a no-op","duration":0.5816360000000032,"failureMessages":[],"meta":{},"tags":[]},{"ancestorTitles":["stable observation state"],"fullName":"stable observation state exposes no rebuild-from-snapshot seam","status":"passed","title":"exposes no rebuild-from-snapshot seam","duration":0.27168499999999085,"failureMessages":[],"meta":{},"tags":[]},{"ancestorTitles":["stable observation state"],"fullName":"stable observation state refuses duplicates, unknown endpoints, and removal of a connected node","status":"passed","title":"refuses duplicates, unknown endpoints, and removal of a connected node","duration":1.0938869999999952,"failureMessages":[],"meta":{},"tags":[]},{"ancestorTitles":["stable observation state"],"fullName":"stable observation state indexes both directions and orders snapshots canonically","status":"passed","title":"indexes both directions and orders snapshots canonically","duration":0.5880929999999864,"failureMessages":[],"meta":{},"tags":[]},{"ancestorTitles":["stable observation state"],"fullName":"stable observation state hands out frozen snapshots and frozen live edges","status":"passed","title":"hands out frozen snapshots and frozen live edges","duration":0.37465700000001334,"failureMessages":[],"meta":{},"tags":[]}],"startTime":1786667748812,"endTime":1786667748823.3748,"status":"passed","message":"","name":"/home/runner/work/motion5/motion5/packages/core/test/unit/graph/observation-state.test.ts"},{"assertionResults":[{"ancestorTitles":["canonical order and cycle detection"],"fullName":"canonical order and cycle detection emits every source before its observers and composes a diamond once","status":"passed","title":"emits every source before its observers and composes a diamond once","duration":6.692228,"failureMessages":[],"meta":{},"tags":[]},{"ancestorTitles":["canonical order and cycle detection"],"fullName":"canonical order and cycle detection is a pure function of qualified ids and authored order, not of input order","status":"passed","title":"is a pure function of qualified ids and authored order, not of input order","duration":0.5887319999999931,"failureMessages":[],"meta":{},"tags":[]},{"ancestorTitles":["canonical order and cycle detection"],"fullName":"canonical order and cycle detection keeps disconnected components in canonical id order","status":"passed","title":"keeps disconnected components in canonical id order","duration":2.564161999999982,"failureMessages":[],"meta":{},"tags":[]},{"ancestorTitles":["canonical order and cycle detection"],"fullName":"canonical order and cycle detection reports a self cycle as a single-node path","status":"passed","title":"reports a self cycle as a single-node path","duration":0.678071000000017,"failureMessages":[],"meta":{},"tags":[]},{"ancestorTitles":["canonical order and cycle detection"],"fullName":"canonical order and cycle detection names the minimal path of every distinct cycle","status":"passed","title":"names the minimal path of every distinct cycle","duration":0.9088549999999884,"failureMessages":[],"meta":{},"tags":[]},{"ancestorTitles":["canonical order and cycle detection"],"fullName":"canonical order and cycle detection carries canonical order on the immutable IR","status":"passed","title":"carries canonical order on the immutable IR","duration":4.417065000000008,"failureMessages":[],"meta":{},"tags":[]},{"ancestorTitles":["canonical order and cycle detection"],"fullName":"canonical order and cycle detection rejects a cyclic project before mount","status":"passed","title":"rejects a cyclic project before mount","duration":0.5051759999999774,"failureMessages":[],"meta":{},"tags":[]},{"ancestorTitles":["canonical order and cycle detection"],"fullName":"canonical order and cycle detection produces byte-identical diagnostics for the same cyclic input","status":"passed","title":"produces byte-identical diagnostics for the same cyclic input","duration":0.36386800000002495,"failureMessages":[],"meta":{},"tags":[]}],"startTime":1786667749750,"endTime":1786667749767.5051,"status":"passed","message":"","name":"/home/runner/work/motion5/motion5/packages/core/test/unit/graph/order.test.ts"},{"assertionResults":[{"ancestorTitles":["lifecycle primitives"],"fullName":"lifecycle primitives supports created, mounted, detached, and remounted states","status":"passed","title":"supports created, mounted, detached, and remounted states","duration":2.3595080000000053,"failureMessages":[],"meta":{},"tags":[]},{"ancestorTitles":["lifecycle primitives"],"fullName":"lifecycle primitives sets destroyed before callbacks and makes dispose idempotent","status":"passed","title":"sets destroyed before callbacks and makes dispose idempotent","duration":1.0712230000000034,"failureMessages":[],"meta":{},"tags":[]},{"ancestorTitles":["lifecycle primitives"],"fullName":"lifecycle primitives calls detach only from mounted and never after destruction","status":"passed","title":"calls detach only from mounted and never after destruction","duration":1.2835269999999923,"failureMessages":[],"meta":{},"tags":[]},{"ancestorTitles":["lifecycle primitives"],"fullName":"lifecycle primitives rejects invalid transitions","status":"passed","title":"rejects invalid transitions","duration":1.179019000000011,"failureMessages":[],"meta":{},"tags":[]},{"ancestorTitles":["lifecycle primitives"],"fullName":"lifecycle primitives destroy is an idempotent alias for dispose","status":"passed","title":"destroy is an idempotent alias for dispose","duration":0.3138749999999959,"failureMessages":[],"meta":{},"tags":[]}],"startTime":1786667752928,"endTime":1786667752934.314,"status":"passed","message":"","name":"/home/runner/work/motion5/motion5/packages/core/test/unit/domain/lifecycle.test.ts"},{"assertionResults":[{"ancestorTitles":["Motion composite"],"fullName":"Motion composite preserves authored order and computes deterministic stagger offsets","status":"passed","title":"preserves authored order and computes deterministic stagger offsets","duration":3.4599680000000035,"failureMessages":[],"meta":{},"tags":[]},{"ancestorTitles":["Motion composite"],"fullName":"Motion composite plays through one clock subscription and scheduler jobs","status":"passed","title":"plays through one clock subscription and scheduler jobs","duration":1.8592629999999986,"failureMessages":[],"meta":{},"tags":[]},{"ancestorTitles":["Motion composite"],"fullName":"Motion composite converts clock time into normalized progress using authored duration","status":"passed","title":"converts clock time into normalized progress using authored duration","duration":0.3368499999999983,"failureMessages":[],"meta":{},"tags":[]},{"ancestorTitles":["Motion composite"],"fullName":"Motion composite pausing detaches the clock and play resubscribes without duplicate work","status":"passed","title":"pausing detaches the clock and play resubscribes without duplicate work","duration":0.5432079999999928,"failureMessages":[],"meta":{},"tags":[]},{"ancestorTitles":["Motion composite"],"fullName":"Motion composite clamps seek and rejects non-finite values","status":"passed","title":"clamps seek and rejects non-finite values","duration":1.0947519999999997,"failureMessages":[],"meta":{},"tags":[]},{"ancestorTitles":["Motion composite"],"fullName":"Motion composite pauses and disposes owner-first without leaking clock work","status":"passed","title":"pauses and disposes owner-first without leaking clock work","duration":0.5850980000000163,"failureMessages":[],"meta":{},"tags":[]}],"startTime":1786667751546,"endTime":1786667751553.5852,"status":"passed","message":"","name":"/home/runner/work/motion5/motion5/packages/core/test/unit/domain/motion.test.ts"},{"assertionResults":[{"ancestorTitles":["S5 contribution completeness"],"fullName":"S5 contribution completeness rejects a contributed key with no registered owner","status":"passed","title":"rejects a contributed key with no registered owner","duration":4.1778679999999895,"failureMessages":[],"meta":{},"tags":[]},{"ancestorTitles":["S5 contribution completeness"],"fullName":"S5 contribution completeness rejects a contributor attempting to overwrite a reserved tween var","status":"passed","title":"rejects a contributor attempting to overwrite a reserved tween var","duration":1.1510330000000124,"failureMessages":[],"meta":{},"tags":[]},{"ancestorTitles":["S5 contribution completeness"],"fullName":"S5 contribution completeness bounds a two-hop contribution chain instead of silently accepting it","status":"passed","title":"bounds a two-hop contribution chain instead of silently accepting it","duration":0.5087290000000166,"failureMessages":[],"meta":{},"tags":[]}],"startTime":1786667752531,"endTime":1786667752536.5088,"status":"passed","message":"","name":"/home/runner/work/motion5/motion5/packages/core/test/unit/domain/plugin-contribution-completeness.test.ts"},{"assertionResults":[{"ancestorTitles":["plugin contribution contract (X-3)"],"fullName":"plugin contribution contract (X-3) passes the authored key, stops, and frozen track view to the contributor","status":"passed","title":"passes the authored key, stops, and frozen track view to the contributor","duration":4.276164999999992,"failureMessages":[],"meta":{},"tags":[]},{"ancestorTitles":["plugin contribution contract (X-3)"],"fullName":"plugin contribution contract (X-3) preserves both keyframes and tweenVars from one explicit contribution","status":"passed","title":"preserves both keyframes and tweenVars from one explicit contribution","duration":0.9507449999999835,"failureMessages":[],"meta":{},"tags":[]},{"ancestorTitles":["plugin contribution contract (X-3)"],"fullName":"plugin contribution contract (X-3) runs exactly one predicate owner instead of allowing last-write-wins","status":"passed","title":"runs exactly one predicate owner instead of allowing last-write-wins","duration":1.9510700000000156,"failureMessages":[],"meta":{},"tags":[]},{"ancestorTitles":["plugin contribution contract (X-3)"],"fullName":"plugin contribution contract (X-3) rejects malformed contributed stops instead of installing them","status":"passed","title":"rejects malformed contributed stops instead of installing them","duration":1.3559329999999932,"failureMessages":[],"meta":{},"tags":[]}],"startTime":1786667750285,"endTime":1786667750293.356,"status":"passed","message":"","name":"/home/runner/work/motion5/motion5/packages/core/test/unit/domain/plugin-contribution-contract.test.ts"},{"assertionResults":[{"ancestorTitles":["plugin registry"],"fullName":"plugin registry resolves authored keys in deterministic order","status":"passed","title":"resolves authored keys in deterministic order","duration":5.146038999999973,"failureMessages":[],"meta":{},"tags":[]},{"ancestorTitles":["plugin registry"],"fullName":"plugin registry resolves authored keys and reports unsupported keys","status":"passed","title":"resolves authored keys and reports unsupported keys","duration":0.6281240000000139,"failureMessages":[],"meta":{},"tags":[]},{"ancestorTitles":["plugin registry"],"fullName":"plugin registry orders authored-key plugins by stage, priority, then registration order","status":"passed","title":"orders authored-key plugins by stage, priority, then registration order","duration":1.2287370000000237,"failureMessages":[],"meta":{},"tags":[]},{"ancestorTitles":["plugin registry"],"fullName":"plugin registry retains and invokes the compile-time contribution hook","status":"passed","title":"retains and invokes the compile-time contribution hook","duration":1.5158999999999878,"failureMessages":[],"meta":{},"tags":[]},{"ancestorTitles":["plugin registry"],"fullName":"plugin registry rejects duplicate output ownership deterministically","status":"passed","title":"rejects duplicate output ownership deterministically","duration":1.180264999999963,"failureMessages":[],"meta":{},"tags":[]},{"ancestorTitles":["plugin registry"],"fullName":"plugin registry rejects duplicate exact key ownership at registration","status":"passed","title":"rejects duplicate exact key ownership at registration","duration":1.3257960000000253,"failureMessages":[],"meta":{},"tags":[]},{"ancestorTitles":["plugin registry"],"fullName":"plugin registry lets exact ownership beat a predicate fallback","status":"passed","title":"lets exact ownership beat a predicate fallback","duration":0.7888419999999883,"failureMessages":[],"meta":{},"tags":[]},{"ancestorTitles":["plugin registry"],"fullName":"plugin registry rejects a contributor without prepare stage","status":"passed","title":"rejects a contributor without prepare stage","duration":0.3694659999999885,"failureMessages":[],"meta":{},"tags":[]},{"ancestorTitles":["plugin registry"],"fullName":"plugin registry rejects fractional priorities","status":"passed","title":"rejects fractional priorities","duration":1.0442600000000084,"failureMessages":[],"meta":{},"tags":[]},{"ancestorTitles":["plugin registry"],"fullName":"plugin registry rejects duplicate input ownership at registration","status":"passed","title":"rejects duplicate input ownership at registration","duration":1.010616999999968,"failureMessages":[],"meta":{},"tags":[]},{"ancestorTitles":["plugin registry"],"fullName":"plugin registry rejects duplicate registration and malformed metadata","status":"passed","title":"rejects duplicate registration and malformed metadata","duration":1.5480469999999968,"failureMessages":[],"meta":{},"tags":[]},{"ancestorTitles":["plugin registry"],"fullName":"plugin registry detaches resolved plugins from later registry mutation","status":"passed","title":"detaches resolved plugins from later registry mutation","duration":0.3245149999999626,"failureMessages":[],"meta":{},"tags":[]}],"startTime":1786667748574,"endTime":1786667748591.3245,"status":"passed","message":"","name":"/home/runner/work/motion5/motion5/packages/core/test/unit/domain/plugins.test.ts"},{"assertionResults":[{"ancestorTitles":["S7 plugin evidence"],"fullName":"S7 plugin evidence invokes each owned contributor exactly once and permits identical tween vars","status":"passed","title":"invokes each owned contributor exactly once and permits identical tween vars","duration":5.056723000000005,"failureMessages":[],"meta":{},"tags":[]},{"ancestorTitles":["S7 plugin evidence"],"fullName":"S7 plugin evidence keeps preparation and diagnostics deterministic across registration order","status":"passed","title":"keeps preparation and diagnostics deterministic across registration order","duration":0.9197430000000111,"failureMessages":[],"meta":{},"tags":[]},{"ancestorTitles":["S7 plugin evidence"],"fullName":"S7 plugin evidence sorts duplicate output diagnostic ids","status":"passed","title":"sorts duplicate output diagnostic ids","duration":0.6085009999999897,"failureMessages":[],"meta":{},"tags":[]}],"startTime":1786667752694,"endTime":1786667752700.6084,"status":"passed","message":"","name":"/home/runner/work/motion5/motion5/packages/core/test/unit/domain/s7-plugin-evidence.test.ts"},{"assertionResults":[{"ancestorTitles":["Track leaf"],"fullName":"Track leaf clamps progress and marks the leaf dirty only when progress changes","status":"passed","title":"clamps progress and marks the leaf dirty only when progress changes","duration":5.249856999999992,"failureMessages":[],"meta":{},"tags":[]},{"ancestorTitles":["Track leaf"],"fullName":"Track leaf rejects non-finite progress and composes local values once per dirty state","status":"passed","title":"rejects non-finite progress and composes local values once per dirty state","duration":2.3789350000000127,"failureMessages":[],"meta":{},"tags":[]},{"ancestorTitles":["Track leaf"],"fullName":"Track leaf recomposes a clean track when its inputs change","status":"passed","title":"recomposes a clean track when its inputs change","duration":0.932438999999988,"failureMessages":[],"meta":{},"tags":[]},{"ancestorTitles":["Track leaf"],"fullName":"Track leaf is a leaf with no composite or graph API","status":"passed","title":"is a leaf with no composite or graph API","duration":0.54421099999999,"failureMessages":[],"meta":{},"tags":[]},{"ancestorTitles":["Track leaf"],"fullName":"Track leaf disposes once and rejects future work","status":"passed","title":"disposes once and rejects future work","duration":0.81866500000001,"failureMessages":[],"meta":{},"tags":[]}],"startTime":1786667750708,"endTime":1786667750717.8186,"status":"passed","message":"","name":"/home/runner/work/motion5/motion5/packages/core/test/unit/domain/track.test.ts"},{"assertionResults":[{"ancestorTitles":["trigger delegates"],"fullName":"trigger delegates normalizes manual into a progress command","status":"passed","title":"normalizes manual into a progress command","duration":4.352367999999984,"failureMessages":[],"meta":{},"tags":[]},{"ancestorTitles":["trigger delegates"],"fullName":"trigger delegates normalizes scroll into a progress command","status":"passed","title":"normalizes scroll into a progress command","duration":0.6032009999999843,"failureMessages":[],"meta":{},"tags":[]},{"ancestorTitles":["trigger delegates"],"fullName":"trigger delegates normalizes time into a progress command","status":"passed","title":"normalizes time into a progress command","duration":0.5406530000000203,"failureMessages":[],"meta":{},"tags":[]},{"ancestorTitles":["trigger delegates"],"fullName":"trigger delegates rejects a second attachment and mismatched signals","status":"passed","title":"rejects a second attachment and mismatched signals","duration":1.42048699999998,"failureMessages":[],"meta":{},"tags":[]},{"ancestorTitles":["trigger delegates"],"fullName":"trigger delegates validates progress and detaches cleanly","status":"passed","title":"validates progress and detaches cleanly","duration":0.7024020000000064,"failureMessages":[],"meta":{},"tags":[]},{"ancestorTitles":["trigger delegates"],"fullName":"trigger delegates does not depend on browser or DOM globals","status":"passed","title":"does not depend on browser or DOM globals","duration":2.9562170000000094,"failureMessages":[],"meta":{},"tags":[]}],"startTime":1786667753594,"endTime":1786667753604.9563,"status":"passed","message":"","name":"/home/runner/work/motion5/motion5/packages/core/test/unit/domain/triggers.test.ts"},{"assertionResults":[{"ancestorTitles":["immutable value snapshots"],"fullName":"immutable value snapshots deeply freezes nested records and arrays","status":"passed","title":"deeply freezes nested records and arrays","duration":2.7493809999999996,"failureMessages":[],"meta":{},"tags":[]},{"ancestorTitles":["immutable value snapshots"],"fullName":"immutable value snapshots is idempotent for an already frozen value","status":"passed","title":"is idempotent for an already frozen value","duration":0.3705940000000112,"failureMessages":[],"meta":{},"tags":[]},{"ancestorTitles":["immutable value snapshots"],"fullName":"immutable value snapshots rejects cycles without recursing forever","status":"passed","title":"rejects cycles without recursing forever","duration":0.9253809999999874,"failureMessages":[],"meta":{},"tags":[]},{"ancestorTitles":["immutable value snapshots"],"fullName":"immutable value snapshots rejects unsupported mutable values and non-finite numbers","status":"passed","title":"rejects unsupported mutable values and non-finite numbers","duration":0.4898419999999817,"failureMessages":[],"meta":{},"tags":[]},{"ancestorTitles":["immutable value snapshots"],"fullName":"immutable value snapshots compares records independent of key insertion order","status":"passed","title":"compares records independent of key insertion order","duration":0.7174019999999928,"failureMessages":[],"meta":{},"tags":[]},{"ancestorTitles":["immutable value snapshots"],"fullName":"immutable value snapshots does not confuse repeated references with cycles","status":"passed","title":"does not confuse repeated references with cycles","duration":0.21788499999999544,"failureMessages":[],"meta":{},"tags":[]}],"startTime":1786667753208,"endTime":1786667753214.2178,"status":"passed","message":"","name":"/home/runner/work/motion5/motion5/packages/core/test/unit/domain/values.test.ts"},{"assertionResults":[{"ancestorTitles":["clock and batch identity are independent (P0-1)"],"fullName":"clock and batch identity are independent (P0-1) keeps the clock running after a seek published without a frame","status":"passed","title":"keeps the clock running after a seek published without a frame","duration":7.160681000000011,"failureMessages":[],"meta":{},"tags":[]},{"ancestorTitles":["clock and batch identity are independent (P0-1)"],"fullName":"clock and batch identity are independent (P0-1) separates the clock's frame number from batch identity","status":"passed","title":"separates the clock's frame number from batch identity","duration":2.206079999999986,"failureMessages":[],"meta":{},"tags":[]},{"ancestorTitles":["clock and batch identity are independent (P0-1)"],"fullName":"clock and batch identity are independent (P0-1) reports a failed flush as a diagnostic instead of propagating it into the clock","status":"passed","title":"reports a failed flush as a diagnostic instead of propagating it into the clock","duration":2.922786000000002,"failureMessages":[],"meta":{},"tags":[]},{"ancestorTitles":["clock and batch identity are independent (P0-1)"],"fullName":"clock and batch identity are independent (P0-1) requests the next animation frame even when a clock listener throws","status":"passed","title":"requests the next animation frame even when a clock listener throws","duration":1.4560180000000003,"failureMessages":[],"meta":{},"tags":[]}],"startTime":1786667749451,"endTime":1786667749464.456,"status":"passed","message":"","name":"/home/runner/work/motion5/motion5/packages/core/test/unit/runtime/clock-tick-identity.test.ts"},{"assertionResults":[{"ancestorTitles":["composition and output-shape diagnostics"],"fullName":"composition and output-shape diagnostics diagnoses a plugin returning a non-record composition value","status":"passed","title":"diagnoses a plugin returning a non-record composition value","duration":9.825108,"failureMessages":[],"meta":{},"tags":[]},{"ancestorTitles":["composition and output-shape diagnostics"],"fullName":"composition and output-shape diagnostics diagnoses an output observation whose source has already published a non-record value","status":"passed","title":"diagnoses an output observation whose source has already published a non-record value","duration":0.8045989999999961,"failureMessages":[],"meta":{},"tags":[]},{"ancestorTitles":["composition and output-shape diagnostics"],"fullName":"composition and output-shape diagnostics does not publish malformed composition values as ready patches","status":"passed","title":"does not publish malformed composition values as ready patches","duration":0.5485720000000072,"failureMessages":[],"meta":{},"tags":[]}],"startTime":1786667749976,"endTime":1786667749986.5486,"status":"passed","message":"","name":"/home/runner/work/motion5/motion5/packages/core/test/unit/runtime/composition-output-shape.test.ts"},{"assertionResults":[{"ancestorTitles":["PatchRegistry: listener snapshots (recovery P1-6)"],"fullName":"PatchRegistry: listener snapshots (recovery P1-6) delivers a settled batch to a node listener that an earlier listener unsubscribed","status":"passed","title":"delivers a settled batch to a node listener that an earlier listener unsubscribed","duration":3.9005699999999877,"failureMessages":[],"meta":{},"tags":[]},{"ancestorTitles":["PatchRegistry: listener snapshots (recovery P1-6)"],"fullName":"PatchRegistry: listener snapshots (recovery P1-6) does not deliver a settled batch to a node listener subscribed during notification","status":"passed","title":"does not deliver a settled batch to a node listener subscribed during notification","duration":0.8461489999999969,"failureMessages":[],"meta":{},"tags":[]},{"ancestorTitles":["PatchRegistry: listener snapshots (recovery P1-6)"],"fullName":"PatchRegistry: listener snapshots (recovery P1-6) node and batch listeners follow the same snapshot rule","status":"passed","title":"node and batch listeners follow the same snapshot rule","duration":0.6216650000000072,"failureMessages":[],"meta":{},"tags":[]}],"startTime":1786667752051,"endTime":1786667752056.6216,"status":"passed","message":"","name":"/home/runner/work/motion5/motion5/packages/core/test/unit/runtime/patch-registry-listener-snapshot.test.ts"},{"assertionResults":[{"ancestorTitles":["PatchRegistry: structural change detection (recovery P1-5)"],"fullName":"PatchRegistry: structural change detection (recovery P1-5) suppresses the republish when a freshly allocated nested record is structurally equal","status":"passed","title":"suppresses the republish when a freshly allocated nested record is structurally equal","duration":3.2841219999999964,"failureMessages":[],"meta":{},"tags":[]},{"ancestorTitles":["PatchRegistry: structural change detection (recovery P1-5)"],"fullName":"PatchRegistry: structural change detection (recovery P1-5) key insertion order inside a nested record is not a change","status":"passed","title":"key insertion order inside a nested record is not a change","duration":0.4567959999999971,"failureMessages":[],"meta":{},"tags":[]},{"ancestorTitles":["PatchRegistry: structural change detection (recovery P1-5)"],"fullName":"PatchRegistry: structural change detection (recovery P1-5) republishes when a nested value actually changes","status":"passed","title":"republishes when a nested value actually changes","duration":0.3838439999999821,"failureMessages":[],"meta":{},"tags":[]},{"ancestorTitles":["PatchRegistry: structural change detection (recovery P1-5)"],"fullName":"PatchRegistry: structural change detection (recovery P1-5) republishes when only the order of a nested array changes","status":"passed","title":"republishes when only the order of a nested array changes","duration":1.5554659999999956,"failureMessages":[],"meta":{},"tags":[]},{"ancestorTitles":["PatchRegistry: structural change detection (recovery P1-5)"],"fullName":"PatchRegistry: structural change detection (recovery P1-5) republishes when only a source revision changes","status":"passed","title":"republishes when only a source revision changes","duration":0.5779320000000041,"failureMessages":[],"meta":{},"tags":[]},{"ancestorTitles":["PatchRegistry: structural change detection (recovery P1-5)"],"fullName":"PatchRegistry: structural change detection (recovery P1-5) diagnostics equality is field-wise, so key order is not a change","status":"passed","title":"diagnostics equality is field-wise, so key order is not a change","duration":0.6692689999999857,"failureMessages":[],"meta":{},"tags":[]},{"ancestorTitles":["PatchRegistry: structural change detection (recovery P1-5)"],"fullName":"PatchRegistry: structural change detection (recovery P1-5) republishes when a diagnostic field actually changes","status":"passed","title":"republishes when a diagnostic field actually changes","duration":0.35640699999999015,"failureMessages":[],"meta":{},"tags":[]}],"startTime":1786667749668,"endTime":1786667749675.6692,"status":"passed","message":"","name":"/home/runner/work/motion5/motion5/packages/core/test/unit/runtime/patch-registry-structural-change.test.ts"},{"assertionResults":[{"ancestorTitles":["PatchRegistry: subscriber error handling (recovery A2)"],"fullName":"PatchRegistry: subscriber error handling (recovery A2) a throwing node subscriber does not prevent other subscribers from being notified","status":"passed","title":"a throwing node subscriber does not prevent other subscribers from being notified","duration":4.742318999999981,"failureMessages":[],"meta":{},"tags":[]},{"ancestorTitles":["PatchRegistry: subscriber error handling (recovery A2)"],"fullName":"PatchRegistry: subscriber error handling (recovery A2) closeBatch always fully resets its internal state, even when a subscriber throws, so the next beginBatch succeeds","status":"passed","title":"closeBatch always fully resets its internal state, even when a subscriber throws, so the next beginBatch succeeds","duration":6.297465999999986,"failureMessages":[],"meta":{},"tags":[]},{"ancestorTitles":["PatchRegistry: subscriber error handling (recovery A2)"],"fullName":"PatchRegistry: subscriber error handling (recovery A2) the real caller's original error is not replaced by a recovery close attempt (GraphPublisher-shaped scenario)","status":"passed","title":"the real caller's original error is not replaced by a recovery close attempt (GraphPublisher-shaped scenario)","duration":0.3844320000000039,"failureMessages":[],"meta":{},"tags":[]},{"ancestorTitles":["PatchRegistry: subscriber error handling (recovery A2)"],"fullName":"PatchRegistry: subscriber error handling (recovery A2) GraphPublisher.flush() surfaces the real subscriber error, not a masked 'No patch batch is open'","status":"passed","title":"GraphPublisher.flush() surfaces the real subscriber error, not a masked 'No patch batch is open'","duration":8.181925000000035,"failureMessages":[],"meta":{},"tags":[]}],"startTime":1786667750606,"endTime":1786667750626.182,"status":"passed","message":"","name":"/home/runner/work/motion5/motion5/packages/core/test/unit/runtime/patch-registry-subscriber-errors.test.ts"},{"assertionResults":[{"ancestorTitles":["PatchRegistry"],"fullName":"PatchRegistry I-7 deeply freezes published patches and batches","status":"passed","title":"I-7 deeply freezes published patches and batches","duration":3.607797000000005,"failureMessages":[],"meta":{},"tags":[]},{"ancestorTitles":["PatchRegistry"],"fullName":"PatchRegistry I-8 suppresses unchanged republish and advances revisions only on change","status":"passed","title":"I-8 suppresses unchanged republish and advances revisions only on change","duration":1.0301359999999988,"failureMessages":[],"meta":{},"tags":[]},{"ancestorTitles":["PatchRegistry"],"fullName":"PatchRegistry I-6 notifies node subscribers before batch subscribers and safely snapshots listeners","status":"passed","title":"I-6 notifies node subscribers before batch subscribers and safely snapshots listeners","duration":1.3819129999999973,"failureMessages":[],"meta":{},"tags":[]},{"ancestorTitles":["PatchRegistry"],"fullName":"PatchRegistry does not notify subscribers for an unchanged publish","status":"passed","title":"does not notify subscribers for an unchanged publish","duration":0.39902899999998453,"failureMessages":[],"meta":{},"tags":[]},{"ancestorTitles":["PatchRegistry"],"fullName":"PatchRegistry rejects opening a second empty batch and closing without an open batch","status":"passed","title":"rejects opening a second empty batch and closing without an open batch","duration":1.5012260000000026,"failureMessages":[],"meta":{},"tags":[]}],"startTime":1786667751076,"endTime":1786667751084.5012,"status":"passed","message":"","name":"/home/runner/work/motion5/motion5/packages/core/test/unit/runtime/patch-registry.test.ts"},{"assertionResults":[{"ancestorTitles":["flat projected input observations (X-1)"],"fullName":"flat projected input observations (X-1) merges an upstream record into the observer source object","status":"passed","title":"merges an upstream record into the observer source object","duration":4.677627000000001,"failureMessages":[],"meta":{},"tags":[]},{"ancestorTitles":["flat projected input observations (X-1)"],"fullName":"flat projected input observations (X-1) applies an explicit pick projection before merging input keys","status":"passed","title":"applies an explicit pick projection before merging input keys","duration":0.7467779999999777,"failureMessages":[],"meta":{},"tags":[]},{"ancestorTitles":["flat projected input observations (X-1)"],"fullName":"flat projected input observations (X-1) rejects colliding projected keys instead of silently overwriting","status":"passed","title":"rejects colliding projected keys instead of silently overwriting","duration":1.2632110000000125,"failureMessages":[],"meta":{},"tags":[]}],"startTime":1786667749318,"endTime":1786667749324.2632,"status":"passed","message":"","name":"/home/runner/work/motion5/motion5/packages/core/test/unit/runtime/publisher-flat-inputs.test.ts"},{"assertionResults":[{"ancestorTitles":["subscriber-triggered reentrancy (recovery A3)"],"fullName":"subscriber-triggered reentrancy (recovery A3) defers a subscriber-triggered invalidate instead of running it inside the current flush","status":"passed","title":"defers a subscriber-triggered invalidate instead of running it inside the current flush","duration":4.802728999999999,"failureMessages":[],"meta":{},"tags":[]},{"ancestorTitles":["subscriber-triggered reentrancy (recovery A3)"],"fullName":"subscriber-triggered reentrancy (recovery A3) runs the queued follow-up exactly once on the next tick and then clears it","status":"passed","title":"runs the queued follow-up exactly once on the next tick and then clears it","duration":1.1485459999999534,"failureMessages":[],"meta":{},"tags":[]},{"ancestorTitles":["subscriber-triggered reentrancy (recovery A3)"],"fullName":"subscriber-triggered reentrancy (recovery A3) coalesces several subscriber-triggered invalidations into one follow-up","status":"passed","title":"coalesces several subscriber-triggered invalidations into one follow-up","duration":0.6127879999999664,"failureMessages":[],"meta":{},"tags":[]},{"ancestorTitles":["subscriber-triggered reentrancy (recovery A3)"],"fullName":"subscriber-triggered reentrancy (recovery A3) refuses to open a second batch while subscribers are being notified","status":"passed","title":"refuses to open a second batch while subscribers are being notified","duration":0.9006259999999884,"failureMessages":[],"meta":{},"tags":[]},{"ancestorTitles":["subscriber-triggered reentrancy (recovery A3)"],"fullName":"subscriber-triggered reentrancy (recovery A3) rejects a direct publisher flush from inside a subscriber and stays reusable","status":"passed","title":"rejects a direct publisher flush from inside a subscriber and stays reusable","duration":0.9049160000000143,"failureMessages":[],"meta":{},"tags":[]}],"startTime":1786667748617,"endTime":1786667748624.905,"status":"passed","message":"","name":"/home/runner/work/motion5/motion5/packages/core/test/unit/runtime/publisher-reentrancy.test.ts"},{"assertionResults":[{"ancestorTitles":["scheduler-driven reentrancy (P1-7/P1-8)"],"fullName":"scheduler-driven reentrancy (P1-7/P1-8) drains a subscriber invalidation with zero clock ticks","status":"passed","title":"drains a subscriber invalidation with zero clock ticks","duration":5.997467999999998,"failureMessages":[],"meta":{},"tags":[]},{"ancestorTitles":["scheduler-driven reentrancy (P1-7/P1-8)"],"fullName":"scheduler-driven reentrancy (P1-7/P1-8) coalesces repeated invalidations into one scheduled follow-up","status":"passed","title":"coalesces repeated invalidations into one scheduled follow-up","duration":2.232448000000005,"failureMessages":[],"meta":{},"tags":[]},{"ancestorTitles":["scheduler-driven reentrancy (P1-7/P1-8)"],"fullName":"scheduler-driven reentrancy (P1-7/P1-8) retries scheduling after a synchronous scheduler failure","status":"passed","title":"retries scheduling after a synchronous scheduler failure","duration":1.0434819999999831,"failureMessages":[],"meta":{},"tags":[]},{"ancestorTitles":["scheduler-driven reentrancy (P1-7/P1-8)"],"fullName":"scheduler-driven reentrancy (P1-7/P1-8) does not expose the publisher as a second public reentrancy entry point","status":"passed","title":"does not expose the publisher as a second public reentrancy entry point","duration":0.3500479999999868,"failureMessages":[],"meta":{},"tags":[]}],"startTime":1786667750500,"endTime":1786667750510.35,"status":"passed","message":"","name":"/home/runner/work/motion5/motion5/packages/core/test/unit/runtime/scheduler-reentrancy.test.ts"},{"assertionResults":[{"ancestorTitles":["acceptance mapping scan (D3)"],"fullName":"acceptance mapping scan (D3) passes the repository map","status":"passed","title":"passes the repository map","duration":5.6883960000000116,"failureMessages":[],"meta":{},"tags":[]},{"ancestorTitles":["acceptance mapping scan (D3)"],"fullName":"acceptance mapping scan (D3) reports a mapped test that does not exist","status":"passed","title":"reports a mapped test that does not exist","duration":3.391549000000026,"failureMessages":[],"meta":{},"tags":[]},{"ancestorTitles":["acceptance mapping scan (D3)"],"fullName":"acceptance mapping scan (D3) reports duplicate acceptance ids","status":"passed","title":"reports duplicate acceptance ids","duration":6.047286000000014,"failureMessages":[],"meta":{},"tags":[]}],"startTime":1786667753167,"endTime":1786667753182.0474,"status":"passed","message":"","name":"/home/runner/work/motion5/motion5/packages/core/test/unit/scripts/acceptance-scan.test.ts"},{"assertionResults":[{"ancestorTitles":["boundary scan predicates"],"fullName":"boundary scan predicates passes a clean fixture","status":"passed","title":"passes a clean fixture","duration":2.040208000000007,"failureMessages":[],"meta":{},"tags":[]},{"ancestorTitles":["boundary scan predicates"],"fullName":"boundary scan predicates fails on renderer and animation-engine imports","status":"passed","title":"fails on renderer and animation-engine imports","duration":0.6371890000000064,"failureMessages":[],"meta":{},"tags":[]},{"ancestorTitles":["boundary scan predicates"],"fullName":"boundary scan predicates fails on banned compatibility vocabulary","status":"passed","title":"fails on banned compatibility vocabulary","duration":0.3260870000000011,"failureMessages":[],"meta":{},"tags":[]},{"ancestorTitles":["boundary scan predicates"],"fullName":"boundary scan predicates fails on a consumer reaching into core source internals","status":"passed","title":"fails on a consumer reaching into core source internals","duration":0.35940800000000195,"failureMessages":[],"meta":{},"tags":[]},{"ancestorTitles":["boundary scan predicates"],"fullName":"boundary scan predicates extracts exports outside the public allow list","status":"passed","title":"extracts exports outside the public allow list","duration":1.312928999999997,"failureMessages":[],"meta":{},"tags":[]},{"ancestorTitles":["boundary scan planted violations"],"fullName":"boundary scan planted violations reports every planted violation class through the shipped scanner","status":"passed","title":"reports every planted violation class through the shipped scanner","duration":13.053808000000004,"failureMessages":[],"meta":{},"tags":[]},{"ancestorTitles":["boundary scan planted violations"],"fullName":"boundary scan planted violations reads a core package entry that is not engine.ts","status":"passed","title":"reads a core package entry that is not engine.ts","duration":6.172348999999997,"failureMessages":[],"meta":{},"tags":[]},{"ancestorTitles":["boundary scan planted violations"],"fullName":"boundary scan planted violations discovers a consumer package that no list mentions","status":"passed","title":"discovers a consumer package that no list mentions","duration":4.665665999999987,"failureMessages":[],"meta":{},"tags":[]},{"ancestorTitles":["boundary scan planted violations"],"fullName":"boundary scan planted violations keeps a consumer renderer import legal","status":"passed","title":"keeps a consumer renderer import legal","duration":5.747038000000003,"failureMessages":[],"meta":{},"tags":[]},{"ancestorTitles":["boundary scan planted violations"],"fullName":"boundary scan planted violations executes the shipped scanner against the current tree","status":"passed","title":"executes the shipped scanner against the current tree","duration":11.021923999999984,"failureMessages":[],"meta":{},"tags":[]}],"startTime":1786667749196,"endTime":1786667749242.022,"status":"passed","message":"","name":"/home/runner/work/motion5/motion5/packages/core/test/unit/scripts/boundary-scan.test.ts"},{"assertionResults":[{"ancestorTitles":["recovery governance gates (G-1/G-3/G-4/G-5/G-7)"],"fullName":"recovery governance gates (G-1/G-3/G-4/G-5/G-7) builds publishable package declarations instead of declaring source as the package","status":"passed","title":"builds publishable package declarations instead of declaring source as the package","duration":5.079440000000005,"failureMessages":[],"meta":{},"tags":[]},{"ancestorTitles":["recovery governance gates (G-1/G-3/G-4/G-5/G-7)"],"fullName":"recovery governance gates (G-1/G-3/G-4/G-5/G-7) requires acceptance to prove mapped tests passed in the executed report","status":"passed","title":"requires acceptance to prove mapped tests passed in the executed report","duration":0.7724779999999782,"failureMessages":[],"meta":{},"tags":[]},{"ancestorTitles":["recovery governance gates (G-1/G-3/G-4/G-5/G-7)"],"fullName":"recovery governance gates (G-1/G-3/G-4/G-5/G-7) requires failing-first to distinguish assertion red from infrastructure red","status":"passed","title":"requires failing-first to distinguish assertion red from infrastructure red","duration":0.6547309999999982,"failureMessages":[],"meta":{},"tags":[]},{"ancestorTitles":["recovery governance gates (G-1/G-3/G-4/G-5/G-7)"],"fullName":"recovery governance gates (G-1/G-3/G-4/G-5/G-7) reports mutation score with one denominator and enforces a threshold","status":"passed","title":"reports mutation score with one denominator and enforces a threshold","duration":0.6339210000000151,"failureMessages":[],"meta":{},"tags":[]},{"ancestorTitles":["recovery governance gates (G-1/G-3/G-4/G-5/G-7)"],"fullName":"recovery governance gates (G-1/G-3/G-4/G-5/G-7) puts build and end-to-end on the required CI path","status":"passed","title":"puts build and end-to-end on the required CI path","duration":0.48289700000000835,"failureMessages":[],"meta":{},"tags":[]}],"startTime":1786667752090,"endTime":1786667752097.483,"status":"passed","message":"","name":"/home/runner/work/motion5/motion5/packages/core/test/unit/scripts/governance-gates.test.ts"},{"assertionResults":[{"ancestorTitles":["mutation gate configuration (E3)"],"fullName":"mutation gate configuration (E3) uses the Vitest 4-compatible runner and emits the audit JSON report","status":"passed","title":"uses the Vitest 4-compatible runner and emits the audit JSON report","duration":9.706288999999998,"failureMessages":[],"meta":{},"tags":[]}],"startTime":1786667753371,"endTime":1786667753380.7063,"status":"passed","message":"","name":"/home/runner/work/motion5/motion5/packages/core/test/unit/scripts/mutation-config.test.ts"},{"assertionResults":[{"ancestorTitles":["public declaration surface (P1-9)"],"fullName":"public declaration surface (P1-9) scans the emitted entry declaration closure, not just source strings","status":"passed","title":"scans the emitted entry declaration closure, not just source strings","duration":2684.848379,"failureMessages":[],"meta":{},"tags":[]},{"ancestorTitles":["public declaration surface (P1-9)"],"fullName":"public declaration surface (P1-9) resolves every declaration specifier shape and leaves unknown targets unresolved","status":"passed","title":"resolves every declaration specifier shape and leaves unknown targets unresolved","duration":0.9543600000001788,"failureMessages":[],"meta":{},"tags":[]},{"ancestorTitles":["public declaration surface (P1-9)"],"fullName":"public declaration surface (P1-9) reads relative specifiers from re-exports and inline dynamic type imports","status":"passed","title":"reads relative specifiers from re-exports and inline dynamic type imports","duration":0.3317810000003192,"failureMessages":[],"meta":{},"tags":[]}],"startTime":1786667748484,"endTime":1786667751170.3318,"status":"passed","message":"","name":"/home/runner/work/motion5/motion5/packages/core/test/unit/scripts/public-declaration-surface.test.ts"},{"assertionResults":[{"ancestorTitles":["S7 recovery audit workflow"],"fullName":"S7 recovery audit workflow ships the executable audit contract instead of a documentation-only checklist","status":"passed","title":"ships the executable audit contract instead of a documentation-only checklist","duration":3.296222,"failureMessages":[],"meta":{},"tags":[]}],"startTime":1786667754007,"endTime":1786667754010.2961,"status":"passed","message":"","name":"/home/runner/work/motion5/motion5/packages/core/test/unit/scripts/s7-recovery-audit.test.ts"}]}