{"numTotalTestSuites":76,"numPassedTestSuites":76,"numFailedTestSuites":0,"numPendingTestSuites":0,"numTotalTests":106,"numPassedTests":106,"numFailedTests":0,"numPendingTests":0,"numTodoTests":0,"snapshot":{"added":0,"failure":false,"filesAdded":0,"filesRemoved":0,"filesRemovedList":[],"filesUnmatched":0,"filesUpdated":0,"matched":0,"total":0,"unchecked":0,"uncheckedKeysByFile":[],"unmatched":0,"updated":0,"didUpdate":false},"startTime":1786678952378,"success":true,"testResults":[{"assertionResults":[{"ancestorTitles":["React patch store lifecycle (C1)"],"fullName":"React patch store lifecycle (C1) receives patches again after the last listener leaves and a new one arrives","status":"passed","title":"receives patches again after the last listener leaves and a new one arrives","duration":3.464134999999999,"failureMessages":[],"meta":{},"tags":[]},{"ancestorTitles":["React patch store lifecycle (C1)"],"fullName":"React patch store lifecycle (C1) survives a StrictMode-style double mount without duplicating deliveries","status":"passed","title":"survives a StrictMode-style double mount without duplicating deliveries","duration":0.5072790000000111,"failureMessages":[],"meta":{},"tags":[]}],"startTime":1786678954431,"endTime":1786678954435.5073,"status":"passed","message":"","name":"/home/runner/work/motion5/motion5/packages/react/test/patch-store-lifecycle.test.ts"},{"assertionResults":[{"ancestorTitles":["React patch consumer boundary"],"fullName":"React patch consumer boundary keeps one frozen snapshot per revision and unsubscribes cleanly","status":"passed","title":"keeps one frozen snapshot per revision and unsubscribes cleanly","duration":4.025205,"failureMessages":[],"meta":{},"tags":[]}],"startTime":1786678955226,"endTime":1786678955230.0251,"status":"passed","message":"","name":"/home/runner/work/motion5/motion5/packages/react/test/patch-store.test.ts"},{"assertionResults":[{"ancestorTitles":["React public hook render/update (C2)"],"fullName":"React public hook render/update (C2) renders the current patch and updates after publication","status":"passed","title":"renders the current patch and updates after publication","duration":22.347735,"failureMessages":[],"meta":{},"tags":[]}],"startTime":1786678955324,"endTime":1786678955346.3477,"status":"passed","message":"","name":"/home/runner/work/motion5/motion5/packages/react/test/public-hook-render.test.ts"},{"assertionResults":[{"ancestorTitles":["React public surface (C2)"],"fullName":"React public surface (C2) exports a patch hook from the package entry","status":"passed","title":"exports a patch hook from the package entry","duration":1.5575759999999832,"failureMessages":[],"meta":{},"tags":[]}],"startTime":1786678955716,"endTime":1786678955717.5576,"status":"passed","message":"","name":"/home/runner/work/motion5/motion5/packages/react/test/public-hook.test.ts"},{"assertionResults":[{"ancestorTitles":["React public package surface (C2)"],"fullName":"React public package surface (C2) renders and updates through the package entry alone","status":"passed","title":"renders and updates through the package entry alone","duration":19.00157999999999,"failureMessages":[],"meta":{},"tags":[]}],"startTime":1786678954325,"endTime":1786678954344.0015,"status":"passed","message":"","name":"/home/runner/work/motion5/motion5/packages/react/test/public-package-surface.test.ts"},{"assertionResults":[{"ancestorTitles":["adapter ports"],"fullName":"adapter ports compiles authored stops onto an adapter-owned proxy state","status":"passed","title":"compiles authored stops onto an adapter-owned proxy state","duration":7.1335639999999785,"failureMessages":[],"meta":{},"tags":[]},{"ancestorTitles":["adapter ports"],"fullName":"adapter ports adapts a GSAP-like paused timeline without leaking the engine object","status":"passed","title":"adapts a GSAP-like paused timeline without leaking the engine object","duration":1.1650809999999865,"failureMessages":[],"meta":{},"tags":[]},{"ancestorTitles":["adapter ports"],"fullName":"adapter ports ticks through an injected frame source and cancels on dispose","status":"passed","title":"ticks through an injected frame source and cancels on dispose","duration":0.9623720000000162,"failureMessages":[],"meta":{},"tags":[]},{"ancestorTitles":["adapter ports"],"fullName":"adapter ports applies perspective once and never applies blocked patches","status":"passed","title":"applies perspective once and never applies blocked patches","duration":0.7421699999999873,"failureMessages":[],"meta":{},"tags":[]}],"startTime":1786678953692,"endTime":1786678953702.7422,"status":"passed","message":"","name":"/home/runner/work/motion5/motion5/packages/core/test/contract/adapters.test.ts"},{"assertionResults":[{"ancestorTitles":["GSAP absolute multi-property stops (P0-3)"],"fullName":"GSAP absolute multi-property stops (P0-3) uses one shared paused timeline with independent absolute grids","status":"passed","title":"uses one shared paused timeline with independent absolute grids","duration":19.892048000000045,"failureMessages":[],"meta":{},"tags":[]},{"ancestorTitles":["GSAP absolute multi-property stops (P0-3)"],"fullName":"GSAP absolute multi-property stops (P0-3) preserves authored easing without resampling a linear sibling","status":"passed","title":"preserves authored easing without resampling a linear sibling","duration":1.6104049999999575,"failureMessages":[],"meta":{},"tags":[]},{"ancestorTitles":["GSAP absolute multi-property stops (P0-3)"],"fullName":"GSAP absolute multi-property stops (P0-3) uses tweenVars ease when a stop does not override it","status":"passed","title":"uses tweenVars ease when a stop does not override it","duration":0.5529549999999972,"failureMessages":[],"meta":{},"tags":[]}],"startTime":1786678953544,"endTime":1786678953565.6104,"status":"passed","message":"","name":"/home/runner/work/motion5/motion5/packages/core/test/contract/gsap-absolute-stops.test.ts"},{"assertionResults":[{"ancestorTitles":["GSAP authored-duration pinning (P0-3b)"],"fullName":"GSAP authored-duration pinning (P0-3b) keeps the authored duration when the last stop ends before the end","status":"passed","title":"keeps the authored duration when the last stop ends before the end","duration":5.972629999999981,"failureMessages":[],"meta":{},"tags":[]},{"ancestorTitles":["GSAP authored-duration pinning (P0-3b)"],"fullName":"GSAP authored-duration pinning (P0-3b) scales the shared tween by the configured track duration","status":"passed","title":"scales the shared tween by the configured track duration","duration":1.441658000000018,"failureMessages":[],"meta":{},"tags":[]},{"ancestorTitles":["GSAP authored-duration pinning (P0-3b)"],"fullName":"GSAP authored-duration pinning (P0-3b) holds every property independently when grids end at different positions","status":"passed","title":"holds every property independently when grids end at different positions","duration":14.12071400000002,"failureMessages":[],"meta":{},"tags":[]},{"ancestorTitles":["GSAP authored-duration pinning (P0-3b)"],"fullName":"GSAP authored-duration pinning (P0-3b) reports the authored duration for a track with no authored stops","status":"passed","title":"reports the authored duration for a track with no authored stops","duration":0.6949409999999716,"failureMessages":[],"meta":{},"tags":[]},{"ancestorTitles":["GSAP authored-duration pinning (P0-3b)"],"fullName":"GSAP authored-duration pinning (P0-3b) uses one shared tween and never publishes GSAP bookkeeping","status":"passed","title":"uses one shared tween and never publishes GSAP bookkeeping","duration":3.0993609999999876,"failureMessages":[],"meta":{},"tags":[]}],"startTime":1786678953242,"endTime":1786678953268.0994,"status":"passed","message":"","name":"/home/runner/work/motion5/motion5/packages/core/test/contract/gsap-authored-duration.test.ts"},{"assertionResults":[{"ancestorTitles":["GSAP multi-stop compilation (B2)"],"fullName":"GSAP multi-stop compilation (B2) interpolates authored stops at 0, 0.5, and 1 using real GSAP state","status":"passed","title":"interpolates authored stops at 0, 0.5, and 1 using real GSAP state","duration":5.234037999999998,"failureMessages":[],"meta":{},"tags":[]}],"startTime":1786678955659,"endTime":1786678955664.2341,"status":"passed","message":"","name":"/home/runner/work/motion5/motion5/packages/core/test/contract/gsap-multi-stop.test.ts"},{"assertionResults":[{"ancestorTitles":["GSAP interpolator clock ownership (P0-2)"],"fullName":"GSAP interpolator clock ownership (P0-2) creates a paused parent timeline so the project clock is the only clock owner","status":"passed","title":"creates a paused parent timeline so the project clock is the only clock owner","duration":5.384350000000012,"failureMessages":[],"meta":{},"tags":[]},{"ancestorTitles":["GSAP interpolator clock ownership (P0-2)"],"fullName":"GSAP interpolator clock ownership (P0-2) is paused according to real GSAP, not according to the fixture","status":"passed","title":"is paused according to real GSAP, not according to the fixture","duration":5.140332000000001,"failureMessages":[],"meta":{},"tags":[]}],"startTime":1786678954971,"endTime":1786678954982.1404,"status":"passed","message":"","name":"/home/runner/work/motion5/motion5/packages/core/test/contract/gsap-paused-timeline.test.ts"},{"assertionResults":[{"ancestorTitles":["S2 sparse percent-keyframe compilation"],"fullName":"S2 sparse percent-keyframe compilation does not inject sibling or boundary properties into authored percent entries","status":"passed","title":"does not inject sibling or boundary properties into authored percent entries","duration":12.776948000000004,"failureMessages":[],"meta":{},"tags":[]},{"ancestorTitles":["S2 sparse percent-keyframe compilation"],"fullName":"S2 sparse percent-keyframe compilation preserves authored ease without injecting ease none","status":"passed","title":"preserves authored ease without injecting ease none","duration":0.6609770000000026,"failureMessages":[],"meta":{},"tags":[]},{"ancestorTitles":["S2 sparse percent-keyframe compilation"],"fullName":"S2 sparse percent-keyframe compilation returns a structured ease-collision diagnostic with sorted property ids","status":"passed","title":"returns a structured ease-collision diagnostic with sorted property ids","duration":0.444090999999986,"failureMessages":[],"meta":{},"tags":[]}],"startTime":1786678954473,"endTime":1786678954487.444,"status":"passed","message":"","name":"/home/runner/work/motion5/motion5/packages/core/test/contract/gsap-sparse-percent-map.test.ts"},{"assertionResults":[{"ancestorTitles":["Clock port contract"],"fullName":"Clock port contract emits monotonic ticks and accumulated time","status":"passed","title":"emits monotonic ticks and accumulated time","duration":2.814528999999993,"failureMessages":[],"meta":{},"tags":[]},{"ancestorTitles":["Clock port contract"],"fullName":"Clock port contract unsubscribes and rejects invalid deltas","status":"passed","title":"unsubscribes and rejects invalid deltas","duration":0.6467409999999916,"failureMessages":[],"meta":{},"tags":[]},{"ancestorTitles":["Interpolator port contract"],"fullName":"Interpolator port contract exposes deterministic adapter-owned state for authored stops","status":"passed","title":"exposes deterministic adapter-owned state for authored stops","duration":0.8064589999999896,"failureMessages":[],"meta":{},"tags":[]},{"ancestorTitles":["Interpolator port contract"],"fullName":"Interpolator port contract creates a controllable timeline and kills it","status":"passed","title":"creates a controllable timeline and kills it","duration":0.9409809999999936,"failureMessages":[],"meta":{},"tags":[]},{"ancestorTitles":["Scheduler port contract"],"fullName":"Scheduler port contract runs pending jobs and supports cancellation","status":"passed","title":"runs pending jobs and supports cancellation","duration":0.4393230000000017,"failureMessages":[],"meta":{},"tags":[]}],"startTime":1786678954630,"endTime":1786678954636.4392,"status":"passed","message":"","name":"/home/runner/work/motion5/motion5/packages/core/test/contract/ports.test.ts"},{"assertionResults":[{"ancestorTitles":["S4 single authored-stop validator"],"fullName":"S4 single authored-stop validator exports the shared validator and reports authored missing-boundary warnings","status":"passed","title":"exports the shared validator and reports authored missing-boundary warnings","duration":4.63059800000002,"failureMessages":[],"meta":{},"tags":[]},{"ancestorTitles":["S4 single authored-stop validator"],"fullName":"S4 single authored-stop validator uses the same validation rules for contributed properties with a namespaced prefix","status":"passed","title":"uses the same validation rules for contributed properties with a namespaced prefix","duration":0.8114390000000071,"failureMessages":[],"meta":{},"tags":[]}],"startTime":1786678955213,"endTime":1786678955217.8115,"status":"passed","message":"","name":"/home/runner/work/motion5/motion5/packages/core/test/contract/s4-validation-owner.test.ts"},{"assertionResults":[{"ancestorTitles":["schema v5 validator"],"fullName":"schema v5 validator accepts the minimal v5 project","status":"passed","title":"accepts the minimal v5 project","duration":7.593645000000038,"failureMessages":[],"meta":{},"tags":[]},{"ancestorTitles":["schema v5 validator"],"fullName":"schema v5 validator rejects malformed, non-finite, out-of-range, non-monotonic, and duplicate stops","status":"passed","title":"rejects malformed, non-finite, out-of-range, non-monotonic, and duplicate stops","duration":1.910415999999998,"failureMessages":[],"meta":{},"tags":[]},{"ancestorTitles":["schema v5 validator"],"fullName":"schema v5 validator warns when a property does not cover both interpolation endpoints","status":"passed","title":"warns when a property does not cover both interpolation endpoints","duration":1.8007709999999975,"failureMessages":[],"meta":{},"tags":[]},{"ancestorTitles":["schema v5 validator"],"fullName":"schema v5 validator rejects v4 and reports the schema path","status":"passed","title":"rejects v4 and reports the schema path","duration":1.2015389999999684,"failureMessages":[],"meta":{},"tags":[]},{"ancestorTitles":["schema v5 validator"],"fullName":"schema v5 validator accepts perspective for 3D content and rejects invalid perspective","status":"passed","title":"accepts perspective for 3D content and rejects invalid perspective","duration":0.7902789999999982,"failureMessages":[],"meta":{},"tags":[]},{"ancestorTitles":["schema v5 validator"],"fullName":"schema v5 validator warns, but does not reject, 3D content without perspective","status":"passed","title":"warns, but does not reject, 3D content without perspective","duration":1.7850720000000138,"failureMessages":[],"meta":{},"tags":[]},{"ancestorTitles":["schema v5 validator"],"fullName":"schema v5 validator rejects duplicate ids, invalid triggers, and malformed freeTracks","status":"passed","title":"rejects duplicate ids, invalid triggers, and malformed freeTracks","duration":0.589093000000048,"failureMessages":[],"meta":{},"tags":[]},{"ancestorTitles":["schema v5 validator"],"fullName":"schema v5 validator rejects invalid observation roles, unknown sources, self references, and cycles","status":"passed","title":"rejects invalid observation roles, unknown sources, self references, and cycles","duration":2.6108580000000075,"failureMessages":[],"meta":{},"tags":[]},{"ancestorTitles":["schema v5 validator"],"fullName":"schema v5 validator accepts free-track references in the reserved namespace","status":"passed","title":"accepts free-track references in the reserved namespace","duration":3.5749119999999834,"failureMessages":[],"meta":{},"tags":[]}],"startTime":1786678952795,"endTime":1786678952817.575,"status":"passed","message":"","name":"/home/runner/work/motion5/motion5/packages/core/test/contract/v5-validator.test.ts"},{"assertionResults":[{"ancestorTitles":["one observation-validation owner (P1-12)"],"fullName":"one observation-validation owner (P1-12) accepts a track observing a sibling named after its own motion","status":"passed","title":"accepts a track observing a sibling named after its own motion","duration":8.734761000000049,"failureMessages":[],"meta":{},"tags":[]},{"ancestorTitles":["one observation-validation owner (P1-12)"],"fullName":"one observation-validation owner (P1-12) reports an actual self-reference identically from both owners","status":"passed","title":"reports an actual self-reference identically from both owners","duration":1.5243429999999876,"failureMessages":[],"meta":{},"tags":[]},{"ancestorTitles":["one observation-validation owner (P1-12)"],"fullName":"one observation-validation owner (P1-12) reports a cycle identically from both owners","status":"passed","title":"reports a cycle identically from both owners","duration":1.5227110000000152,"failureMessages":[],"meta":{},"tags":[]},{"ancestorTitles":["one observation-validation owner (P1-12)"],"fullName":"one observation-validation owner (P1-12) spells edge identity the same way in both owners","status":"passed","title":"spells edge identity the same way in both owners","duration":1.0396759999999858,"failureMessages":[],"meta":{},"tags":[]},{"ancestorTitles":["one observation-validation owner (P1-12)"],"fullName":"one observation-validation owner (P1-12) keeps two observers of one source out of each other's duplicate check","status":"passed","title":"keeps two observers of one source out of each other's duplicate check","duration":2.0697039999999447,"failureMessages":[],"meta":{},"tags":[]},{"ancestorTitles":["one observation-validation owner (P1-12)"],"fullName":"one observation-validation owner (P1-12) mints a frozen snapshot instead of returning the caller's object","status":"passed","title":"mints a frozen snapshot instead of returning the caller's object","duration":1.3536339999999996,"failureMessages":[],"meta":{},"tags":[]}],"startTime":1786678952795,"endTime":1786678952811.3535,"status":"passed","message":"","name":"/home/runner/work/motion5/motion5/packages/core/test/contract/validation-owner.test.ts"},{"assertionResults":[{"ancestorTitles":["P0-05 v5 contract integration"],"fullName":"P0-05 v5 contract integration serializes the minimal project deterministically","status":"passed","title":"serializes the minimal project deterministically","duration":15.276747999999998,"failureMessages":[],"meta":{},"tags":[]},{"ancestorTitles":["P0-05 v5 contract integration"],"fullName":"P0-05 v5 contract integration accepts a project with a shared free track","status":"passed","title":"accepts a project with a shared free track","duration":3.4677819999999997,"failureMessages":[],"meta":{},"tags":[]},{"ancestorTitles":["P0-05 v5 contract integration"],"fullName":"P0-05 v5 contract integration preserves warnings without rejecting the project","status":"passed","title":"preserves warnings without rejecting the project","duration":0.8831229999999834,"failureMessages":[],"meta":{},"tags":[]},{"ancestorTitles":["P0-05 v5 contract integration"],"fullName":"P0-05 v5 contract integration rejects cycles before runtime mounting","status":"passed","title":"rejects cycles before runtime mounting","duration":0.7569159999999897,"failureMessages":[],"meta":{},"tags":[]},{"ancestorTitles":["P0-05 v5 contract integration"],"fullName":"P0-05 v5 contract integration migrates a v4 document without changing its source","status":"passed","title":"migrates a v4 document without changing its source","duration":0.7158400000000142,"failureMessages":[],"meta":{},"tags":[]}],"startTime":1786678954871,"endTime":1786678954892.7158,"status":"passed","message":"","name":"/home/runner/work/motion5/motion5/packages/core/test/integration/contract-baseline.test.ts"},{"assertionResults":[{"ancestorTitles":["DOM patch adapter contract (C3)"],"fullName":"DOM patch adapter contract (C3) resolves each node, filters internal values, diffs writes, removes omitted keys, and clears cache","status":"passed","title":"resolves each node, filters internal values, diffs writes, removes omitted keys, and clears cache","duration":5.045564999999982,"failureMessages":[],"meta":{},"tags":[]},{"ancestorTitles":["DOM patch adapter contract (C3)"],"fullName":"DOM patch adapter contract (C3) does not write blocked, error, or unresolved patches","status":"passed","title":"does not write blocked, error, or unresolved patches","duration":0.33979600000000687,"failureMessages":[],"meta":{},"tags":[]}],"startTime":1786678954289,"endTime":1786678954294.3398,"status":"passed","message":"","name":"/home/runner/work/motion5/motion5/packages/core/test/integration/dom-patch-apply.test.ts"},{"assertionResults":[{"ancestorTitles":["DOM plugin metadata (X-2)"],"fullName":"DOM plugin metadata (X-2) uses resolved internal-key metadata instead of hardcoding underscore filtering","status":"passed","title":"uses resolved internal-key metadata instead of hardcoding underscore filtering","duration":5.319227000000012,"failureMessages":[],"meta":{},"tags":[]},{"ancestorTitles":["DOM plugin metadata (X-2)"],"fullName":"DOM plugin metadata (X-2) serializes plugin-owned outputs before writing to the DOM","status":"passed","title":"serializes plugin-owned outputs before writing to the DOM","duration":1.5554710000000114,"failureMessages":[],"meta":{},"tags":[]}],"startTime":1786678954229,"endTime":1786678954236.5554,"status":"passed","message":"","name":"/home/runner/work/motion5/motion5/packages/core/test/integration/dom-plugin-metadata.test.ts"},{"assertionResults":[{"ancestorTitles":["DOM transform and removal contract (P0-4)"],"fullName":"DOM transform and removal contract (P0-4) writes motion transform keys into style.transform","status":"passed","title":"writes motion transform keys into style.transform","duration":3.412588999999997,"failureMessages":[],"meta":{},"tags":[]},{"ancestorTitles":["DOM transform and removal contract (P0-4)"],"fullName":"DOM transform and removal contract (P0-4) removes omitted CSS properties instead of assigning undefined","status":"passed","title":"removes omitted CSS properties instead of assigning undefined","duration":1.2843440000000044,"failureMessages":[],"meta":{},"tags":[]}],"startTime":1786678955079,"endTime":1786678955083.2844,"status":"passed","message":"","name":"/home/runner/work/motion5/motion5/packages/core/test/integration/dom-transform-removal.test.ts"},{"assertionResults":[{"ancestorTitles":["real end-to-end product path (E2)"],"fullName":"real end-to-end product path (E2) writes authored GSAP output through a patch into the DOM adapter","status":"passed","title":"writes authored GSAP output through a patch into the DOM adapter","duration":8.758836000000002,"failureMessages":[],"meta":{},"tags":[]}],"startTime":1786678954726,"endTime":1786678954734.7588,"status":"passed","message":"","name":"/home/runner/work/motion5/motion5/packages/core/test/integration/end-to-end.test.ts"},{"assertionResults":[{"ancestorTitles":["Engine"],"fullName":"Engine publishes a progress change through the public project handle","status":"passed","title":"publishes a progress change through the public project handle","duration":9.183242000000007,"failureMessages":[],"meta":{},"tags":[]},{"ancestorTitles":["Engine"],"fullName":"Engine keeps one clock owner while clock progress publishes once","status":"passed","title":"keeps one clock owner while clock progress publishes once","duration":2.2612629999999854,"failureMessages":[],"meta":{},"tags":[]},{"ancestorTitles":["Engine"],"fullName":"Engine still resolves authored-key plugins during progress updates","status":"passed","title":"still resolves authored-key plugins during progress updates","duration":2.9600510000000213,"failureMessages":[],"meta":{},"tags":[]},{"ancestorTitles":["Engine"],"fullName":"Engine routes a manual trigger through the public handle into a published patch","status":"passed","title":"routes a manual trigger through the public handle into a published patch","duration":2.795942999999994,"failureMessages":[],"meta":{},"tags":[]}],"startTime":1786678953247,"endTime":1786678953264.796,"status":"passed","message":"","name":"/home/runner/work/motion5/motion5/packages/core/test/integration/engine-headless.test.ts"},{"assertionResults":[{"ancestorTitles":["Engine product-load validation (X-1 follow-up)"],"fullName":"Engine product-load validation (X-1 follow-up) rejects malformed authored stops before constructing a runtime","status":"passed","title":"rejects malformed authored stops before constructing a runtime","duration":6.0883269999999925,"failureMessages":[],"meta":{},"tags":[]},{"ancestorTitles":["Engine product-load validation (X-1 follow-up)"],"fullName":"Engine product-load validation (X-1 follow-up) rejects malformed authored stops before any timeline is created","status":"passed","title":"rejects malformed authored stops before any timeline is created","duration":0.673451,"failureMessages":[],"meta":{},"tags":[]},{"ancestorTitles":["Engine product-load validation (X-1 follow-up)"],"fullName":"Engine product-load validation (X-1 follow-up) resolves authored plugin ownership during load, not on the first seek","status":"passed","title":"resolves authored plugin ownership during load, not on the first seek","duration":3.6911790000000337,"failureMessages":[],"meta":{},"tags":[]},{"ancestorTitles":["Engine product-load validation (X-1 follow-up)"],"fullName":"Engine product-load validation (X-1 follow-up) accepts a valid project and creates its timelines during load","status":"passed","title":"accepts a valid project and creates its timelines during load","duration":2.854142999999965,"failureMessages":[],"meta":{},"tags":[]}],"startTime":1786678953992,"endTime":1786678954005.8542,"status":"passed","message":"","name":"/home/runner/work/motion5/motion5/packages/core/test/integration/engine-load-validation.test.ts"},{"assertionResults":[{"ancestorTitles":["X-3 contribution through the product load path"],"fullName":"X-3 contribution through the product load path passes contribution context and creates the prepared timeline at load","status":"passed","title":"passes contribution context and creates the prepared timeline at load","duration":29.870916999999963,"failureMessages":[],"meta":{},"tags":[]},{"ancestorTitles":["X-3 contribution through the product load path"],"fullName":"X-3 contribution through the product load path selects one predicate contributor through Engine.load","status":"passed","title":"selects one predicate contributor through Engine.load","duration":2.275861000000077,"failureMessages":[],"meta":{},"tags":[]},{"ancestorTitles":["X-3 contribution through the product load path"],"fullName":"X-3 contribution through the product load path rejects malformed contributions during Engine.load","status":"passed","title":"rejects malformed contributions during Engine.load","duration":2.3541669999999613,"failureMessages":[],"meta":{},"tags":[]},{"ancestorTitles":["X-3 contribution through the product load path"],"fullName":"X-3 contribution through the product load path rejects authored ease collisions before any timeline is created","status":"passed","title":"rejects authored ease collisions before any timeline is created","duration":1.312546999999995,"failureMessages":[],"meta":{},"tags":[]},{"ancestorTitles":["X-3 contribution through the product load path"],"fullName":"X-3 contribution through the product load path merges contributed keyframes into compiler diagnostics before timeline creation","status":"passed","title":"merges contributed keyframes into compiler diagnostics before timeline creation","duration":1.3750649999999496,"failureMessages":[],"meta":{},"tags":[]}],"startTime":1786678952959,"endTime":1786678952996.375,"status":"passed","message":"","name":"/home/runner/work/motion5/motion5/packages/core/test/integration/engine-x3-contribution.test.ts"},{"assertionResults":[{"ancestorTitles":["GraphPublisher output edges"],"fullName":"GraphPublisher output edges merges output source values over the composed patch","status":"passed","title":"merges output source values over the composed patch","duration":4.504692999999975,"failureMessages":[],"meta":{},"tags":[]},{"ancestorTitles":["GraphPublisher output edges"],"fullName":"GraphPublisher output edges uses canonical edge order when output sources collide","status":"passed","title":"uses canonical edge order when output sources collide","duration":0.8493500000000154,"failureMessages":[],"meta":{},"tags":[]}],"startTime":1786678954051,"endTime":1786678954055.8494,"status":"passed","message":"","name":"/home/runner/work/motion5/motion5/packages/core/test/integration/flush-output-merge.test.ts"},{"assertionResults":[{"ancestorTitles":["golden fixture round trips"],"fullName":"golden fixture round trips round trips JSON-safe fixture data with stable ordering","status":"passed","title":"round trips JSON-safe fixture data with stable ordering","duration":15.575417000000016,"failureMessages":[],"meta":{},"tags":[]}],"startTime":1786678955620,"endTime":1786678955635.5754,"status":"passed","message":"","name":"/home/runner/work/motion5/motion5/packages/core/test/integration/golden-roundtrip.test.ts"},{"assertionResults":[{"ancestorTitles":["GraphPublisher"],"fullName":"GraphPublisher I-5 composes a shared ancestor once and publishes one whole batch","status":"passed","title":"I-5 composes a shared ancestor once and publishes one whole batch","duration":6.488746999999989,"failureMessages":[],"meta":{},"tags":[]},{"ancestorTitles":["GraphPublisher"],"fullName":"GraphPublisher I-9 publishes an error and blocks the downstream closure while unrelated branches continue","status":"passed","title":"I-9 publishes an error and blocks the downstream closure while unrelated branches continue","duration":1.2775409999999852,"failureMessages":[],"meta":{},"tags":[]},{"ancestorTitles":["GraphPublisher"],"fullName":"GraphPublisher does not expose topology mutation methods","status":"passed","title":"does not expose topology mutation methods","duration":0.3067439999999806,"failureMessages":[],"meta":{},"tags":[]}],"startTime":1786678953539,"endTime":1786678953547.3066,"status":"passed","message":"","name":"/home/runner/work/motion5/motion5/packages/core/test/integration/graph-publisher.test.ts"},{"assertionResults":[{"ancestorTitles":["GraphBinding transactions"],"fullName":"GraphBinding transactions I-2 applies a valid candidate and preserves one live state identity","status":"passed","title":"I-2 applies a valid candidate and preserves one live state identity","duration":6.762719000000004,"failureMessages":[],"meta":{},"tags":[]},{"ancestorTitles":["GraphBinding transactions"],"fullName":"GraphBinding transactions I-2 rejects an invalid candidate before touching the active graph","status":"passed","title":"I-2 rejects an invalid candidate before touching the active graph","duration":1.7914430000000152,"failureMessages":[],"meta":{},"tags":[]},{"ancestorTitles":["GraphBinding transactions"],"fullName":"GraphBinding transactions I-2 restores every observable state after live-state apply fails","status":"passed","title":"I-2 restores every observable state after live-state apply fails","duration":2.194198,"failureMessages":[],"meta":{},"tags":[]},{"ancestorTitles":["GraphBinding transactions"],"fullName":"GraphBinding transactions I-2 restores every observable state after publisher scheduling fails","status":"passed","title":"I-2 restores every observable state after publisher scheduling fails","duration":1.2517740000000117,"failureMessages":[],"meta":{},"tags":[]}],"startTime":1786678953759,"endTime":1786678953771.2517,"status":"passed","message":"","name":"/home/runner/work/motion5/motion5/packages/core/test/integration/graph-rollback.test.ts"},{"assertionResults":[{"ancestorTitles":["GraphRuntime"],"fullName":"GraphRuntime I-13 owns one registry, one state, and one clock subscription","status":"passed","title":"I-13 owns one registry, one state, and one clock subscription","duration":3.8057939999999917,"failureMessages":[],"meta":{},"tags":[]},{"ancestorTitles":["GraphRuntime"],"fullName":"GraphRuntime P1-8 keeps the publisher off the public runtime surface","status":"passed","title":"P1-8 keeps the publisher off the public runtime surface","duration":0.38066200000002937,"failureMessages":[],"meta":{},"tags":[]},{"ancestorTitles":["GraphRuntime"],"fullName":"GraphRuntime I-13 keeps ticks monotonic across detach and reattach","status":"passed","title":"I-13 keeps ticks monotonic across detach and reattach","duration":2.456598999999983,"failureMessages":[],"meta":{},"tags":[]},{"ancestorTitles":["GraphRuntime"],"fullName":"GraphRuntime publishes only attached seeds and stops after disposal","status":"passed","title":"publishes only attached seeds and stops after disposal","duration":2.5332220000000234,"failureMessages":[],"meta":{},"tags":[]}],"startTime":1786678954100,"endTime":1786678954109.5332,"status":"passed","message":"","name":"/home/runner/work/motion5/motion5/packages/core/test/integration/graph-runtime.test.ts"},{"assertionResults":[{"ancestorTitles":["GraphRuntime membership"],"fullName":"GraphRuntime membership starts empty and publishes only attached nodes by default","status":"passed","title":"starts empty and publishes only attached nodes by default","duration":6.781804999999991,"failureMessages":[],"meta":{},"tags":[]}],"startTime":1786678955436,"endTime":1786678955442.7817,"status":"passed","message":"","name":"/home/runner/work/motion5/motion5/packages/core/test/integration/membership-gating.test.ts"},{"assertionResults":[{"ancestorTitles":["Motion and trigger lifecycle"],"fullName":"Motion and trigger lifecycle routes trigger progress through Track and invalidates the owning runtime","status":"passed","title":"routes trigger progress through Track and invalidates the owning runtime","duration":4.797832,"failureMessages":[],"meta":{},"tags":[]}],"startTime":1786678955025,"endTime":1786678955029.7979,"status":"passed","message":"","name":"/home/runner/work/motion5/motion5/packages/core/test/integration/motion-trigger-lifecycle.test.ts"},{"assertionResults":[{"ancestorTitles":["Motion trigger types and clock ownership"],"fullName":"Motion trigger types and clock ownership manual signals use the same scheduled progress path","status":"passed","title":"manual signals use the same scheduled progress path","duration":6.277542000000011,"failureMessages":[],"meta":{},"tags":[]},{"ancestorTitles":["Motion trigger types and clock ownership"],"fullName":"Motion trigger types and clock ownership scroll signals use the same scheduled progress path","status":"passed","title":"scroll signals use the same scheduled progress path","duration":0.904122000000001,"failureMessages":[],"meta":{},"tags":[]},{"ancestorTitles":["Motion trigger types and clock ownership"],"fullName":"Motion trigger types and clock ownership time signals use the same scheduled progress path","status":"passed","title":"time signals use the same scheduled progress path","duration":1.0616870000000063,"failureMessages":[],"meta":{},"tags":[]},{"ancestorTitles":["Motion trigger types and clock ownership"],"fullName":"Motion trigger types and clock ownership advances from the one injected clock and rejects control after disposal","status":"passed","title":"advances from the one injected clock and rejects control after disposal","duration":2.2033150000000035,"failureMessages":[],"meta":{},"tags":[]},{"ancestorTitles":["Motion trigger types and clock ownership"],"fullName":"Motion trigger types and clock ownership cancels queued trigger work when paused and does not duplicate on remount","status":"passed","title":"cancels queued trigger work when paused and does not duplicate on remount","duration":0.6084789999999884,"failureMessages":[],"meta":{},"tags":[]}],"startTime":1786678953798,"endTime":1786678953808.6084,"status":"passed","message":"","name":"/home/runner/work/motion5/motion5/packages/core/test/integration/motion-trigger-types.test.ts"},{"assertionResults":[{"ancestorTitles":["P2 runtime smell hardening"],"fullName":"P2 runtime smell hardening preserves the last known good values when a node publishes error","status":"passed","title":"preserves the last known good values when a node publishes error","duration":3.260564000000045,"failureMessages":[],"meta":{},"tags":[]},{"ancestorTitles":["P2 runtime smell hardening"],"fullName":"P2 runtime smell hardening derives source revisions from the upstream patches consumed in the flush","status":"passed","title":"derives source revisions from the upstream patches consumed in the flush","duration":1.030789000000027,"failureMessages":[],"meta":{},"tags":[]},{"ancestorTitles":["P2 runtime smell hardening"],"fullName":"P2 runtime smell hardening reports a missing upstream instead of silently composing with an input hole","status":"passed","title":"reports a missing upstream instead of silently composing with an input hole","duration":0.5933009999999967,"failureMessages":[],"meta":{},"tags":[]},{"ancestorTitles":["P2 runtime smell hardening"],"fullName":"P2 runtime smell hardening chooses the blocked upstream deterministically by edge key, not authored edge order","status":"passed","title":"chooses the blocked upstream deterministically by edge key, not authored edge order","duration":0.5934510000000159,"failureMessages":[],"meta":{},"tags":[]},{"ancestorTitles":["P2 runtime smell hardening"],"fullName":"P2 runtime smell hardening rejects host objects from interpolator state at the renderer edge","status":"passed","title":"rejects host objects from interpolator state at the renderer edge","duration":2.037113999999974,"failureMessages":[],"meta":{},"tags":[]},{"ancestorTitles":["P2 runtime smell hardening"],"fullName":"P2 runtime smell hardening kills a timeline exactly once when a Track is disposed repeatedly","status":"passed","title":"kills a timeline exactly once when a Track is disposed repeatedly","duration":0.5118079999999736,"failureMessages":[],"meta":{},"tags":[]}],"startTime":1786678953187,"endTime":1786678953195.5117,"status":"passed","message":"","name":"/home/runner/work/motion5/motion5/packages/core/test/integration/p2-runtime-smells.test.ts"},{"assertionResults":[{"ancestorTitles":["GraphPublisher partial-seed inputs"],"fullName":"GraphPublisher partial-seed inputs uses the last published flat value for an unseeded input source","status":"passed","title":"uses the last published flat value for an unseeded input source","duration":5.810367000000014,"failureMessages":[],"meta":{},"tags":[]}],"startTime":1786678954825,"endTime":1786678954830.8103,"status":"passed","message":"","name":"/home/runner/work/motion5/motion5/packages/core/test/integration/partial-seed-inputs.test.ts"},{"assertionResults":[{"ancestorTitles":["S6 plugin use contract"],"fullName":"S6 plugin use contract rejects the dead TrackDefinition.use field instead of silently ignoring it","status":"passed","title":"rejects the dead TrackDefinition.use field instead of silently ignoring it","duration":5.656749000000019,"failureMessages":[],"meta":{},"tags":[]}],"startTime":1786678955547,"endTime":1786678955552.6567,"status":"passed","message":"","name":"/home/runner/work/motion5/motion5/packages/core/test/integration/plugin-use-contract.test.ts"},{"assertionResults":[{"ancestorTitles":["public project handle surface (P1-9)"],"fullName":"public project handle surface (P1-9) does not expose graph internals through Engine.load","status":"passed","title":"does not expose graph internals through Engine.load","duration":8.656575000000004,"failureMessages":[],"meta":{},"tags":[]}],"startTime":1786678955438,"endTime":1786678955446.6565,"status":"passed","message":"","name":"/home/runner/work/motion5/motion5/packages/core/test/integration/project-handle-surface.test.ts"},{"assertionResults":[{"ancestorTitles":["ProjectRuntime"],"fullName":"ProjectRuntime TR-R-14 mounts through one project-owned GraphRuntime","status":"passed","title":"TR-R-14 mounts through one project-owned GraphRuntime","duration":5.077184000000017,"failureMessages":[],"meta":{},"tags":[]},{"ancestorTitles":["ProjectRuntime"],"fullName":"ProjectRuntime rejects invalid candidates before constructing a replacement runtime","status":"passed","title":"rejects invalid candidates before constructing a replacement runtime","duration":0.718765000000019,"failureMessages":[],"meta":{},"tags":[]},{"ancestorTitles":["ProjectRuntime"],"fullName":"ProjectRuntime releases every mounted instance and clock subscription on repeated dispose","status":"passed","title":"releases every mounted instance and clock subscription on repeated dispose","duration":1.3805140000000051,"failureMessages":[],"meta":{},"tags":[]}],"startTime":1786678954581,"endTime":1786678954588.3806,"status":"passed","message":"","name":"/home/runner/work/motion5/motion5/packages/core/test/integration/project-runtime.test.ts"},{"assertionResults":[{"ancestorTitles":["GraphPublisher: memo/registry consistency (recovery A1)"],"fullName":"GraphPublisher: memo/registry consistency (recovery A1) a same-flush input-role consumer sees the source's merged flat value","status":"passed","title":"a same-flush input-role consumer sees the source's merged flat value","duration":5.461002999999977,"failureMessages":[],"meta":{},"tags":[]},{"ancestorTitles":["GraphPublisher: memo/registry consistency (recovery A1)"],"fullName":"GraphPublisher: memo/registry consistency (recovery A1) a later flush resolves the source's merged flat value via registry fallback","status":"passed","title":"a later flush resolves the source's merged flat value via registry fallback","duration":2.818325999999985,"failureMessages":[],"meta":{},"tags":[]}],"startTime":1786678953418,"endTime":1786678953426.8184,"status":"passed","message":"","name":"/home/runner/work/motion5/motion5/packages/core/test/integration/publisher-output-merge-consistency.test.ts"}]}