{"numTotalTestSuites":139,"numPassedTestSuites":139,"numFailedTestSuites":0,"numPendingTestSuites":0,"numTotalTests":254,"numPassedTests":254,"numFailedTests":0,"numPendingTests":0,"numTodoTests":0,"snapshot":{"added":0,"failure":false,"filesAdded":0,"filesRemoved":0,"filesRemovedList":[],"filesUnmatched":0,"filesUpdated":0,"matched":0,"total":0,"unchecked":0,"uncheckedKeysByFile":[],"unmatched":0,"updated":0,"didUpdate":false},"startTime":1786678950074,"success":true,"testResults":[{"assertionResults":[{"ancestorTitles":["React patch store lifecycle (C1)"],"fullName":"React patch store lifecycle (C1) receives patches again after the last listener leaves and a new one arrives","status":"passed","title":"receives patches again after the last listener leaves and a new one arrives","duration":4.804697000000004,"failureMessages":[],"meta":{},"tags":[]},{"ancestorTitles":["React patch store lifecycle (C1)"],"fullName":"React patch store lifecycle (C1) survives a StrictMode-style double mount without duplicating deliveries","status":"passed","title":"survives a StrictMode-style double mount without duplicating deliveries","duration":0.633026000000001,"failureMessages":[],"meta":{},"tags":[]}],"startTime":1786678954847,"endTime":1786678954852.633,"status":"passed","message":"","name":"/home/runner/work/motion5/motion5/packages/react/test/patch-store-lifecycle.test.ts"},{"assertionResults":[{"ancestorTitles":["React patch consumer boundary"],"fullName":"React patch consumer boundary keeps one frozen snapshot per revision and unsubscribes cleanly","status":"passed","title":"keeps one frozen snapshot per revision and unsubscribes cleanly","duration":5.081243999999998,"failureMessages":[],"meta":{},"tags":[]}],"startTime":1786678956182,"endTime":1786678956187.0813,"status":"passed","message":"","name":"/home/runner/work/motion5/motion5/packages/react/test/patch-store.test.ts"},{"assertionResults":[{"ancestorTitles":["React public hook render/update (C2)"],"fullName":"React public hook render/update (C2) renders the current patch and updates after publication","status":"passed","title":"renders the current patch and updates after publication","duration":13.336676000000011,"failureMessages":[],"meta":{},"tags":[]}],"startTime":1786678956333,"endTime":1786678956346.3367,"status":"passed","message":"","name":"/home/runner/work/motion5/motion5/packages/react/test/public-hook-render.test.ts"},{"assertionResults":[{"ancestorTitles":["React public surface (C2)"],"fullName":"React public surface (C2) exports a patch hook from the package entry","status":"passed","title":"exports a patch hook from the package entry","duration":1.6273630000000026,"failureMessages":[],"meta":{},"tags":[]}],"startTime":1786678956818,"endTime":1786678956819.6274,"status":"passed","message":"","name":"/home/runner/work/motion5/motion5/packages/react/test/public-hook.test.ts"},{"assertionResults":[{"ancestorTitles":["React public package surface (C2)"],"fullName":"React public package surface (C2) renders and updates through the package entry alone","status":"passed","title":"renders and updates through the package entry alone","duration":19.64333400000001,"failureMessages":[],"meta":{},"tags":[]}],"startTime":1786678954703,"endTime":1786678954722.6433,"status":"passed","message":"","name":"/home/runner/work/motion5/motion5/packages/react/test/public-package-surface.test.ts"},{"assertionResults":[{"ancestorTitles":["adapter ports"],"fullName":"adapter ports compiles authored stops onto an adapter-owned proxy state","status":"passed","title":"compiles authored stops onto an adapter-owned proxy state","duration":6.855597999999986,"failureMessages":[],"meta":{},"tags":[]},{"ancestorTitles":["adapter ports"],"fullName":"adapter ports adapts a GSAP-like paused timeline without leaking the engine object","status":"passed","title":"adapts a GSAP-like paused timeline without leaking the engine object","duration":1.1492220000000088,"failureMessages":[],"meta":{},"tags":[]},{"ancestorTitles":["adapter ports"],"fullName":"adapter ports ticks through an injected frame source and cancels on dispose","status":"passed","title":"ticks through an injected frame source and cancels on dispose","duration":1.001985999999988,"failureMessages":[],"meta":{},"tags":[]},{"ancestorTitles":["adapter ports"],"fullName":"adapter ports applies perspective once and never applies blocked patches","status":"passed","title":"applies perspective once and never applies blocked patches","duration":0.7323410000000194,"failureMessages":[],"meta":{},"tags":[]}],"startTime":1786678953908,"endTime":1786678953917.7324,"status":"passed","message":"","name":"/home/runner/work/motion5/motion5/packages/core/test/contract/adapters.test.ts"},{"assertionResults":[{"ancestorTitles":["GSAP absolute multi-property stops (P0-3)"],"fullName":"GSAP absolute multi-property stops (P0-3) uses one shared paused timeline with independent absolute grids","status":"passed","title":"uses one shared paused timeline with independent absolute grids","duration":28.030159999999967,"failureMessages":[],"meta":{},"tags":[]},{"ancestorTitles":["GSAP absolute multi-property stops (P0-3)"],"fullName":"GSAP absolute multi-property stops (P0-3) preserves authored easing without resampling a linear sibling","status":"passed","title":"preserves authored easing without resampling a linear sibling","duration":2.1974349999999845,"failureMessages":[],"meta":{},"tags":[]},{"ancestorTitles":["GSAP absolute multi-property stops (P0-3)"],"fullName":"GSAP absolute multi-property stops (P0-3) uses tweenVars ease when a stop does not override it","status":"passed","title":"uses tweenVars ease when a stop does not override it","duration":0.6148509999999874,"failureMessages":[],"meta":{},"tags":[]}],"startTime":1786678953507,"endTime":1786678953538.6147,"status":"passed","message":"","name":"/home/runner/work/motion5/motion5/packages/core/test/contract/gsap-absolute-stops.test.ts"},{"assertionResults":[{"ancestorTitles":["GSAP authored-duration pinning (P0-3b)"],"fullName":"GSAP authored-duration pinning (P0-3b) keeps the authored duration when the last stop ends before the end","status":"passed","title":"keeps the authored duration when the last stop ends before the end","duration":5.849754999999959,"failureMessages":[],"meta":{},"tags":[]},{"ancestorTitles":["GSAP authored-duration pinning (P0-3b)"],"fullName":"GSAP authored-duration pinning (P0-3b) scales the shared tween by the configured track duration","status":"passed","title":"scales the shared tween by the configured track duration","duration":0.6869360000000029,"failureMessages":[],"meta":{},"tags":[]},{"ancestorTitles":["GSAP authored-duration pinning (P0-3b)"],"fullName":"GSAP authored-duration pinning (P0-3b) holds every property independently when grids end at different positions","status":"passed","title":"holds every property independently when grids end at different positions","duration":14.591183999999998,"failureMessages":[],"meta":{},"tags":[]},{"ancestorTitles":["GSAP authored-duration pinning (P0-3b)"],"fullName":"GSAP authored-duration pinning (P0-3b) reports the authored duration for a track with no authored stops","status":"passed","title":"reports the authored duration for a track with no authored stops","duration":0.659704999999974,"failureMessages":[],"meta":{},"tags":[]},{"ancestorTitles":["GSAP authored-duration pinning (P0-3b)"],"fullName":"GSAP authored-duration pinning (P0-3b) uses one shared tween and never publishes GSAP bookkeeping","status":"passed","title":"uses one shared tween and never publishes GSAP bookkeeping","duration":3.0911990000000173,"failureMessages":[],"meta":{},"tags":[]}],"startTime":1786678952649,"endTime":1786678952674.0913,"status":"passed","message":"","name":"/home/runner/work/motion5/motion5/packages/core/test/contract/gsap-authored-duration.test.ts"},{"assertionResults":[{"ancestorTitles":["GSAP multi-stop compilation (B2)"],"fullName":"GSAP multi-stop compilation (B2) interpolates authored stops at 0, 0.5, and 1 using real GSAP state","status":"passed","title":"interpolates authored stops at 0, 0.5, and 1 using real GSAP state","duration":4.453778,"failureMessages":[],"meta":{},"tags":[]}],"startTime":1786678956658,"endTime":1786678956662.4539,"status":"passed","message":"","name":"/home/runner/work/motion5/motion5/packages/core/test/contract/gsap-multi-stop.test.ts"},{"assertionResults":[{"ancestorTitles":["GSAP interpolator clock ownership (P0-2)"],"fullName":"GSAP interpolator clock ownership (P0-2) creates a paused parent timeline so the project clock is the only clock owner","status":"passed","title":"creates a paused parent timeline so the project clock is the only clock owner","duration":4.266700000000014,"failureMessages":[],"meta":{},"tags":[]},{"ancestorTitles":["GSAP interpolator clock ownership (P0-2)"],"fullName":"GSAP interpolator clock ownership (P0-2) is paused according to real GSAP, not according to the fixture","status":"passed","title":"is paused according to real GSAP, not according to the fixture","duration":3.1168270000000007,"failureMessages":[],"meta":{},"tags":[]}],"startTime":1786678955557,"endTime":1786678955565.117,"status":"passed","message":"","name":"/home/runner/work/motion5/motion5/packages/core/test/contract/gsap-paused-timeline.test.ts"},{"assertionResults":[{"ancestorTitles":["S2 sparse percent-keyframe compilation"],"fullName":"S2 sparse percent-keyframe compilation does not inject sibling or boundary properties into authored percent entries","status":"passed","title":"does not inject sibling or boundary properties into authored percent entries","duration":11.82942300000002,"failureMessages":[],"meta":{},"tags":[]},{"ancestorTitles":["S2 sparse percent-keyframe compilation"],"fullName":"S2 sparse percent-keyframe compilation preserves authored ease without injecting ease none","status":"passed","title":"preserves authored ease without injecting ease none","duration":1.1782670000000053,"failureMessages":[],"meta":{},"tags":[]},{"ancestorTitles":["S2 sparse percent-keyframe compilation"],"fullName":"S2 sparse percent-keyframe compilation returns a structured ease-collision diagnostic with sorted property ids","status":"passed","title":"returns a structured ease-collision diagnostic with sorted property ids","duration":0.4547420000000102,"failureMessages":[],"meta":{},"tags":[]}],"startTime":1786678954887,"endTime":1786678954900.4548,"status":"passed","message":"","name":"/home/runner/work/motion5/motion5/packages/core/test/contract/gsap-sparse-percent-map.test.ts"},{"assertionResults":[{"ancestorTitles":["Clock port contract"],"fullName":"Clock port contract emits monotonic ticks and accumulated time","status":"passed","title":"emits monotonic ticks and accumulated time","duration":3.4897749999999803,"failureMessages":[],"meta":{},"tags":[]},{"ancestorTitles":["Clock port contract"],"fullName":"Clock port contract unsubscribes and rejects invalid deltas","status":"passed","title":"unsubscribes and rejects invalid deltas","duration":0.9383080000000064,"failureMessages":[],"meta":{},"tags":[]},{"ancestorTitles":["Interpolator port contract"],"fullName":"Interpolator port contract exposes deterministic adapter-owned state for authored stops","status":"passed","title":"exposes deterministic adapter-owned state for authored stops","duration":1.2582660000000203,"failureMessages":[],"meta":{},"tags":[]},{"ancestorTitles":["Interpolator port contract"],"fullName":"Interpolator port contract creates a controllable timeline and kills it","status":"passed","title":"creates a controllable timeline and kills it","duration":1.369135,"failureMessages":[],"meta":{},"tags":[]},{"ancestorTitles":["Scheduler port contract"],"fullName":"Scheduler port contract runs pending jobs and supports cancellation","status":"passed","title":"runs pending jobs and supports cancellation","duration":0.5661300000000153,"failureMessages":[],"meta":{},"tags":[]}],"startTime":1786678955060,"endTime":1786678955068.5662,"status":"passed","message":"","name":"/home/runner/work/motion5/motion5/packages/core/test/contract/ports.test.ts"},{"assertionResults":[{"ancestorTitles":["S4 single authored-stop validator"],"fullName":"S4 single authored-stop validator exports the shared validator and reports authored missing-boundary warnings","status":"passed","title":"exports the shared validator and reports authored missing-boundary warnings","duration":3.6702200000000005,"failureMessages":[],"meta":{},"tags":[]},{"ancestorTitles":["S4 single authored-stop validator"],"fullName":"S4 single authored-stop validator uses the same validation rules for contributed properties with a namespaced prefix","status":"passed","title":"uses the same validation rules for contributed properties with a namespaced prefix","duration":0.8270020000000216,"failureMessages":[],"meta":{},"tags":[]}],"startTime":1786678956087,"endTime":1786678956091.827,"status":"passed","message":"","name":"/home/runner/work/motion5/motion5/packages/core/test/contract/s4-validation-owner.test.ts"},{"assertionResults":[{"ancestorTitles":["schema v5 validator"],"fullName":"schema v5 validator accepts the minimal v5 project","status":"passed","title":"accepts the minimal v5 project","duration":4.29898,"failureMessages":[],"meta":{},"tags":[]},{"ancestorTitles":["schema v5 validator"],"fullName":"schema v5 validator rejects malformed, non-finite, out-of-range, non-monotonic, and duplicate stops","status":"passed","title":"rejects malformed, non-finite, out-of-range, non-monotonic, and duplicate stops","duration":1.9437999999999818,"failureMessages":[],"meta":{},"tags":[]},{"ancestorTitles":["schema v5 validator"],"fullName":"schema v5 validator warns when a property does not cover both interpolation endpoints","status":"passed","title":"warns when a property does not cover both interpolation endpoints","duration":1.4179060000000163,"failureMessages":[],"meta":{},"tags":[]},{"ancestorTitles":["schema v5 validator"],"fullName":"schema v5 validator rejects v4 and reports the schema path","status":"passed","title":"rejects v4 and reports the schema path","duration":1.064032999999995,"failureMessages":[],"meta":{},"tags":[]},{"ancestorTitles":["schema v5 validator"],"fullName":"schema v5 validator accepts perspective for 3D content and rejects invalid perspective","status":"passed","title":"accepts perspective for 3D content and rejects invalid perspective","duration":0.7490819999999871,"failureMessages":[],"meta":{},"tags":[]},{"ancestorTitles":["schema v5 validator"],"fullName":"schema v5 validator warns, but does not reject, 3D content without perspective","status":"passed","title":"warns, but does not reject, 3D content without perspective","duration":0.7125950000000216,"failureMessages":[],"meta":{},"tags":[]},{"ancestorTitles":["schema v5 validator"],"fullName":"schema v5 validator rejects duplicate ids, invalid triggers, and malformed freeTracks","status":"passed","title":"rejects duplicate ids, invalid triggers, and malformed freeTracks","duration":0.5761589999999899,"failureMessages":[],"meta":{},"tags":[]},{"ancestorTitles":["schema v5 validator"],"fullName":"schema v5 validator rejects invalid observation roles, unknown sources, self references, and cycles","status":"passed","title":"rejects invalid observation roles, unknown sources, self references, and cycles","duration":1.3059049999999957,"failureMessages":[],"meta":{},"tags":[]},{"ancestorTitles":["schema v5 validator"],"fullName":"schema v5 validator accepts free-track references in the reserved namespace","status":"passed","title":"accepts free-track references in the reserved namespace","duration":1.1996870000000115,"failureMessages":[],"meta":{},"tags":[]}],"startTime":1786678951117,"endTime":1786678951131.1997,"status":"passed","message":"","name":"/home/runner/work/motion5/motion5/packages/core/test/contract/v5-validator.test.ts"},{"assertionResults":[{"ancestorTitles":["one observation-validation owner (P1-12)"],"fullName":"one observation-validation owner (P1-12) accepts a track observing a sibling named after its own motion","status":"passed","title":"accepts a track observing a sibling named after its own motion","duration":5.291248999999993,"failureMessages":[],"meta":{},"tags":[]},{"ancestorTitles":["one observation-validation owner (P1-12)"],"fullName":"one observation-validation owner (P1-12) reports an actual self-reference identically from both owners","status":"passed","title":"reports an actual self-reference identically from both owners","duration":0.9021100000000217,"failureMessages":[],"meta":{},"tags":[]},{"ancestorTitles":["one observation-validation owner (P1-12)"],"fullName":"one observation-validation owner (P1-12) reports a cycle identically from both owners","status":"passed","title":"reports a cycle identically from both owners","duration":1.1282530000000008,"failureMessages":[],"meta":{},"tags":[]},{"ancestorTitles":["one observation-validation owner (P1-12)"],"fullName":"one observation-validation owner (P1-12) spells edge identity the same way in both owners","status":"passed","title":"spells edge identity the same way in both owners","duration":0.5589870000000019,"failureMessages":[],"meta":{},"tags":[]},{"ancestorTitles":["one observation-validation owner (P1-12)"],"fullName":"one observation-validation owner (P1-12) keeps two observers of one source out of each other's duplicate check","status":"passed","title":"keeps two observers of one source out of each other's duplicate check","duration":0.6752250000000117,"failureMessages":[],"meta":{},"tags":[]},{"ancestorTitles":["one observation-validation owner (P1-12)"],"fullName":"one observation-validation owner (P1-12) mints a frozen snapshot instead of returning the caller's object","status":"passed","title":"mints a frozen snapshot instead of returning the caller's object","duration":1.0197499999999877,"failureMessages":[],"meta":{},"tags":[]}],"startTime":1786678951186,"endTime":1786678951196.0198,"status":"passed","message":"","name":"/home/runner/work/motion5/motion5/packages/core/test/contract/validation-owner.test.ts"},{"assertionResults":[{"ancestorTitles":["P0-05 v5 contract integration"],"fullName":"P0-05 v5 contract integration serializes the minimal project deterministically","status":"passed","title":"serializes the minimal project deterministically","duration":12.995645999999994,"failureMessages":[],"meta":{},"tags":[]},{"ancestorTitles":["P0-05 v5 contract integration"],"fullName":"P0-05 v5 contract integration accepts a project with a shared free track","status":"passed","title":"accepts a project with a shared free track","duration":2.616890999999981,"failureMessages":[],"meta":{},"tags":[]},{"ancestorTitles":["P0-05 v5 contract integration"],"fullName":"P0-05 v5 contract integration preserves warnings without rejecting the project","status":"passed","title":"preserves warnings without rejecting the project","duration":0.6522910000000195,"failureMessages":[],"meta":{},"tags":[]},{"ancestorTitles":["P0-05 v5 contract integration"],"fullName":"P0-05 v5 contract integration rejects cycles before runtime mounting","status":"passed","title":"rejects cycles before runtime mounting","duration":0.5280889999999943,"failureMessages":[],"meta":{},"tags":[]},{"ancestorTitles":["P0-05 v5 contract integration"],"fullName":"P0-05 v5 contract integration migrates a v4 document without changing its source","status":"passed","title":"migrates a v4 document without changing its source","duration":0.4402939999999944,"failureMessages":[],"meta":{},"tags":[]}],"startTime":1786678955338,"endTime":1786678955355.4402,"status":"passed","message":"","name":"/home/runner/work/motion5/motion5/packages/core/test/integration/contract-baseline.test.ts"},{"assertionResults":[{"ancestorTitles":["DOM patch adapter contract (C3)"],"fullName":"DOM patch adapter contract (C3) resolves each node, filters internal values, diffs writes, removes omitted keys, and clears cache","status":"passed","title":"resolves each node, filters internal values, diffs writes, removes omitted keys, and clears cache","duration":3.969633999999985,"failureMessages":[],"meta":{},"tags":[]},{"ancestorTitles":["DOM patch adapter contract (C3)"],"fullName":"DOM patch adapter contract (C3) does not write blocked, error, or unresolved patches","status":"passed","title":"does not write blocked, error, or unresolved patches","duration":0.2725499999999954,"failureMessages":[],"meta":{},"tags":[]}],"startTime":1786678954492,"endTime":1786678954496.2725,"status":"passed","message":"","name":"/home/runner/work/motion5/motion5/packages/core/test/integration/dom-patch-apply.test.ts"},{"assertionResults":[{"ancestorTitles":["DOM plugin metadata (X-2)"],"fullName":"DOM plugin metadata (X-2) uses resolved internal-key metadata instead of hardcoding underscore filtering","status":"passed","title":"uses resolved internal-key metadata instead of hardcoding underscore filtering","duration":4.694220999999999,"failureMessages":[],"meta":{},"tags":[]},{"ancestorTitles":["DOM plugin metadata (X-2)"],"fullName":"DOM plugin metadata (X-2) serializes plugin-owned outputs before writing to the DOM","status":"passed","title":"serializes plugin-owned outputs before writing to the DOM","duration":1.0381439999999884,"failureMessages":[],"meta":{},"tags":[]}],"startTime":1786678954493,"endTime":1786678954499.038,"status":"passed","message":"","name":"/home/runner/work/motion5/motion5/packages/core/test/integration/dom-plugin-metadata.test.ts"},{"assertionResults":[{"ancestorTitles":["DOM transform and removal contract (P0-4)"],"fullName":"DOM transform and removal contract (P0-4) writes motion transform keys into style.transform","status":"passed","title":"writes motion transform keys into style.transform","duration":3.9968350000000044,"failureMessages":[],"meta":{},"tags":[]},{"ancestorTitles":["DOM transform and removal contract (P0-4)"],"fullName":"DOM transform and removal contract (P0-4) removes omitted CSS properties instead of assigning undefined","status":"passed","title":"removes omitted CSS properties instead of assigning undefined","duration":1.3248710000000017,"failureMessages":[],"meta":{},"tags":[]}],"startTime":1786678955973,"endTime":1786678955978.325,"status":"passed","message":"","name":"/home/runner/work/motion5/motion5/packages/core/test/integration/dom-transform-removal.test.ts"},{"assertionResults":[{"ancestorTitles":["real end-to-end product path (E2)"],"fullName":"real end-to-end product path (E2) writes authored GSAP output through a patch into the DOM adapter","status":"passed","title":"writes authored GSAP output through a patch into the DOM adapter","duration":12.359274,"failureMessages":[],"meta":{},"tags":[]}],"startTime":1786678955317,"endTime":1786678955329.3594,"status":"passed","message":"","name":"/home/runner/work/motion5/motion5/packages/core/test/integration/end-to-end.test.ts"},{"assertionResults":[{"ancestorTitles":["Engine"],"fullName":"Engine publishes a progress change through the public project handle","status":"passed","title":"publishes a progress change through the public project handle","duration":6.861498999999981,"failureMessages":[],"meta":{},"tags":[]},{"ancestorTitles":["Engine"],"fullName":"Engine keeps one clock owner while clock progress publishes once","status":"passed","title":"keeps one clock owner while clock progress publishes once","duration":1.757331000000022,"failureMessages":[],"meta":{},"tags":[]},{"ancestorTitles":["Engine"],"fullName":"Engine still resolves authored-key plugins during progress updates","status":"passed","title":"still resolves authored-key plugins during progress updates","duration":2.1320220000000063,"failureMessages":[],"meta":{},"tags":[]},{"ancestorTitles":["Engine"],"fullName":"Engine routes a manual trigger through the public handle into a published patch","status":"passed","title":"routes a manual trigger through the public handle into a published patch","duration":2.1909829999999886,"failureMessages":[],"meta":{},"tags":[]}],"startTime":1786678953219,"endTime":1786678953231.191,"status":"passed","message":"","name":"/home/runner/work/motion5/motion5/packages/core/test/integration/engine-headless.test.ts"},{"assertionResults":[{"ancestorTitles":["Engine product-load validation (X-1 follow-up)"],"fullName":"Engine product-load validation (X-1 follow-up) rejects malformed authored stops before constructing a runtime","status":"passed","title":"rejects malformed authored stops before constructing a runtime","duration":5.483778999999998,"failureMessages":[],"meta":{},"tags":[]},{"ancestorTitles":["Engine product-load validation (X-1 follow-up)"],"fullName":"Engine product-load validation (X-1 follow-up) rejects malformed authored stops before any timeline is created","status":"passed","title":"rejects malformed authored stops before any timeline is created","duration":0.7001619999999775,"failureMessages":[],"meta":{},"tags":[]},{"ancestorTitles":["Engine product-load validation (X-1 follow-up)"],"fullName":"Engine product-load validation (X-1 follow-up) resolves authored plugin ownership during load, not on the first seek","status":"passed","title":"resolves authored plugin ownership during load, not on the first seek","duration":3.0467960000000005,"failureMessages":[],"meta":{},"tags":[]},{"ancestorTitles":["Engine product-load validation (X-1 follow-up)"],"fullName":"Engine product-load validation (X-1 follow-up) accepts a valid project and creates its timelines during load","status":"passed","title":"accepts a valid project and creates its timelines during load","duration":2.077539999999999,"failureMessages":[],"meta":{},"tags":[]}],"startTime":1786678954126,"endTime":1786678954137.0776,"status":"passed","message":"","name":"/home/runner/work/motion5/motion5/packages/core/test/integration/engine-load-validation.test.ts"},{"assertionResults":[{"ancestorTitles":["X-3 contribution through the product load path"],"fullName":"X-3 contribution through the product load path passes contribution context and creates the prepared timeline at load","status":"passed","title":"passes contribution context and creates the prepared timeline at load","duration":28.866708000000017,"failureMessages":[],"meta":{},"tags":[]},{"ancestorTitles":["X-3 contribution through the product load path"],"fullName":"X-3 contribution through the product load path selects one predicate contributor through Engine.load","status":"passed","title":"selects one predicate contributor through Engine.load","duration":2.0181200000000104,"failureMessages":[],"meta":{},"tags":[]},{"ancestorTitles":["X-3 contribution through the product load path"],"fullName":"X-3 contribution through the product load path rejects malformed contributions during Engine.load","status":"passed","title":"rejects malformed contributions during Engine.load","duration":2.070017000000007,"failureMessages":[],"meta":{},"tags":[]},{"ancestorTitles":["X-3 contribution through the product load path"],"fullName":"X-3 contribution through the product load path rejects authored ease collisions before any timeline is created","status":"passed","title":"rejects authored ease collisions before any timeline is created","duration":1.1376000000000204,"failureMessages":[],"meta":{},"tags":[]},{"ancestorTitles":["X-3 contribution through the product load path"],"fullName":"X-3 contribution through the product load path merges contributed keyframes into compiler diagnostics before timeline creation","status":"passed","title":"merges contributed keyframes into compiler diagnostics before timeline creation","duration":1.1511859999999956,"failureMessages":[],"meta":{},"tags":[]}],"startTime":1786678950928,"endTime":1786678950963.1511,"status":"passed","message":"","name":"/home/runner/work/motion5/motion5/packages/core/test/integration/engine-x3-contribution.test.ts"},{"assertionResults":[{"ancestorTitles":["GraphPublisher output edges"],"fullName":"GraphPublisher output edges merges output source values over the composed patch","status":"passed","title":"merges output source values over the composed patch","duration":4.4442319999999995,"failureMessages":[],"meta":{},"tags":[]},{"ancestorTitles":["GraphPublisher output edges"],"fullName":"GraphPublisher output edges uses canonical edge order when output sources collide","status":"passed","title":"uses canonical edge order when output sources collide","duration":0.9085410000000138,"failureMessages":[],"meta":{},"tags":[]}],"startTime":1786678954436,"endTime":1786678954441.9084,"status":"passed","message":"","name":"/home/runner/work/motion5/motion5/packages/core/test/integration/flush-output-merge.test.ts"},{"assertionResults":[{"ancestorTitles":["golden fixture round trips"],"fullName":"golden fixture round trips round trips JSON-safe fixture data with stable ordering","status":"passed","title":"round trips JSON-safe fixture data with stable ordering","duration":13.001918999999987,"failureMessages":[],"meta":{},"tags":[]}],"startTime":1786678956739,"endTime":1786678956752.002,"status":"passed","message":"","name":"/home/runner/work/motion5/motion5/packages/core/test/integration/golden-roundtrip.test.ts"},{"assertionResults":[{"ancestorTitles":["GraphPublisher"],"fullName":"GraphPublisher I-5 composes a shared ancestor once and publishes one whole batch","status":"passed","title":"I-5 composes a shared ancestor once and publishes one whole batch","duration":6.124659000000008,"failureMessages":[],"meta":{},"tags":[]},{"ancestorTitles":["GraphPublisher"],"fullName":"GraphPublisher I-9 publishes an error and blocks the downstream closure while unrelated branches continue","status":"passed","title":"I-9 publishes an error and blocks the downstream closure while unrelated branches continue","duration":1.3958240000000046,"failureMessages":[],"meta":{},"tags":[]},{"ancestorTitles":["GraphPublisher"],"fullName":"GraphPublisher does not expose topology mutation methods","status":"passed","title":"does not expose topology mutation methods","duration":0.3045410000000004,"failureMessages":[],"meta":{},"tags":[]}],"startTime":1786678953771,"endTime":1786678953779.3044,"status":"passed","message":"","name":"/home/runner/work/motion5/motion5/packages/core/test/integration/graph-publisher.test.ts"},{"assertionResults":[{"ancestorTitles":["GraphBinding transactions"],"fullName":"GraphBinding transactions I-2 applies a valid candidate and preserves one live state identity","status":"passed","title":"I-2 applies a valid candidate and preserves one live state identity","duration":7.5884200000000135,"failureMessages":[],"meta":{},"tags":[]},{"ancestorTitles":["GraphBinding transactions"],"fullName":"GraphBinding transactions I-2 rejects an invalid candidate before touching the active graph","status":"passed","title":"I-2 rejects an invalid candidate before touching the active graph","duration":1.9566529999999887,"failureMessages":[],"meta":{},"tags":[]},{"ancestorTitles":["GraphBinding transactions"],"fullName":"GraphBinding transactions I-2 restores every observable state after live-state apply fails","status":"passed","title":"I-2 restores every observable state after live-state apply fails","duration":2.250725000000017,"failureMessages":[],"meta":{},"tags":[]},{"ancestorTitles":["GraphBinding transactions"],"fullName":"GraphBinding transactions I-2 restores every observable state after publisher scheduling fails","status":"passed","title":"I-2 restores every observable state after publisher scheduling fails","duration":1.4771360000000016,"failureMessages":[],"meta":{},"tags":[]}],"startTime":1786678953995,"endTime":1786678954008.477,"status":"passed","message":"","name":"/home/runner/work/motion5/motion5/packages/core/test/integration/graph-rollback.test.ts"},{"assertionResults":[{"ancestorTitles":["GraphRuntime"],"fullName":"GraphRuntime I-13 owns one registry, one state, and one clock subscription","status":"passed","title":"I-13 owns one registry, one state, and one clock subscription","duration":4.192561000000012,"failureMessages":[],"meta":{},"tags":[]},{"ancestorTitles":["GraphRuntime"],"fullName":"GraphRuntime P1-8 keeps the publisher off the public runtime surface","status":"passed","title":"P1-8 keeps the publisher off the public runtime surface","duration":0.5260049999999978,"failureMessages":[],"meta":{},"tags":[]},{"ancestorTitles":["GraphRuntime"],"fullName":"GraphRuntime I-13 keeps ticks monotonic across detach and reattach","status":"passed","title":"I-13 keeps ticks monotonic across detach and reattach","duration":2.2198879999999974,"failureMessages":[],"meta":{},"tags":[]},{"ancestorTitles":["GraphRuntime"],"fullName":"GraphRuntime publishes only attached seeds and stops after disposal","status":"passed","title":"publishes only attached seeds and stops after disposal","duration":2.327545999999984,"failureMessages":[],"meta":{},"tags":[]}],"startTime":1786678954263,"endTime":1786678954272.3276,"status":"passed","message":"","name":"/home/runner/work/motion5/motion5/packages/core/test/integration/graph-runtime.test.ts"},{"assertionResults":[{"ancestorTitles":["GraphRuntime membership"],"fullName":"GraphRuntime membership starts empty and publishes only attached nodes by default","status":"passed","title":"starts empty and publishes only attached nodes by default","duration":8.767642999999993,"failureMessages":[],"meta":{},"tags":[]}],"startTime":1786678956484,"endTime":1786678956492.7676,"status":"passed","message":"","name":"/home/runner/work/motion5/motion5/packages/core/test/integration/membership-gating.test.ts"},{"assertionResults":[{"ancestorTitles":["Motion and trigger lifecycle"],"fullName":"Motion and trigger lifecycle routes trigger progress through Track and invalidates the owning runtime","status":"passed","title":"routes trigger progress through Track and invalidates the owning runtime","duration":4.730628999999993,"failureMessages":[],"meta":{},"tags":[]}],"startTime":1786678955931,"endTime":1786678955935.7307,"status":"passed","message":"","name":"/home/runner/work/motion5/motion5/packages/core/test/integration/motion-trigger-lifecycle.test.ts"},{"assertionResults":[{"ancestorTitles":["Motion trigger types and clock ownership"],"fullName":"Motion trigger types and clock ownership manual signals use the same scheduled progress path","status":"passed","title":"manual signals use the same scheduled progress path","duration":6.889832000000013,"failureMessages":[],"meta":{},"tags":[]},{"ancestorTitles":["Motion trigger types and clock ownership"],"fullName":"Motion trigger types and clock ownership scroll signals use the same scheduled progress path","status":"passed","title":"scroll signals use the same scheduled progress path","duration":0.9663390000000049,"failureMessages":[],"meta":{},"tags":[]},{"ancestorTitles":["Motion trigger types and clock ownership"],"fullName":"Motion trigger types and clock ownership time signals use the same scheduled progress path","status":"passed","title":"time signals use the same scheduled progress path","duration":1.1237950000000012,"failureMessages":[],"meta":{},"tags":[]},{"ancestorTitles":["Motion trigger types and clock ownership"],"fullName":"Motion trigger types and clock ownership advances from the one injected clock and rejects control after disposal","status":"passed","title":"advances from the one injected clock and rejects control after disposal","duration":2.8979769999999974,"failureMessages":[],"meta":{},"tags":[]},{"ancestorTitles":["Motion trigger types and clock ownership"],"fullName":"Motion trigger types and clock ownership cancels queued trigger work when paused and does not duplicate on remount","status":"passed","title":"cancels queued trigger work when paused and does not duplicate on remount","duration":0.7465980000000059,"failureMessages":[],"meta":{},"tags":[]}],"startTime":1786678954017,"endTime":1786678954029.7466,"status":"passed","message":"","name":"/home/runner/work/motion5/motion5/packages/core/test/integration/motion-trigger-types.test.ts"},{"assertionResults":[{"ancestorTitles":["P2 runtime smell hardening"],"fullName":"P2 runtime smell hardening preserves the last known good values when a node publishes error","status":"passed","title":"preserves the last known good values when a node publishes error","duration":4.088286000000039,"failureMessages":[],"meta":{},"tags":[]},{"ancestorTitles":["P2 runtime smell hardening"],"fullName":"P2 runtime smell hardening derives source revisions from the upstream patches consumed in the flush","status":"passed","title":"derives source revisions from the upstream patches consumed in the flush","duration":1.5581469999999626,"failureMessages":[],"meta":{},"tags":[]},{"ancestorTitles":["P2 runtime smell hardening"],"fullName":"P2 runtime smell hardening reports a missing upstream instead of silently composing with an input hole","status":"passed","title":"reports a missing upstream instead of silently composing with an input hole","duration":2.3169090000000097,"failureMessages":[],"meta":{},"tags":[]},{"ancestorTitles":["P2 runtime smell hardening"],"fullName":"P2 runtime smell hardening chooses the blocked upstream deterministically by edge key, not authored edge order","status":"passed","title":"chooses the blocked upstream deterministically by edge key, not authored edge order","duration":1.0455579999999713,"failureMessages":[],"meta":{},"tags":[]},{"ancestorTitles":["P2 runtime smell hardening"],"fullName":"P2 runtime smell hardening rejects host objects from interpolator state at the renderer edge","status":"passed","title":"rejects host objects from interpolator state at the renderer edge","duration":3.6678590000000213,"failureMessages":[],"meta":{},"tags":[]},{"ancestorTitles":["P2 runtime smell hardening"],"fullName":"P2 runtime smell hardening kills a timeline exactly once when a Track is disposed repeatedly","status":"passed","title":"kills a timeline exactly once when a Track is disposed repeatedly","duration":0.8129430000000184,"failureMessages":[],"meta":{},"tags":[]}],"startTime":1786678951784,"endTime":1786678951799.813,"status":"passed","message":"","name":"/home/runner/work/motion5/motion5/packages/core/test/integration/p2-runtime-smells.test.ts"},{"assertionResults":[{"ancestorTitles":["GraphPublisher partial-seed inputs"],"fullName":"GraphPublisher partial-seed inputs uses the last published flat value for an unseeded input source","status":"passed","title":"uses the last published flat value for an unseeded input source","duration":5.6426270000000045,"failureMessages":[],"meta":{},"tags":[]}],"startTime":1786678955323,"endTime":1786678955328.6426,"status":"passed","message":"","name":"/home/runner/work/motion5/motion5/packages/core/test/integration/partial-seed-inputs.test.ts"},{"assertionResults":[{"ancestorTitles":["S6 plugin use contract"],"fullName":"S6 plugin use contract rejects the dead TrackDefinition.use field instead of silently ignoring it","status":"passed","title":"rejects the dead TrackDefinition.use field instead of silently ignoring it","duration":5.060493000000008,"failureMessages":[],"meta":{},"tags":[]}],"startTime":1786678956559,"endTime":1786678956564.0605,"status":"passed","message":"","name":"/home/runner/work/motion5/motion5/packages/core/test/integration/plugin-use-contract.test.ts"},{"assertionResults":[{"ancestorTitles":["public project handle surface (P1-9)"],"fullName":"public project handle surface (P1-9) does not expose graph internals through Engine.load","status":"passed","title":"does not expose graph internals through Engine.load","duration":9.655655999999993,"failureMessages":[],"meta":{},"tags":[]}],"startTime":1786678956425,"endTime":1786678956434.6558,"status":"passed","message":"","name":"/home/runner/work/motion5/motion5/packages/core/test/integration/project-handle-surface.test.ts"},{"assertionResults":[{"ancestorTitles":["ProjectRuntime"],"fullName":"ProjectRuntime TR-R-14 mounts through one project-owned GraphRuntime","status":"passed","title":"TR-R-14 mounts through one project-owned GraphRuntime","duration":3.5693039999999883,"failureMessages":[],"meta":{},"tags":[]},{"ancestorTitles":["ProjectRuntime"],"fullName":"ProjectRuntime rejects invalid candidates before constructing a replacement runtime","status":"passed","title":"rejects invalid candidates before constructing a replacement runtime","duration":0.5688649999999882,"failureMessages":[],"meta":{},"tags":[]},{"ancestorTitles":["ProjectRuntime"],"fullName":"ProjectRuntime releases every mounted instance and clock subscription on repeated dispose","status":"passed","title":"releases every mounted instance and clock subscription on repeated dispose","duration":1.0351890000000026,"failureMessages":[],"meta":{},"tags":[]}],"startTime":1786678954939,"endTime":1786678954944.0352,"status":"passed","message":"","name":"/home/runner/work/motion5/motion5/packages/core/test/integration/project-runtime.test.ts"},{"assertionResults":[{"ancestorTitles":["GraphPublisher: memo/registry consistency (recovery A1)"],"fullName":"GraphPublisher: memo/registry consistency (recovery A1) a same-flush input-role consumer sees the source's merged flat value","status":"passed","title":"a same-flush input-role consumer sees the source's merged flat value","duration":5.156948,"failureMessages":[],"meta":{},"tags":[]},{"ancestorTitles":["GraphPublisher: memo/registry consistency (recovery A1)"],"fullName":"GraphPublisher: memo/registry consistency (recovery A1) a later flush resolves the source's merged flat value via registry fallback","status":"passed","title":"a later flush resolves the source's merged flat value via registry fallback","duration":2.1892290000000116,"failureMessages":[],"meta":{},"tags":[]}],"startTime":1786678953408,"endTime":1786678953416.1892,"status":"passed","message":"","name":"/home/runner/work/motion5/motion5/packages/core/test/integration/publisher-output-merge-consistency.test.ts"},{"assertionResults":[{"ancestorTitles":["fresh v4-to-v5 migration contract"],"fullName":"fresh v4-to-v5 migration contract bumps the version and renames only project-level tracks","status":"passed","title":"bumps the version and renames only project-level tracks","duration":3.868383999999992,"failureMessages":[],"meta":{},"tags":[]},{"ancestorTitles":["fresh v4-to-v5 migration contract"],"fullName":"fresh v4-to-v5 migration contract does not mutate the input or nested arrays","status":"passed","title":"does not mutate the input or nested arrays","duration":1.1724260000000015,"failureMessages":[],"meta":{},"tags":[]},{"ancestorTitles":["fresh v4-to-v5 migration contract"],"fullName":"fresh v4-to-v5 migration contract rejects v5 input instead of acting as a compatibility alias","status":"passed","title":"rejects v5 input instead of acting as a compatibility alias","duration":1.3221560000000068,"failureMessages":[],"meta":{},"tags":[]},{"ancestorTitles":["fresh v4-to-v5 migration contract"],"fullName":"fresh v4-to-v5 migration contract rejects ambiguous dual top-level fields instead of choosing one","status":"passed","title":"rejects ambiguous dual top-level fields instead of choosing one","duration":0.34484599999998977,"failureMessages":[],"meta":{},"tags":[]},{"ancestorTitles":["fresh v4-to-v5 migration contract"],"fullName":"fresh v4-to-v5 migration contract rejects malformed top-level tracks","status":"passed","title":"rejects malformed top-level tracks","duration":0.4361870000000181,"failureMessages":[],"meta":{},"tags":[]},{"ancestorTitles":["fresh v4-to-v5 migration contract"],"fullName":"fresh v4-to-v5 migration contract preserves perspective without inventing a value","status":"passed","title":"preserves perspective without inventing a value","duration":0.3504870000000153,"failureMessages":[],"meta":{},"tags":[]}],"startTime":1786678954315,"endTime":1786678954322.4363,"status":"passed","message":"","name":"/home/runner/work/motion5/motion5/packages/core/test/migration/v4-to-v5.test.ts"},{"assertionResults":[{"ancestorTitles":["@motion5/core placeholder surface"],"fullName":"@motion5/core placeholder surface pins the authored schema contract at version 5","status":"passed","title":"pins the authored schema contract at version 5","duration":2.4070330000000126,"failureMessages":[],"meta":{},"tags":[]},{"ancestorTitles":["@motion5/core placeholder surface"],"fullName":"@motion5/core placeholder surface versions the runtime independently of the authored schema","status":"passed","title":"versions the runtime independently of the authored schema","duration":1.2955589999999972,"failureMessages":[],"meta":{},"tags":[]}],"startTime":1786678956727,"endTime":1786678956730.2957,"status":"passed","message":"","name":"/home/runner/work/motion5/motion5/packages/core/test/unit/placeholder.test.ts"},{"assertionResults":[{"ancestorTitles":["lifecycle primitives"],"fullName":"lifecycle primitives supports created, mounted, detached, and remounted states","status":"passed","title":"supports created, mounted, detached, and remounted states","duration":2.636898000000002,"failureMessages":[],"meta":{},"tags":[]},{"ancestorTitles":["lifecycle primitives"],"fullName":"lifecycle primitives sets destroyed before callbacks and makes dispose idempotent","status":"passed","title":"sets destroyed before callbacks and makes dispose idempotent","duration":0.9034819999999968,"failureMessages":[],"meta":{},"tags":[]},{"ancestorTitles":["lifecycle primitives"],"fullName":"lifecycle primitives calls detach only from mounted and never after destruction","status":"passed","title":"calls detach only from mounted and never after destruction","duration":1.4639189999999758,"failureMessages":[],"meta":{},"tags":[]},{"ancestorTitles":["lifecycle primitives"],"fullName":"lifecycle primitives rejects invalid transitions","status":"passed","title":"rejects invalid transitions","duration":1.4505460000000028,"failureMessages":[],"meta":{},"tags":[]},{"ancestorTitles":["lifecycle primitives"],"fullName":"lifecycle primitives destroy is an idempotent alias for dispose","status":"passed","title":"destroy is an idempotent alias for dispose","duration":0.4429590000000019,"failureMessages":[],"meta":{},"tags":[]}],"startTime":1786678955519,"endTime":1786678955525.4504,"status":"passed","message":"","name":"/home/runner/work/motion5/motion5/packages/core/test/unit/domain/lifecycle.test.ts"},{"assertionResults":[{"ancestorTitles":["Motion composite"],"fullName":"Motion composite preserves authored order and computes deterministic stagger offsets","status":"passed","title":"preserves authored order and computes deterministic stagger offsets","duration":4.810989000000006,"failureMessages":[],"meta":{},"tags":[]},{"ancestorTitles":["Motion composite"],"fullName":"Motion composite plays through one clock subscription and scheduler jobs","status":"passed","title":"plays through one clock subscription and scheduler jobs","duration":2.6374390000000005,"failureMessages":[],"meta":{},"tags":[]},{"ancestorTitles":["Motion composite"],"fullName":"Motion composite converts clock time into normalized progress using authored duration","status":"passed","title":"converts clock time into normalized progress using authored duration","duration":0.4730260000000044,"failureMessages":[],"meta":{},"tags":[]},{"ancestorTitles":["Motion composite"],"fullName":"Motion composite pausing detaches the clock and play resubscribes without duplicate work","status":"passed","title":"pausing detaches the clock and play resubscribes without duplicate work","duration":0.8336109999999906,"failureMessages":[],"meta":{},"tags":[]},{"ancestorTitles":["Motion composite"],"fullName":"Motion composite clamps seek and rejects non-finite values","status":"passed","title":"clamps seek and rejects non-finite values","duration":1.314782000000008,"failureMessages":[],"meta":{},"tags":[]},{"ancestorTitles":["Motion composite"],"fullName":"Motion composite pauses and disposes owner-first without leaking clock work","status":"passed","title":"pauses and disposes owner-first without leaking clock work","duration":0.765201999999988,"failureMessages":[],"meta":{},"tags":[]}],"startTime":1786678954232,"endTime":1786678954242.7651,"status":"passed","message":"","name":"/home/runner/work/motion5/motion5/packages/core/test/unit/domain/motion.test.ts"},{"assertionResults":[{"ancestorTitles":["S5 contribution completeness"],"fullName":"S5 contribution completeness rejects a contributed key with no registered owner","status":"passed","title":"rejects a contributed key with no registered owner","duration":3.2376529999999946,"failureMessages":[],"meta":{},"tags":[]},{"ancestorTitles":["S5 contribution completeness"],"fullName":"S5 contribution completeness rejects a contributor attempting to overwrite a reserved tween var","status":"passed","title":"rejects a contributor attempting to overwrite a reserved tween var","duration":1.077116999999987,"failureMessages":[],"meta":{},"tags":[]},{"ancestorTitles":["S5 contribution completeness"],"fullName":"S5 contribution completeness bounds a two-hop contribution chain instead of silently accepting it","status":"passed","title":"bounds a two-hop contribution chain instead of silently accepting it","duration":0.45858899999998926,"failureMessages":[],"meta":{},"tags":[]}],"startTime":1786678955115,"endTime":1786678955119.4585,"status":"passed","message":"","name":"/home/runner/work/motion5/motion5/packages/core/test/unit/domain/plugin-contribution-completeness.test.ts"},{"assertionResults":[{"ancestorTitles":["plugin contribution contract (X-3)"],"fullName":"plugin contribution contract (X-3) passes the authored key, stops, and frozen track view to the contributor","status":"passed","title":"passes the authored key, stops, and frozen track view to the contributor","duration":4.317283999999972,"failureMessages":[],"meta":{},"tags":[]},{"ancestorTitles":["plugin contribution contract (X-3)"],"fullName":"plugin contribution contract (X-3) preserves both keyframes and tweenVars from one explicit contribution","status":"passed","title":"preserves both keyframes and tweenVars from one explicit contribution","duration":0.8776039999999625,"failureMessages":[],"meta":{},"tags":[]},{"ancestorTitles":["plugin contribution contract (X-3)"],"fullName":"plugin contribution contract (X-3) runs exactly one predicate owner instead of allowing last-write-wins","status":"passed","title":"runs exactly one predicate owner instead of allowing last-write-wins","duration":1.7995000000000232,"failureMessages":[],"meta":{},"tags":[]},{"ancestorTitles":["plugin contribution contract (X-3)"],"fullName":"plugin contribution contract (X-3) rejects malformed contributed stops instead of installing them","status":"passed","title":"rejects malformed contributed stops instead of installing them","duration":1.860794999999996,"failureMessages":[],"meta":{},"tags":[]}],"startTime":1786678952645,"endTime":1786678952653.8608,"status":"passed","message":"","name":"/home/runner/work/motion5/motion5/packages/core/test/unit/domain/plugin-contribution-contract.test.ts"},{"assertionResults":[{"ancestorTitles":["plugin registry"],"fullName":"plugin registry resolves authored keys in deterministic order","status":"passed","title":"resolves authored keys in deterministic order","duration":6.810723999999993,"failureMessages":[],"meta":{},"tags":[]},{"ancestorTitles":["plugin registry"],"fullName":"plugin registry resolves authored keys and reports unsupported keys","status":"passed","title":"resolves authored keys and reports unsupported keys","duration":0.6362409999999841,"failureMessages":[],"meta":{},"tags":[]},{"ancestorTitles":["plugin registry"],"fullName":"plugin registry orders authored-key plugins by stage, priority, then registration order","status":"passed","title":"orders authored-key plugins by stage, priority, then registration order","duration":0.4434800000000223,"failureMessages":[],"meta":{},"tags":[]},{"ancestorTitles":["plugin registry"],"fullName":"plugin registry retains and invokes the compile-time contribution hook","status":"passed","title":"retains and invokes the compile-time contribution hook","duration":1.4134770000000003,"failureMessages":[],"meta":{},"tags":[]},{"ancestorTitles":["plugin registry"],"fullName":"plugin registry rejects duplicate output ownership deterministically","status":"passed","title":"rejects duplicate output ownership deterministically","duration":0.512077999999974,"failureMessages":[],"meta":{},"tags":[]},{"ancestorTitles":["plugin registry"],"fullName":"plugin registry rejects duplicate exact key ownership at registration","status":"passed","title":"rejects duplicate exact key ownership at registration","duration":1.19163199999997,"failureMessages":[],"meta":{},"tags":[]},{"ancestorTitles":["plugin registry"],"fullName":"plugin registry lets exact ownership beat a predicate fallback","status":"passed","title":"lets exact ownership beat a predicate fallback","duration":0.7360790000000179,"failureMessages":[],"meta":{},"tags":[]},{"ancestorTitles":["plugin registry"],"fullName":"plugin registry rejects a contributor without prepare stage","status":"passed","title":"rejects a contributor without prepare stage","duration":0.42725999999998976,"failureMessages":[],"meta":{},"tags":[]},{"ancestorTitles":["plugin registry"],"fullName":"plugin registry rejects fractional priorities","status":"passed","title":"rejects fractional priorities","duration":0.44978299999996807,"failureMessages":[],"meta":{},"tags":[]},{"ancestorTitles":["plugin registry"],"fullName":"plugin registry rejects duplicate input ownership at registration","status":"passed","title":"rejects duplicate input ownership at registration","duration":0.4940149999999903,"failureMessages":[],"meta":{},"tags":[]},{"ancestorTitles":["plugin registry"],"fullName":"plugin registry rejects duplicate registration and malformed metadata","status":"passed","title":"rejects duplicate registration and malformed metadata","duration":1.6936620000000175,"failureMessages":[],"meta":{},"tags":[]},{"ancestorTitles":["plugin registry"],"fullName":"plugin registry detaches resolved plugins from later registry mutation","status":"passed","title":"detaches resolved plugins from later registry mutation","duration":0.325999999999965,"failureMessages":[],"meta":{},"tags":[]}],"startTime":1786678950533,"endTime":1786678950548.326,"status":"passed","message":"","name":"/home/runner/work/motion5/motion5/packages/core/test/unit/domain/plugins.test.ts"},{"assertionResults":[{"ancestorTitles":["S7 plugin evidence"],"fullName":"S7 plugin evidence invokes each owned contributor exactly once and permits identical tween vars","status":"passed","title":"invokes each owned contributor exactly once and permits identical tween vars","duration":5.878877999999986,"failureMessages":[],"meta":{},"tags":[]},{"ancestorTitles":["S7 plugin evidence"],"fullName":"S7 plugin evidence keeps preparation and diagnostics deterministic across registration order","status":"passed","title":"keeps preparation and diagnostics deterministic across registration order","duration":1.4764549999999872,"failureMessages":[],"meta":{},"tags":[]},{"ancestorTitles":["S7 plugin evidence"],"fullName":"S7 plugin evidence sorts duplicate output diagnostic ids","status":"passed","title":"sorts duplicate output diagnostic ids","duration":0.5563619999999787,"failureMessages":[],"meta":{},"tags":[]}],"startTime":1786678955120,"endTime":1786678955128.5564,"status":"passed","message":"","name":"/home/runner/work/motion5/motion5/packages/core/test/unit/domain/s7-plugin-evidence.test.ts"},{"assertionResults":[{"ancestorTitles":["Track leaf"],"fullName":"Track leaf clamps progress and marks the leaf dirty only when progress changes","status":"passed","title":"clamps progress and marks the leaf dirty only when progress changes","duration":4.64219300000002,"failureMessages":[],"meta":{},"tags":[]},{"ancestorTitles":["Track leaf"],"fullName":"Track leaf rejects non-finite progress and composes local values once per dirty state","status":"passed","title":"rejects non-finite progress and composes local values once per dirty state","duration":2.54258200000001,"failureMessages":[],"meta":{},"tags":[]},{"ancestorTitles":["Track leaf"],"fullName":"Track leaf recomposes a clean track when its inputs change","status":"passed","title":"recomposes a clean track when its inputs change","duration":1.0036899999999775,"failureMessages":[],"meta":{},"tags":[]},{"ancestorTitles":["Track leaf"],"fullName":"Track leaf is a leaf with no composite or graph API","status":"passed","title":"is a leaf with no composite or graph API","duration":0.9084409999999821,"failureMessages":[],"meta":{},"tags":[]},{"ancestorTitles":["Track leaf"],"fullName":"Track leaf disposes once and rejects future work","status":"passed","title":"disposes once and rejects future work","duration":1.276801000000006,"failureMessages":[],"meta":{},"tags":[]}],"startTime":1786678953121,"endTime":1786678953132.2769,"status":"passed","message":"","name":"/home/runner/work/motion5/motion5/packages/core/test/unit/domain/track.test.ts"},{"assertionResults":[{"ancestorTitles":["trigger delegates"],"fullName":"trigger delegates normalizes manual into a progress command","status":"passed","title":"normalizes manual into a progress command","duration":3.3941560000000095,"failureMessages":[],"meta":{},"tags":[]},{"ancestorTitles":["trigger delegates"],"fullName":"trigger delegates normalizes scroll into a progress command","status":"passed","title":"normalizes scroll into a progress command","duration":0.5519600000000082,"failureMessages":[],"meta":{},"tags":[]},{"ancestorTitles":["trigger delegates"],"fullName":"trigger delegates normalizes time into a progress command","status":"passed","title":"normalizes time into a progress command","duration":0.43568400000000906,"failureMessages":[],"meta":{},"tags":[]},{"ancestorTitles":["trigger delegates"],"fullName":"trigger delegates rejects a second attachment and mismatched signals","status":"passed","title":"rejects a second attachment and mismatched signals","duration":1.5594309999999894,"failureMessages":[],"meta":{},"tags":[]},{"ancestorTitles":["trigger delegates"],"fullName":"trigger delegates validates progress and detaches cleanly","status":"passed","title":"validates progress and detaches cleanly","duration":0.6324960000000033,"failureMessages":[],"meta":{},"tags":[]},{"ancestorTitles":["trigger delegates"],"fullName":"trigger delegates does not depend on browser or DOM globals","status":"passed","title":"does not depend on browser or DOM globals","duration":0.3481840000000034,"failureMessages":[],"meta":{},"tags":[]}],"startTime":1786678956129,"endTime":1786678956136.3481,"status":"passed","message":"","name":"/home/runner/work/motion5/motion5/packages/core/test/unit/domain/triggers.test.ts"},{"assertionResults":[{"ancestorTitles":["immutable value snapshots"],"fullName":"immutable value snapshots deeply freezes nested records and arrays","status":"passed","title":"deeply freezes nested records and arrays","duration":2.0784920000000113,"failureMessages":[],"meta":{},"tags":[]},{"ancestorTitles":["immutable value snapshots"],"fullName":"immutable value snapshots is idempotent for an already frozen value","status":"passed","title":"is idempotent for an already frozen value","duration":0.22184500000000185,"failureMessages":[],"meta":{},"tags":[]},{"ancestorTitles":["immutable value snapshots"],"fullName":"immutable value snapshots rejects cycles without recursing forever","status":"passed","title":"rejects cycles without recursing forever","duration":0.9975079999999821,"failureMessages":[],"meta":{},"tags":[]},{"ancestorTitles":["immutable value snapshots"],"fullName":"immutable value snapshots rejects unsupported mutable values and non-finite numbers","status":"passed","title":"rejects unsupported mutable values and non-finite numbers","duration":0.46166500000001065,"failureMessages":[],"meta":{},"tags":[]},{"ancestorTitles":["immutable value snapshots"],"fullName":"immutable value snapshots compares records independent of key insertion order","status":"passed","title":"compares records independent of key insertion order","duration":0.6913550000000157,"failureMessages":[],"meta":{},"tags":[]},{"ancestorTitles":["immutable value snapshots"],"fullName":"immutable value snapshots does not confuse repeated references with cycles","status":"passed","title":"does not confuse repeated references with cycles","duration":0.2974579999999776,"failureMessages":[],"meta":{},"tags":[]}],"startTime":1786678955723,"endTime":1786678955727.6914,"status":"passed","message":"","name":"/home/runner/work/motion5/motion5/packages/core/test/unit/domain/values.test.ts"},{"assertionResults":[{"ancestorTitles":["qualified node ids"],"fullName":"qualified node ids qualifies motion and free tracks exactly once","status":"passed","title":"qualifies motion and free tracks exactly once","duration":2.4195209999999747,"failureMessages":[],"meta":{},"tags":[]},{"ancestorTitles":["qualified node ids"],"fullName":"qualified node ids round-trips qualified ids without losing identity","status":"passed","title":"round-trips qualified ids without losing identity","duration":0.5224479999999971,"failureMessages":[],"meta":{},"tags":[]},{"ancestorTitles":["qualified node ids"],"fullName":"qualified node ids rejects reserved or malformed authored ids","status":"passed","title":"rejects reserved or malformed authored ids","duration":1.9394419999999855,"failureMessages":[],"meta":{},"tags":[]},{"ancestorTitles":["qualified node ids"],"fullName":"qualified node ids keeps same local names distinct across owners","status":"passed","title":"keeps same local names distinct across owners","duration":0.45611399999998525,"failureMessages":[],"meta":{},"tags":[]},{"ancestorTitles":["qualified node ids"],"fullName":"qualified node ids returns frozen identity records","status":"passed","title":"returns frozen identity records","duration":0.37597399999998515,"failureMessages":[],"meta":{},"tags":[]}],"startTime":1786678955539,"endTime":1786678955544.456,"status":"passed","message":"","name":"/home/runner/work/motion5/motion5/packages/core/test/unit/graph/ids.test.ts"},{"assertionResults":[{"ancestorTitles":["graph IR and candidate validation"],"fullName":"graph IR and candidate validation normalizes motion and free tracks into one frozen node model","status":"passed","title":"normalizes motion and free tracks into one frozen node model","duration":8.267982999999958,"failureMessages":[],"meta":{},"tags":[]},{"ancestorTitles":["graph IR and candidate validation"],"fullName":"graph IR and candidate validation resolves local, free, and cross-motion observation sources","status":"passed","title":"resolves local, free, and cross-motion observation sources","duration":1.2044349999999895,"failureMessages":[],"meta":{},"tags":[]},{"ancestorTitles":["graph IR and candidate validation"],"fullName":"graph IR and candidate validation rejects unknown, duplicate, self, and role-invalid edges before mount","status":"passed","title":"rejects unknown, duplicate, self, and role-invalid edges before mount","duration":1.1346250000000282,"failureMessages":[],"meta":{},"tags":[]},{"ancestorTitles":["graph IR and candidate validation"],"fullName":"graph IR and candidate validation rejects duplicate motion and node identities","status":"passed","title":"rejects duplicate motion and node identities","duration":1.630704000000037,"failureMessages":[],"meta":{},"tags":[]},{"ancestorTitles":["graph IR and candidate validation"],"fullName":"graph IR and candidate validation orders diagnostics deterministically","status":"passed","title":"orders diagnostics deterministically","duration":0.5267660000000092,"failureMessages":[],"meta":{},"tags":[]},{"ancestorTitles":["graph IR and candidate validation"],"fullName":"graph IR and candidate validation breaks diagnostic ties by code unit, not by locale collation","status":"passed","title":"breaks diagnostic ties by code unit, not by locale collation","duration":0.40148199999998724,"failureMessages":[],"meta":{},"tags":[]}],"startTime":1786678952143,"endTime":1786678952156.5269,"status":"passed","message":"","name":"/home/runner/work/motion5/motion5/packages/core/test/unit/graph/ir-validation.test.ts"},{"assertionResults":[{"ancestorTitles":["observation projection validation (X-1)"],"fullName":"observation projection validation (X-1) rejects an input projection that is neither pick nor map","status":"passed","title":"rejects an input projection that is neither pick nor map","duration":4.270477999999997,"failureMessages":[],"meta":{},"tags":[]},{"ancestorTitles":["observation projection validation (X-1)"],"fullName":"observation projection validation (X-1) accepts projected input observations without the compatibility target","status":"passed","title":"accepts projected input observations without the compatibility target","duration":1.7168050000000221,"failureMessages":[],"meta":{},"tags":[]}],"startTime":1786678955777,"endTime":1786678955782.7168,"status":"passed","message":"","name":"/home/runner/work/motion5/motion5/packages/core/test/unit/graph/observation-projection-validation.test.ts"},{"assertionResults":[{"ancestorTitles":["stable observation state"],"fullName":"stable observation state I-1 keeps a held reference authoritative across commit and rollback","status":"passed","title":"I-1 keeps a held reference authoritative across commit and rollback","duration":12.522627999999997,"failureMessages":[],"meta":{},"tags":[]},{"ancestorTitles":["stable observation state"],"fullName":"stable observation state I-1 replays the journal in reverse to restore an exact structural snapshot","status":"passed","title":"I-1 replays the journal in reverse to restore an exact structural snapshot","duration":0.9681619999999782,"failureMessages":[],"meta":{},"tags":[]},{"ancestorTitles":["stable observation state"],"fullName":"stable observation state releases the journal only after a successful commit","status":"passed","title":"releases the journal only after a successful commit","duration":3.554930000000013,"failureMessages":[],"meta":{},"tags":[]},{"ancestorTitles":["stable observation state"],"fullName":"stable observation state clears the journal after a rollback so a second rollback is a no-op","status":"passed","title":"clears the journal after a rollback so a second rollback is a no-op","duration":2.3041839999999922,"failureMessages":[],"meta":{},"tags":[]},{"ancestorTitles":["stable observation state"],"fullName":"stable observation state exposes no rebuild-from-snapshot seam","status":"passed","title":"exposes no rebuild-from-snapshot seam","duration":0.4079439999999863,"failureMessages":[],"meta":{},"tags":[]},{"ancestorTitles":["stable observation state"],"fullName":"stable observation state refuses duplicates, unknown endpoints, and removal of a connected node","status":"passed","title":"refuses duplicates, unknown endpoints, and removal of a connected node","duration":1.4622590000000173,"failureMessages":[],"meta":{},"tags":[]},{"ancestorTitles":["stable observation state"],"fullName":"stable observation state indexes both directions and orders snapshots canonically","status":"passed","title":"indexes both directions and orders snapshots canonically","duration":1.0548250000000223,"failureMessages":[],"meta":{},"tags":[]},{"ancestorTitles":["stable observation state"],"fullName":"stable observation state hands out frozen snapshots and frozen live edges","status":"passed","title":"hands out frozen snapshots and frozen live edges","duration":0.5832719999999938,"failureMessages":[],"meta":{},"tags":[]}],"startTime":1786678950856,"endTime":1786678950878.5833,"status":"passed","message":"","name":"/home/runner/work/motion5/motion5/packages/core/test/unit/graph/observation-state.test.ts"},{"assertionResults":[{"ancestorTitles":["canonical order and cycle detection"],"fullName":"canonical order and cycle detection emits every source before its observers and composes a diamond once","status":"passed","title":"emits every source before its observers and composes a diamond once","duration":3.529820000000001,"failureMessages":[],"meta":{},"tags":[]},{"ancestorTitles":["canonical order and cycle detection"],"fullName":"canonical order and cycle detection is a pure function of qualified ids and authored order, not of input order","status":"passed","title":"is a pure function of qualified ids and authored order, not of input order","duration":1.1209400000000187,"failureMessages":[],"meta":{},"tags":[]},{"ancestorTitles":["canonical order and cycle detection"],"fullName":"canonical order and cycle detection keeps disconnected components in canonical id order","status":"passed","title":"keeps disconnected components in canonical id order","duration":0.4551919999999825,"failureMessages":[],"meta":{},"tags":[]},{"ancestorTitles":["canonical order and cycle detection"],"fullName":"canonical order and cycle detection reports a self cycle as a single-node path","status":"passed","title":"reports a self cycle as a single-node path","duration":0.6528029999999774,"failureMessages":[],"meta":{},"tags":[]},{"ancestorTitles":["canonical order and cycle detection"],"fullName":"canonical order and cycle detection names the minimal path of every distinct cycle","status":"passed","title":"names the minimal path of every distinct cycle","duration":0.8428780000000131,"failureMessages":[],"meta":{},"tags":[]},{"ancestorTitles":["canonical order and cycle detection"],"fullName":"canonical order and cycle detection carries canonical order on the immutable IR","status":"passed","title":"carries canonical order on the immutable IR","duration":1.3323350000000005,"failureMessages":[],"meta":{},"tags":[]},{"ancestorTitles":["canonical order and cycle detection"],"fullName":"canonical order and cycle detection rejects a cyclic project before mount","status":"passed","title":"rejects a cyclic project before mount","duration":0.5523450000000025,"failureMessages":[],"meta":{},"tags":[]},{"ancestorTitles":["canonical order and cycle detection"],"fullName":"canonical order and cycle detection produces byte-identical diagnostics for the same cyclic input","status":"passed","title":"produces byte-identical diagnostics for the same cyclic input","duration":0.4370480000000043,"failureMessages":[],"meta":{},"tags":[]}],"startTime":1786678952060,"endTime":1786678952069.437,"status":"passed","message":"","name":"/home/runner/work/motion5/motion5/packages/core/test/unit/graph/order.test.ts"},{"assertionResults":[{"ancestorTitles":["clock and batch identity are independent (P0-1)"],"fullName":"clock and batch identity are independent (P0-1) keeps the clock running after a seek published without a frame","status":"passed","title":"keeps the clock running after a seek published without a frame","duration":6.538523999999995,"failureMessages":[],"meta":{},"tags":[]},{"ancestorTitles":["clock and batch identity are independent (P0-1)"],"fullName":"clock and batch identity are independent (P0-1) separates the clock's frame number from batch identity","status":"passed","title":"separates the clock's frame number from batch identity","duration":2.0021289999999965,"failureMessages":[],"meta":{},"tags":[]},{"ancestorTitles":["clock and batch identity are independent (P0-1)"],"fullName":"clock and batch identity are independent (P0-1) reports a failed flush as a diagnostic instead of propagating it into the clock","status":"passed","title":"reports a failed flush as a diagnostic instead of propagating it into the clock","duration":2.6338619999999935,"failureMessages":[],"meta":{},"tags":[]},{"ancestorTitles":["clock and batch identity are independent (P0-1)"],"fullName":"clock and batch identity are independent (P0-1) requests the next animation frame even when a clock listener throws","status":"passed","title":"requests the next animation frame even when a clock listener throws","duration":1.3857050000000015,"failureMessages":[],"meta":{},"tags":[]}],"startTime":1786678951651,"endTime":1786678951663.3857,"status":"passed","message":"","name":"/home/runner/work/motion5/motion5/packages/core/test/unit/runtime/clock-tick-identity.test.ts"},{"assertionResults":[{"ancestorTitles":["composition and output-shape diagnostics"],"fullName":"composition and output-shape diagnostics diagnoses a plugin returning a non-record composition value","status":"passed","title":"diagnoses a plugin returning a non-record composition value","duration":9.456198,"failureMessages":[],"meta":{},"tags":[]},{"ancestorTitles":["composition and output-shape diagnostics"],"fullName":"composition and output-shape diagnostics diagnoses an output observation whose source has already published a non-record value","status":"passed","title":"diagnoses an output observation whose source has already published a non-record value","duration":0.7953289999999811,"failureMessages":[],"meta":{},"tags":[]},{"ancestorTitles":["composition and output-shape diagnostics"],"fullName":"composition and output-shape diagnostics does not publish malformed composition values as ready patches","status":"passed","title":"does not publish malformed composition values as ready patches","duration":0.5390989999999931,"failureMessages":[],"meta":{},"tags":[]}],"startTime":1786678952304,"endTime":1786678952314.7954,"status":"passed","message":"","name":"/home/runner/work/motion5/motion5/packages/core/test/unit/runtime/composition-output-shape.test.ts"},{"assertionResults":[{"ancestorTitles":["PatchRegistry: listener snapshots (recovery P1-6)"],"fullName":"PatchRegistry: listener snapshots (recovery P1-6) delivers a settled batch to a node listener that an earlier listener unsubscribed","status":"passed","title":"delivers a settled batch to a node listener that an earlier listener unsubscribed","duration":4.245379999999983,"failureMessages":[],"meta":{},"tags":[]},{"ancestorTitles":["PatchRegistry: listener snapshots (recovery P1-6)"],"fullName":"PatchRegistry: listener snapshots (recovery P1-6) does not deliver a settled batch to a node listener subscribed during notification","status":"passed","title":"does not deliver a settled batch to a node listener subscribed during notification","duration":0.7475199999999802,"failureMessages":[],"meta":{},"tags":[]},{"ancestorTitles":["PatchRegistry: listener snapshots (recovery P1-6)"],"fullName":"PatchRegistry: listener snapshots (recovery P1-6) node and batch listeners follow the same snapshot rule","status":"passed","title":"node and batch listeners follow the same snapshot rule","duration":0.538737999999995,"failureMessages":[],"meta":{},"tags":[]}],"startTime":1786678954643,"endTime":1786678954648.7476,"status":"passed","message":"","name":"/home/runner/work/motion5/motion5/packages/core/test/unit/runtime/patch-registry-listener-snapshot.test.ts"},{"assertionResults":[{"ancestorTitles":["PatchRegistry: structural change detection (recovery P1-5)"],"fullName":"PatchRegistry: structural change detection (recovery P1-5) suppresses the republish when a freshly allocated nested record is structurally equal","status":"passed","title":"suppresses the republish when a freshly allocated nested record is structurally equal","duration":3.8385179999999934,"failureMessages":[],"meta":{},"tags":[]},{"ancestorTitles":["PatchRegistry: structural change detection (recovery P1-5)"],"fullName":"PatchRegistry: structural change detection (recovery P1-5) key insertion order inside a nested record is not a change","status":"passed","title":"key insertion order inside a nested record is not a change","duration":0.7219419999999843,"failureMessages":[],"meta":{},"tags":[]},{"ancestorTitles":["PatchRegistry: structural change detection (recovery P1-5)"],"fullName":"PatchRegistry: structural change detection (recovery P1-5) republishes when a nested value actually changes","status":"passed","title":"republishes when a nested value actually changes","duration":0.35920200000001046,"failureMessages":[],"meta":{},"tags":[]},{"ancestorTitles":["PatchRegistry: structural change detection (recovery P1-5)"],"fullName":"PatchRegistry: structural change detection (recovery P1-5) republishes when only the order of a nested array changes","status":"passed","title":"republishes when only the order of a nested array changes","duration":0.6160940000000039,"failureMessages":[],"meta":{},"tags":[]},{"ancestorTitles":["PatchRegistry: structural change detection (recovery P1-5)"],"fullName":"PatchRegistry: structural change detection (recovery P1-5) republishes when only a source revision changes","status":"passed","title":"republishes when only a source revision changes","duration":0.6624099999999942,"failureMessages":[],"meta":{},"tags":[]},{"ancestorTitles":["PatchRegistry: structural change detection (recovery P1-5)"],"fullName":"PatchRegistry: structural change detection (recovery P1-5) diagnostics equality is field-wise, so key order is not a change","status":"passed","title":"diagnostics equality is field-wise, so key order is not a change","duration":0.6750239999999792,"failureMessages":[],"meta":{},"tags":[]},{"ancestorTitles":["PatchRegistry: structural change detection (recovery P1-5)"],"fullName":"PatchRegistry: structural change detection (recovery P1-5) republishes when a diagnostic field actually changes","status":"passed","title":"republishes when a diagnostic field actually changes","duration":0.6205719999999815,"failureMessages":[],"meta":{},"tags":[]}],"startTime":1786678951867,"endTime":1786678951874.675,"status":"passed","message":"","name":"/home/runner/work/motion5/motion5/packages/core/test/unit/runtime/patch-registry-structural-change.test.ts"},{"assertionResults":[{"ancestorTitles":["PatchRegistry: subscriber error handling (recovery A2)"],"fullName":"PatchRegistry: subscriber error handling (recovery A2) a throwing node subscriber does not prevent other subscribers from being notified","status":"passed","title":"a throwing node subscriber does not prevent other subscribers from being notified","duration":4.0578490000000045,"failureMessages":[],"meta":{},"tags":[]},{"ancestorTitles":["PatchRegistry: subscriber error handling (recovery A2)"],"fullName":"PatchRegistry: subscriber error handling (recovery A2) closeBatch always fully resets its internal state, even when a subscriber throws, so the next beginBatch succeeds","status":"passed","title":"closeBatch always fully resets its internal state, even when a subscriber throws, so the next beginBatch succeeds","duration":0.7773959999999818,"failureMessages":[],"meta":{},"tags":[]},{"ancestorTitles":["PatchRegistry: subscriber error handling (recovery A2)"],"fullName":"PatchRegistry: subscriber error handling (recovery A2) the real caller's original error is not replaced by a recovery close attempt (GraphPublisher-shaped scenario)","status":"passed","title":"the real caller's original error is not replaced by a recovery close attempt (GraphPublisher-shaped scenario)","duration":0.35102699999998777,"failureMessages":[],"meta":{},"tags":[]},{"ancestorTitles":["PatchRegistry: subscriber error handling (recovery A2)"],"fullName":"PatchRegistry: subscriber error handling (recovery A2) GraphPublisher.flush() surfaces the real subscriber error, not a masked 'No patch batch is open'","status":"passed","title":"GraphPublisher.flush() surfaces the real subscriber error, not a masked 'No patch batch is open'","duration":1.4530710000000227,"failureMessages":[],"meta":{},"tags":[]}],"startTime":1786678952895,"endTime":1786678952901.4531,"status":"passed","message":"","name":"/home/runner/work/motion5/motion5/packages/core/test/unit/runtime/patch-registry-subscriber-errors.test.ts"},{"assertionResults":[{"ancestorTitles":["PatchRegistry"],"fullName":"PatchRegistry I-7 deeply freezes published patches and batches","status":"passed","title":"I-7 deeply freezes published patches and batches","duration":3.371533999999997,"failureMessages":[],"meta":{},"tags":[]},{"ancestorTitles":["PatchRegistry"],"fullName":"PatchRegistry I-8 suppresses unchanged republish and advances revisions only on change","status":"passed","title":"I-8 suppresses unchanged republish and advances revisions only on change","duration":1.049254000000019,"failureMessages":[],"meta":{},"tags":[]},{"ancestorTitles":["PatchRegistry"],"fullName":"PatchRegistry I-6 notifies node subscribers before batch subscribers and safely snapshots listeners","status":"passed","title":"I-6 notifies node subscribers before batch subscribers and safely snapshots listeners","duration":1.24733599999999,"failureMessages":[],"meta":{},"tags":[]},{"ancestorTitles":["PatchRegistry"],"fullName":"PatchRegistry does not notify subscribers for an unchanged publish","status":"passed","title":"does not notify subscribers for an unchanged publish","duration":0.43396299999997723,"failureMessages":[],"meta":{},"tags":[]},{"ancestorTitles":["PatchRegistry"],"fullName":"PatchRegistry rejects opening a second empty batch and closing without an open batch","status":"passed","title":"rejects opening a second empty batch and closing without an open batch","duration":1.7875270000000114,"failureMessages":[],"meta":{},"tags":[]}],"startTime":1786678953627,"endTime":1786678953634.7876,"status":"passed","message":"","name":"/home/runner/work/motion5/motion5/packages/core/test/unit/runtime/patch-registry.test.ts"},{"assertionResults":[{"ancestorTitles":["flat projected input observations (X-1)"],"fullName":"flat projected input observations (X-1) merges an upstream record into the observer source object","status":"passed","title":"merges an upstream record into the observer source object","duration":4.1148159999999905,"failureMessages":[],"meta":{},"tags":[]},{"ancestorTitles":["flat projected input observations (X-1)"],"fullName":"flat projected input observations (X-1) applies an explicit pick projection before merging input keys","status":"passed","title":"applies an explicit pick projection before merging input keys","duration":0.6963730000000226,"failureMessages":[],"meta":{},"tags":[]},{"ancestorTitles":["flat projected input observations (X-1)"],"fullName":"flat projected input observations (X-1) rejects colliding projected keys instead of silently overwriting","status":"passed","title":"rejects colliding projected keys instead of silently overwriting","duration":1.1135850000000005,"failureMessages":[],"meta":{},"tags":[]}],"startTime":1786678951427,"endTime":1786678951433.1135,"status":"passed","message":"","name":"/home/runner/work/motion5/motion5/packages/core/test/unit/runtime/publisher-flat-inputs.test.ts"},{"assertionResults":[{"ancestorTitles":["subscriber-triggered reentrancy (recovery A3)"],"fullName":"subscriber-triggered reentrancy (recovery A3) defers a subscriber-triggered invalidate instead of running it inside the current flush","status":"passed","title":"defers a subscriber-triggered invalidate instead of running it inside the current flush","duration":7.060982000000024,"failureMessages":[],"meta":{},"tags":[]},{"ancestorTitles":["subscriber-triggered reentrancy (recovery A3)"],"fullName":"subscriber-triggered reentrancy (recovery A3) runs the queued follow-up exactly once on the next tick and then clears it","status":"passed","title":"runs the queued follow-up exactly once on the next tick and then clears it","duration":1.5043270000000462,"failureMessages":[],"meta":{},"tags":[]},{"ancestorTitles":["subscriber-triggered reentrancy (recovery A3)"],"fullName":"subscriber-triggered reentrancy (recovery A3) coalesces several subscriber-triggered invalidations into one follow-up","status":"passed","title":"coalesces several subscriber-triggered invalidations into one follow-up","duration":0.7646219999999744,"failureMessages":[],"meta":{},"tags":[]},{"ancestorTitles":["subscriber-triggered reentrancy (recovery A3)"],"fullName":"subscriber-triggered reentrancy (recovery A3) refuses to open a second batch while subscribers are being notified","status":"passed","title":"refuses to open a second batch while subscribers are being notified","duration":1.3102630000000204,"failureMessages":[],"meta":{},"tags":[]},{"ancestorTitles":["subscriber-triggered reentrancy (recovery A3)"],"fullName":"subscriber-triggered reentrancy (recovery A3) rejects a direct publisher flush from inside a subscriber and stays reusable","status":"passed","title":"rejects a direct publisher flush from inside a subscriber and stays reusable","duration":1.1363380000000234,"failureMessages":[],"meta":{},"tags":[]}],"startTime":1786678950615,"endTime":1786678950627.1362,"status":"passed","message":"","name":"/home/runner/work/motion5/motion5/packages/core/test/unit/runtime/publisher-reentrancy.test.ts"},{"assertionResults":[{"ancestorTitles":["scheduler-driven reentrancy (P1-7/P1-8)"],"fullName":"scheduler-driven reentrancy (P1-7/P1-8) drains a subscriber invalidation with zero clock ticks","status":"passed","title":"drains a subscriber invalidation with zero clock ticks","duration":6.9152500000000146,"failureMessages":[],"meta":{},"tags":[]},{"ancestorTitles":["scheduler-driven reentrancy (P1-7/P1-8)"],"fullName":"scheduler-driven reentrancy (P1-7/P1-8) coalesces repeated invalidations into one scheduled follow-up","status":"passed","title":"coalesces repeated invalidations into one scheduled follow-up","duration":2.770627999999988,"failureMessages":[],"meta":{},"tags":[]},{"ancestorTitles":["scheduler-driven reentrancy (P1-7/P1-8)"],"fullName":"scheduler-driven reentrancy (P1-7/P1-8) retries scheduling after a synchronous scheduler failure","status":"passed","title":"retries scheduling after a synchronous scheduler failure","duration":1.4165530000000217,"failureMessages":[],"meta":{},"tags":[]},{"ancestorTitles":["scheduler-driven reentrancy (P1-7/P1-8)"],"fullName":"scheduler-driven reentrancy (P1-7/P1-8) does not expose the publisher as a second public reentrancy entry point","status":"passed","title":"does not expose the publisher as a second public reentrancy entry point","duration":0.6225959999999873,"failureMessages":[],"meta":{},"tags":[]}],"startTime":1786678952962,"endTime":1786678952973.6226,"status":"passed","message":"","name":"/home/runner/work/motion5/motion5/packages/core/test/unit/runtime/scheduler-reentrancy.test.ts"},{"assertionResults":[{"ancestorTitles":["acceptance mapping scan (D3)"],"fullName":"acceptance mapping scan (D3) passes the repository map","status":"passed","title":"passes the repository map","duration":7.295280999999989,"failureMessages":[],"meta":{},"tags":[]},{"ancestorTitles":["acceptance mapping scan (D3)"],"fullName":"acceptance mapping scan (D3) reports a mapped test that does not exist","status":"passed","title":"reports a mapped test that does not exist","duration":3.9148309999999924,"failureMessages":[],"meta":{},"tags":[]},{"ancestorTitles":["acceptance mapping scan (D3)"],"fullName":"acceptance mapping scan (D3) reports duplicate acceptance ids","status":"passed","title":"reports duplicate acceptance ids","duration":2.1711760000000027,"failureMessages":[],"meta":{},"tags":[]}],"startTime":1786678955717,"endTime":1786678955730.1711,"status":"passed","message":"","name":"/home/runner/work/motion5/motion5/packages/core/test/unit/scripts/acceptance-scan.test.ts"},{"assertionResults":[{"ancestorTitles":["boundary scan predicates"],"fullName":"boundary scan predicates passes a clean fixture","status":"passed","title":"passes a clean fixture","duration":4.716332000000023,"failureMessages":[],"meta":{},"tags":[]},{"ancestorTitles":["boundary scan predicates"],"fullName":"boundary scan predicates fails on renderer and animation-engine imports","status":"passed","title":"fails on renderer and animation-engine imports","duration":3.080709000000013,"failureMessages":[],"meta":{},"tags":[]},{"ancestorTitles":["boundary scan predicates"],"fullName":"boundary scan predicates fails on banned compatibility vocabulary","status":"passed","title":"fails on banned compatibility vocabulary","duration":0.3703530000000228,"failureMessages":[],"meta":{},"tags":[]},{"ancestorTitles":["boundary scan predicates"],"fullName":"boundary scan predicates fails on a consumer reaching into core source internals","status":"passed","title":"fails on a consumer reaching into core source internals","duration":0.6718680000000177,"failureMessages":[],"meta":{},"tags":[]},{"ancestorTitles":["boundary scan predicates"],"fullName":"boundary scan predicates extracts exports outside the public allow list","status":"passed","title":"extracts exports outside the public allow list","duration":1.927548999999999,"failureMessages":[],"meta":{},"tags":[]},{"ancestorTitles":["boundary scan planted violations"],"fullName":"boundary scan planted violations reports every planted violation class through the shipped scanner","status":"passed","title":"reports every planted violation class through the shipped scanner","duration":37.61988200000002,"failureMessages":[],"meta":{},"tags":[]},{"ancestorTitles":["boundary scan planted violations"],"fullName":"boundary scan planted violations reads a core package entry that is not engine.ts","status":"passed","title":"reads a core package entry that is not engine.ts","duration":12.81976400000002,"failureMessages":[],"meta":{},"tags":[]},{"ancestorTitles":["boundary scan planted violations"],"fullName":"boundary scan planted violations discovers a consumer package that no list mentions","status":"passed","title":"discovers a consumer package that no list mentions","duration":7.208859999999959,"failureMessages":[],"meta":{},"tags":[]},{"ancestorTitles":["boundary scan planted violations"],"fullName":"boundary scan planted violations keeps a consumer renderer import legal","status":"passed","title":"keeps a consumer renderer import legal","duration":8.940392000000031,"failureMessages":[],"meta":{},"tags":[]},{"ancestorTitles":["boundary scan planted violations"],"fullName":"boundary scan planted violations executes the shipped scanner against the current tree","status":"passed","title":"executes the shipped scanner against the current tree","duration":8.911999000000037,"failureMessages":[],"meta":{},"tags":[]}],"startTime":1786678951424,"endTime":1786678951513.912,"status":"passed","message":"","name":"/home/runner/work/motion5/motion5/packages/core/test/unit/scripts/boundary-scan.test.ts"},{"assertionResults":[{"ancestorTitles":["recovery governance gates (G-1/G-3/G-4/G-5/G-7)"],"fullName":"recovery governance gates (G-1/G-3/G-4/G-5/G-7) builds publishable package declarations instead of declaring source as the package","status":"passed","title":"builds publishable package declarations instead of declaring source as the package","duration":5.490961999999996,"failureMessages":[],"meta":{},"tags":[]},{"ancestorTitles":["recovery governance gates (G-1/G-3/G-4/G-5/G-7)"],"fullName":"recovery governance gates (G-1/G-3/G-4/G-5/G-7) requires acceptance to prove mapped tests passed in the executed report","status":"passed","title":"requires acceptance to prove mapped tests passed in the executed report","duration":0.9325369999999964,"failureMessages":[],"meta":{},"tags":[]},{"ancestorTitles":["recovery governance gates (G-1/G-3/G-4/G-5/G-7)"],"fullName":"recovery governance gates (G-1/G-3/G-4/G-5/G-7) requires failing-first to distinguish assertion red from infrastructure red","status":"passed","title":"requires failing-first to distinguish assertion red from infrastructure red","duration":0.8662919999999872,"failureMessages":[],"meta":{},"tags":[]},{"ancestorTitles":["recovery governance gates (G-1/G-3/G-4/G-5/G-7)"],"fullName":"recovery governance gates (G-1/G-3/G-4/G-5/G-7) reports mutation score with one denominator and enforces a threshold","status":"passed","title":"reports mutation score with one denominator and enforces a threshold","duration":0.8160680000000013,"failureMessages":[],"meta":{},"tags":[]},{"ancestorTitles":["recovery governance gates (G-1/G-3/G-4/G-5/G-7)"],"fullName":"recovery governance gates (G-1/G-3/G-4/G-5/G-7) puts build and end-to-end on the required CI path","status":"passed","title":"puts build and end-to-end on the required CI path","duration":0.8693879999999865,"failureMessages":[],"meta":{},"tags":[]}],"startTime":1786678954692,"endTime":1786678954700.8694,"status":"passed","message":"","name":"/home/runner/work/motion5/motion5/packages/core/test/unit/scripts/governance-gates.test.ts"},{"assertionResults":[{"ancestorTitles":["mutation gate configuration (E3)"],"fullName":"mutation gate configuration (E3) uses the Vitest 4-compatible runner and emits the audit JSON report","status":"passed","title":"uses the Vitest 4-compatible runner and emits the audit JSON report","duration":6.949173000000002,"failureMessages":[],"meta":{},"tags":[]}],"startTime":1786678955902,"endTime":1786678955908.9492,"status":"passed","message":"","name":"/home/runner/work/motion5/motion5/packages/core/test/unit/scripts/mutation-config.test.ts"},{"assertionResults":[{"ancestorTitles":["public declaration surface (P1-9)"],"fullName":"public declaration surface (P1-9) scans the emitted entry declaration closure, not just source strings","status":"passed","title":"scans the emitted entry declaration closure, not just source strings","duration":3361.161593,"failureMessages":[],"meta":{},"tags":[]},{"ancestorTitles":["public declaration surface (P1-9)"],"fullName":"public declaration surface (P1-9) resolves every declaration specifier shape and leaves unknown targets unresolved","status":"passed","title":"resolves every declaration specifier shape and leaves unknown targets unresolved","duration":0.7226140000002488,"failureMessages":[],"meta":{},"tags":[]},{"ancestorTitles":["public declaration surface (P1-9)"],"fullName":"public declaration surface (P1-9) reads relative specifiers from re-exports and inline dynamic type imports","status":"passed","title":"reads relative specifiers from re-exports and inline dynamic type imports","duration":0.2420830000000933,"failureMessages":[],"meta":{},"tags":[]}],"startTime":1786678950491,"endTime":1786678953853.2422,"status":"passed","message":"","name":"/home/runner/work/motion5/motion5/packages/core/test/unit/scripts/public-declaration-surface.test.ts"},{"assertionResults":[{"ancestorTitles":["S7 recovery audit workflow"],"fullName":"S7 recovery audit workflow ships the executable audit contract instead of a documentation-only checklist","status":"passed","title":"ships the executable audit contract instead of a documentation-only checklist","duration":2.844992000000019,"failureMessages":[],"meta":{},"tags":[]}],"startTime":1786678956281,"endTime":1786678956283.845,"status":"passed","message":"","name":"/home/runner/work/motion5/motion5/packages/core/test/unit/scripts/s7-recovery-audit.test.ts"}]}